-- The C compiler identification is GNU 12.3.0
-- The CXX compiler identification is GNU 11.4.0
-- Detecting C compiler ABI info
-- Detecting C compiler ABI info - done
-- Check for working C compiler: /usr/bin/cc - skipped
-- Detecting C compile features
-- Detecting C compile features - done
-- Detecting CXX compiler ABI info
-- Detecting CXX compiler ABI info - done
-- Check for working CXX compiler: /usr/bin/c++ - skipped
-- Detecting CXX compile features
-- Detecting CXX compile features - done
-- Found ament_cmake: 1.3.10 (/opt/ros/humble/share/ament_cmake/cmake)
-- Found Python3: /usr/bin/python3 (found version "3.10.12") found components: Interpreter 
-- Found rclcpp: 16.0.10 (/opt/ros/humble/share/rclcpp/cmake)
-- Found rosidl_generator_c: 3.1.5 (/opt/ros/humble/share/rosidl_generator_c/cmake)
-- Found rosidl_adapter: 3.1.5 (/opt/ros/humble/share/rosidl_adapter/cmake)
-- Found rosidl_generator_cpp: 3.1.5 (/opt/ros/humble/share/rosidl_generator_cpp/cmake)
-- Using all available rosidl_typesupport_c: rosidl_typesupport_fastrtps_c;rosidl_typesupport_introspection_c
-- Using all available rosidl_typesupport_cpp: rosidl_typesupport_fastrtps_cpp;rosidl_typesupport_introspection_cpp
-- Found rmw_implementation_cmake: 6.1.2 (/opt/ros/humble/share/rmw_implementation_cmake/cmake)
-- Found rmw_fastrtps_cpp: 6.2.7 (/opt/ros/humble/share/rmw_fastrtps_cpp/cmake)
-- Found OpenSSL: /usr/lib/x86_64-linux-gnu/libcrypto.so (found version "3.0.2")  
-- Found FastRTPS: /opt/ros/humble/include  
-- Using RMW implementation 'rmw_fastrtps_cpp' as default
-- Looking for pthread.h
-- Looking for pthread.h - found
-- Performing Test CMAKE_HAVE_LIBC_PTHREAD
-- Performing Test CMAKE_HAVE_LIBC_PTHREAD - Success
-- Found Threads: TRUE  
-- Found nav_msgs: 4.2.4 (/opt/ros/humble/share/nav_msgs/cmake)
-- Found ament_lint_auto: 0.12.11 (/opt/ros/humble/share/ament_lint_auto/cmake)
-- Added test 'cppcheck' to perform static code analysis on C / C++ code
-- Configured cppcheck include dirs: $<BUILD_INTERFACE:/home/javier/puzzlebot_ws/src/puzzlebot_odometry/include>
-- Configured cppcheck exclude dirs and/or files: 
-- Added test 'lint_cmake' to check CMake code style
-- Added test 'uncrustify' to check C / C++ code style
-- Configured uncrustify additional arguments: 
-- Added test 'xmllint' to check XML markup files
-- Configuring done
-- Generating done
-- Build files have been written to: /home/javier/puzzlebot_ws/src/build/puzzlebot_odometry
[ 50%] [32mBuilding CXX object CMakeFiles/puzzlebot_odometry.dir/src/puzzlebot_odometry.cpp.o[0m
[01m[K/home/javier/puzzlebot_ws/src/puzzlebot_odometry/src/puzzlebot_odometry.cpp:[m[K In member function ‘[01m[Kvoid Puzzlebot_Odometry::run_node(float)[m[K’:
[01m[K/home/javier/puzzlebot_ws/src/puzzlebot_odometry/src/puzzlebot_odometry.cpp:85:13:[m[K [01;35m[Kwarning: [m[Kunused variable ‘[01m[Ky_vel[m[K’ [[01;35m[K]8;;https://gcc.gnu.org/onlinedocs/gcc/Warning-Options.html#index-Wunused-variable-Wunused-variable]8;;[m[K]
   85 |       float [01;35m[Ky_vel[m[K = v * sin(theta);
      |             [01;35m[K^~~~~[m[K
[100%] [32m[1mLinking CXX executable puzzlebot_odometry[0m
[100%] Built target puzzlebot_odometry
-- Install configuration: ""
-- Installing: /home/javier/puzzlebot_ws/src/install/puzzlebot_odometry/lib/puzzlebot_odometry/puzzlebot_odometry
-- Set runtime path of "/home/javier/puzzlebot_ws/src/install/puzzlebot_odometry/lib/puzzlebot_odometry/puzzlebot_odometry" to ""
-- Installing: /home/javier/puzzlebot_ws/src/install/puzzlebot_odometry/share/ament_index/resource_index/package_run_dependencies/puzzlebot_odometry
-- Installing: /home/javier/puzzlebot_ws/src/install/puzzlebot_odometry/share/ament_index/resource_index/parent_prefix_path/puzzlebot_odometry
-- Installing: /home/javier/puzzlebot_ws/src/install/puzzlebot_odometry/share/puzzlebot_odometry/environment/ament_prefix_path.sh
-- Installing: /home/javier/puzzlebot_ws/src/install/puzzlebot_odometry/share/puzzlebot_odometry/environment/ament_prefix_path.dsv
-- Installing: /home/javier/puzzlebot_ws/src/install/puzzlebot_odometry/share/puzzlebot_odometry/environment/path.sh
-- Installing: /home/javier/puzzlebot_ws/src/install/puzzlebot_odometry/share/puzzlebot_odometry/environment/path.dsv
-- Installing: /home/javier/puzzlebot_ws/src/install/puzzlebot_odometry/share/puzzlebot_odometry/local_setup.bash
-- Installing: /home/javier/puzzlebot_ws/src/install/puzzlebot_odometry/share/puzzlebot_odometry/local_setup.sh
-- Installing: /home/javier/puzzlebot_ws/src/install/puzzlebot_odometry/share/puzzlebot_odometry/local_setup.zsh
-- Installing: /home/javier/puzzlebot_ws/src/install/puzzlebot_odometry/share/puzzlebot_odometry/local_setup.dsv
-- Installing: /home/javier/puzzlebot_ws/src/install/puzzlebot_odometry/share/puzzlebot_odometry/package.dsv
-- Installing: /home/javier/puzzlebot_ws/src/install/puzzlebot_odometry/share/ament_index/resource_index/packages/puzzlebot_odometry
-- Installing: /home/javier/puzzlebot_ws/src/install/puzzlebot_odometry/share/puzzlebot_odometry/cmake/puzzlebot_odometryConfig.cmake
-- Installing: /home/javier/puzzlebot_ws/src/install/puzzlebot_odometry/share/puzzlebot_odometry/cmake/puzzlebot_odometryConfig-version.cmake
-- Installing: /home/javier/puzzlebot_ws/src/install/puzzlebot_odometry/share/puzzlebot_odometry/package.xml
