[0.269s] Invoking command in '/home/javier/puzzlebot_ws/src/build/puzzlebot_odometry': CMAKE_PREFIX_PATH=/home/javier/puzzlebot_ws/install/puzzlebot_odometry:/home/javier/puzzlebot_ws/install/wago_plc:/home/javier/puzzlebot_ws/install/robot_tf2_broadcaster:/home/javier/puzzlebot_ws/install/robot_pose_estimator:/opt/ros/humble:/home/javier/puzzlebot_ws/install/puzzlebot_model:/home/javier/puzzlebot_ws/install/image_stream:/home/javier/puzzlebot_ws/install/aruco_detection /usr/bin/cmake /home/javier/puzzlebot_ws/src/puzzlebot_odometry -DCMAKE_INSTALL_PREFIX=/home/javier/puzzlebot_ws/src/install/puzzlebot_odometry
[2.785s] -- The C compiler identification is GNU 12.3.0
[3.078s] -- The CXX compiler identification is GNU 11.4.0
[3.141s] -- Detecting C compiler ABI info
[3.243s] -- Detecting C compiler ABI info - done
[3.250s] -- Check for working C compiler: /usr/bin/cc - skipped
[3.250s] -- Detecting C compile features
[3.259s] -- Detecting C compile features - done
[3.263s] -- Detecting CXX compiler ABI info
[3.356s] -- Detecting CXX compiler ABI info - done
[3.368s] -- Check for working CXX compiler: /usr/bin/c++ - skipped
[3.369s] -- Detecting CXX compile features
[3.369s] -- Detecting CXX compile features - done
[3.376s] -- Found ament_cmake: 1.3.10 (/opt/ros/humble/share/ament_cmake/cmake)
[3.843s] -- Found Python3: /usr/bin/python3 (found version "3.10.12") found components: Interpreter 
[4.085s] -- Found rclcpp: 16.0.10 (/opt/ros/humble/share/rclcpp/cmake)
[4.320s] -- Found rosidl_generator_c: 3.1.5 (/opt/ros/humble/share/rosidl_generator_c/cmake)
[4.376s] -- Found rosidl_adapter: 3.1.5 (/opt/ros/humble/share/rosidl_adapter/cmake)
[4.447s] -- Found rosidl_generator_cpp: 3.1.5 (/opt/ros/humble/share/rosidl_generator_cpp/cmake)
[4.508s] -- Using all available rosidl_typesupport_c: rosidl_typesupport_fastrtps_c;rosidl_typesupport_introspection_c
[4.559s] -- Using all available rosidl_typesupport_cpp: rosidl_typesupport_fastrtps_cpp;rosidl_typesupport_introspection_cpp
[4.917s] -- Found rmw_implementation_cmake: 6.1.2 (/opt/ros/humble/share/rmw_implementation_cmake/cmake)
[4.938s] -- Found rmw_fastrtps_cpp: 6.2.7 (/opt/ros/humble/share/rmw_fastrtps_cpp/cmake)
[5.272s] -- Found OpenSSL: /usr/lib/x86_64-linux-gnu/libcrypto.so (found version "3.0.2")  
[5.322s] -- Found FastRTPS: /opt/ros/humble/include  
[5.361s] -- Using RMW implementation 'rmw_fastrtps_cpp' as default
[5.425s] -- Looking for pthread.h
[5.534s] -- Looking for pthread.h - found
[5.534s] -- Performing Test CMAKE_HAVE_LIBC_PTHREAD
[5.601s] -- Performing Test CMAKE_HAVE_LIBC_PTHREAD - Success
[5.602s] -- Found Threads: TRUE  
[5.909s] -- Found nav_msgs: 4.2.4 (/opt/ros/humble/share/nav_msgs/cmake)
[6.070s] -- Found ament_lint_auto: 0.12.11 (/opt/ros/humble/share/ament_lint_auto/cmake)
[6.331s] -- Added test 'cppcheck' to perform static code analysis on C / C++ code
[6.331s] -- Configured cppcheck include dirs: $<BUILD_INTERFACE:/home/javier/puzzlebot_ws/src/puzzlebot_odometry/include>
[6.331s] -- Configured cppcheck exclude dirs and/or files: 
[6.333s] -- Added test 'lint_cmake' to check CMake code style
[6.336s] -- Added test 'uncrustify' to check C / C++ code style
[6.336s] -- Configured uncrustify additional arguments: 
[6.337s] -- Added test 'xmllint' to check XML markup files
[6.341s] -- Configuring done
[6.352s] -- Generating done
[6.354s] -- Build files have been written to: /home/javier/puzzlebot_ws/src/build/puzzlebot_odometry
[6.364s] Invoked command in '/home/javier/puzzlebot_ws/src/build/puzzlebot_odometry' returned '0': CMAKE_PREFIX_PATH=/home/javier/puzzlebot_ws/install/puzzlebot_odometry:/home/javier/puzzlebot_ws/install/wago_plc:/home/javier/puzzlebot_ws/install/robot_tf2_broadcaster:/home/javier/puzzlebot_ws/install/robot_pose_estimator:/opt/ros/humble:/home/javier/puzzlebot_ws/install/puzzlebot_model:/home/javier/puzzlebot_ws/install/image_stream:/home/javier/puzzlebot_ws/install/aruco_detection /usr/bin/cmake /home/javier/puzzlebot_ws/src/puzzlebot_odometry -DCMAKE_INSTALL_PREFIX=/home/javier/puzzlebot_ws/src/install/puzzlebot_odometry
[6.366s] Invoking command in '/home/javier/puzzlebot_ws/src/build/puzzlebot_odometry': CMAKE_PREFIX_PATH=/home/javier/puzzlebot_ws/install/puzzlebot_odometry:/home/javier/puzzlebot_ws/install/wago_plc:/home/javier/puzzlebot_ws/install/robot_tf2_broadcaster:/home/javier/puzzlebot_ws/install/robot_pose_estimator:/opt/ros/humble:/home/javier/puzzlebot_ws/install/puzzlebot_model:/home/javier/puzzlebot_ws/install/image_stream:/home/javier/puzzlebot_ws/install/aruco_detection /usr/bin/cmake --build /home/javier/puzzlebot_ws/src/build/puzzlebot_odometry -- -j12 -l12
[6.410s] [ 50%] [32mBuilding CXX object CMakeFiles/puzzlebot_odometry.dir/src/puzzlebot_odometry.cpp.o[0m
[8.872s] [01m[K/home/javier/puzzlebot_ws/src/puzzlebot_odometry/src/puzzlebot_odometry.cpp:[m[K In member function ‘[01m[Kvoid Puzzlebot_Odometry::run_node(float)[m[K’:
[8.872s] [01m[K/home/javier/puzzlebot_ws/src/puzzlebot_odometry/src/puzzlebot_odometry.cpp:85:13:[m[K [01;35m[Kwarning: [m[Kunused variable ‘[01m[Ky_vel[m[K’ [[01;35m[K]8;;https://gcc.gnu.org/onlinedocs/gcc/Warning-Options.html#index-Wunused-variable-Wunused-variable]8;;[m[K]
[8.872s]    85 |       float [01;35m[Ky_vel[m[K = v * sin(theta);
[8.872s]       |             [01;35m[K^~~~~[m[K
[14.055s] [100%] [32m[1mLinking CXX executable puzzlebot_odometry[0m
[14.393s] [100%] Built target puzzlebot_odometry
[14.402s] Invoked command in '/home/javier/puzzlebot_ws/src/build/puzzlebot_odometry' returned '0': CMAKE_PREFIX_PATH=/home/javier/puzzlebot_ws/install/puzzlebot_odometry:/home/javier/puzzlebot_ws/install/wago_plc:/home/javier/puzzlebot_ws/install/robot_tf2_broadcaster:/home/javier/puzzlebot_ws/install/robot_pose_estimator:/opt/ros/humble:/home/javier/puzzlebot_ws/install/puzzlebot_model:/home/javier/puzzlebot_ws/install/image_stream:/home/javier/puzzlebot_ws/install/aruco_detection /usr/bin/cmake --build /home/javier/puzzlebot_ws/src/build/puzzlebot_odometry -- -j12 -l12
[14.424s] Invoking command in '/home/javier/puzzlebot_ws/src/build/puzzlebot_odometry': CMAKE_PREFIX_PATH=/home/javier/puzzlebot_ws/install/puzzlebot_odometry:/home/javier/puzzlebot_ws/install/wago_plc:/home/javier/puzzlebot_ws/install/robot_tf2_broadcaster:/home/javier/puzzlebot_ws/install/robot_pose_estimator:/opt/ros/humble:/home/javier/puzzlebot_ws/install/puzzlebot_model:/home/javier/puzzlebot_ws/install/image_stream:/home/javier/puzzlebot_ws/install/aruco_detection /usr/bin/cmake --install /home/javier/puzzlebot_ws/src/build/puzzlebot_odometry
[14.431s] -- Install configuration: ""
[14.431s] -- Installing: /home/javier/puzzlebot_ws/src/install/puzzlebot_odometry/lib/puzzlebot_odometry/puzzlebot_odometry
[14.434s] -- Set runtime path of "/home/javier/puzzlebot_ws/src/install/puzzlebot_odometry/lib/puzzlebot_odometry/puzzlebot_odometry" to ""
[14.434s] -- Installing: /home/javier/puzzlebot_ws/src/install/puzzlebot_odometry/share/ament_index/resource_index/package_run_dependencies/puzzlebot_odometry
[14.434s] -- Installing: /home/javier/puzzlebot_ws/src/install/puzzlebot_odometry/share/ament_index/resource_index/parent_prefix_path/puzzlebot_odometry
[14.434s] -- Installing: /home/javier/puzzlebot_ws/src/install/puzzlebot_odometry/share/puzzlebot_odometry/environment/ament_prefix_path.sh
[14.434s] -- Installing: /home/javier/puzzlebot_ws/src/install/puzzlebot_odometry/share/puzzlebot_odometry/environment/ament_prefix_path.dsv
[14.434s] -- Installing: /home/javier/puzzlebot_ws/src/install/puzzlebot_odometry/share/puzzlebot_odometry/environment/path.sh
[14.435s] -- Installing: /home/javier/puzzlebot_ws/src/install/puzzlebot_odometry/share/puzzlebot_odometry/environment/path.dsv
[14.435s] -- Installing: /home/javier/puzzlebot_ws/src/install/puzzlebot_odometry/share/puzzlebot_odometry/local_setup.bash
[14.435s] -- Installing: /home/javier/puzzlebot_ws/src/install/puzzlebot_odometry/share/puzzlebot_odometry/local_setup.sh
[14.435s] -- Installing: /home/javier/puzzlebot_ws/src/install/puzzlebot_odometry/share/puzzlebot_odometry/local_setup.zsh
[14.435s] -- Installing: /home/javier/puzzlebot_ws/src/install/puzzlebot_odometry/share/puzzlebot_odometry/local_setup.dsv
[14.435s] -- Installing: /home/javier/puzzlebot_ws/src/install/puzzlebot_odometry/share/puzzlebot_odometry/package.dsv
[14.435s] -- Installing: /home/javier/puzzlebot_ws/src/install/puzzlebot_odometry/share/ament_index/resource_index/packages/puzzlebot_odometry
[14.435s] -- Installing: /home/javier/puzzlebot_ws/src/install/puzzlebot_odometry/share/puzzlebot_odometry/cmake/puzzlebot_odometryConfig.cmake
[14.436s] -- Installing: /home/javier/puzzlebot_ws/src/install/puzzlebot_odometry/share/puzzlebot_odometry/cmake/puzzlebot_odometryConfig-version.cmake
[14.436s] -- Installing: /home/javier/puzzlebot_ws/src/install/puzzlebot_odometry/share/puzzlebot_odometry/package.xml
[14.437s] Invoked command in '/home/javier/puzzlebot_ws/src/build/puzzlebot_odometry' returned '0': CMAKE_PREFIX_PATH=/home/javier/puzzlebot_ws/install/puzzlebot_odometry:/home/javier/puzzlebot_ws/install/wago_plc:/home/javier/puzzlebot_ws/install/robot_tf2_broadcaster:/home/javier/puzzlebot_ws/install/robot_pose_estimator:/opt/ros/humble:/home/javier/puzzlebot_ws/install/puzzlebot_model:/home/javier/puzzlebot_ws/install/image_stream:/home/javier/puzzlebot_ws/install/aruco_detection /usr/bin/cmake --install /home/javier/puzzlebot_ws/src/build/puzzlebot_odometry
