[0.030s] Invoking command in '/home/javier/puzzlebot_ws/src/build/aruco_detection': CMAKE_PREFIX_PATH=/opt/ros/humble /usr/bin/cmake /home/javier/puzzlebot_ws/src/aruco_detection -DCMAKE_INSTALL_PREFIX=/home/javier/puzzlebot_ws/src/install/aruco_detection
[0.851s] -- The C compiler identification is GNU 12.3.0
[0.851s] -- The CXX compiler identification is GNU 11.4.0
[0.851s] -- Detecting C compiler ABI info
[0.852s] -- Detecting C compiler ABI info - done
[0.852s] -- Check for working C compiler: /usr/bin/cc - skipped
[0.852s] -- Detecting C compile features
[0.853s] -- Detecting C compile features - done
[0.853s] -- Detecting CXX compiler ABI info
[0.853s] -- Detecting CXX compiler ABI info - done
[0.853s] -- Check for working CXX compiler: /usr/bin/c++ - skipped
[0.853s] -- Detecting CXX compile features
[0.854s] -- Detecting CXX compile features - done
[0.854s] -- Found ament_cmake: 1.3.10 (/opt/ros/humble/share/ament_cmake/cmake)
[0.855s] -- Found Python3: /usr/bin/python3 (found version "3.10.12") found components: Interpreter 
[0.862s] -- Found rclcpp: 16.0.10 (/opt/ros/humble/share/rclcpp/cmake)
[0.916s] -- Found rosidl_generator_c: 3.1.5 (/opt/ros/humble/share/rosidl_generator_c/cmake)
[0.922s] -- Found rosidl_adapter: 3.1.5 (/opt/ros/humble/share/rosidl_adapter/cmake)
[0.932s] -- Found rosidl_generator_cpp: 3.1.5 (/opt/ros/humble/share/rosidl_generator_cpp/cmake)
[0.946s] -- Using all available rosidl_typesupport_c: rosidl_typesupport_fastrtps_c;rosidl_typesupport_introspection_c
[0.962s] -- Using all available rosidl_typesupport_cpp: rosidl_typesupport_fastrtps_cpp;rosidl_typesupport_introspection_cpp
[1.019s] -- Found rmw_implementation_cmake: 6.1.2 (/opt/ros/humble/share/rmw_implementation_cmake/cmake)
[1.022s] -- Found rmw_fastrtps_cpp: 6.2.7 (/opt/ros/humble/share/rmw_fastrtps_cpp/cmake)
[1.118s] -- Found OpenSSL: /usr/lib/x86_64-linux-gnu/libcrypto.so (found version "3.0.2")  
[1.153s] -- Found FastRTPS: /opt/ros/humble/include  
[1.213s] -- Using RMW implementation 'rmw_fastrtps_cpp' as default
[1.230s] -- Looking for pthread.h
[1.330s] -- Looking for pthread.h - found
[1.331s] -- Performing Test CMAKE_HAVE_LIBC_PTHREAD
[1.434s] -- Performing Test CMAKE_HAVE_LIBC_PTHREAD - Success
[1.434s] -- Found Threads: TRUE  
[1.513s] -- Found cv_bridge: 3.2.1 (/opt/ros/humble/share/cv_bridge/cmake)
[1.646s] -- Found image_transport: 3.1.9 (/opt/ros/humble/share/image_transport/cmake)
[1.726s] -- Found OpenCV: /usr/local (found version "4.10.0") 
[1.732s] -- Found ament_lint_auto: 0.12.11 (/opt/ros/humble/share/ament_lint_auto/cmake)
[1.863s] -- Added test 'cppcheck' to perform static code analysis on C / C++ code
[1.863s] -- Configured cppcheck include dirs: $<BUILD_INTERFACE:/home/javier/puzzlebot_ws/src/aruco_detection/include>
[1.864s] -- Configured cppcheck exclude dirs and/or files: 
[1.866s] -- Added test 'lint_cmake' to check CMake code style
[1.866s] -- Added test 'uncrustify' to check C / C++ code style
[1.866s] -- Configured uncrustify additional arguments: 
[1.866s] -- Added test 'xmllint' to check XML markup files
[1.868s] -- Configuring done
[1.901s] -- Generating done
[1.904s] -- Build files have been written to: /home/javier/puzzlebot_ws/src/build/aruco_detection
[1.922s] Invoked command in '/home/javier/puzzlebot_ws/src/build/aruco_detection' returned '0': CMAKE_PREFIX_PATH=/opt/ros/humble /usr/bin/cmake /home/javier/puzzlebot_ws/src/aruco_detection -DCMAKE_INSTALL_PREFIX=/home/javier/puzzlebot_ws/src/install/aruco_detection
[1.925s] Invoking command in '/home/javier/puzzlebot_ws/src/build/aruco_detection': CMAKE_PREFIX_PATH=/opt/ros/humble /usr/bin/cmake --build /home/javier/puzzlebot_ws/src/build/aruco_detection -- -j12 -l12
[1.990s] [ 50%] [32mBuilding CXX object CMakeFiles/aruco_detection.dir/src/aruco_detection.cpp.o[0m
[6.527s] In file included from [01m[K/home/javier/puzzlebot_ws/src/aruco_detection/src/aruco_detection.cpp:5[m[K:
[6.527s] [01m[K/opt/ros/humble/include/image_transport/image_transport/image_transport.h:32:89:[m[K [01;36m[Knote: [m[K‘[01m[K#pragma message: Warning: This header is deprecated. Use 'image_transport.hpp' instead[m[K’
[6.527s]    32 | Warning: This header is deprecated. Use 'image_transport.hpp' instead"[01;36m[K)[m[K
[6.527s]       |                                                                       [01;36m[K^[m[K
[6.527s] 
[6.865s] [01m[K/home/javier/puzzlebot_ws/src/aruco_detection/src/aruco_detection.cpp:[m[K In member function ‘[01m[Kvoid Aruco_Detection::imageCallback(const ConstSharedPtr&)[m[K’:
[6.865s] [01m[K/home/javier/puzzlebot_ws/src/aruco_detection/src/aruco_detection.cpp:69:21:[m[K [01;35m[Kwarning: [m[Kcomparison of integer expressions of different signedness: ‘[01m[Kint[m[K’ and ‘[01m[Kstd::vector<int>::size_type[m[K’ {aka ‘[01m[Klong unsigned int[m[K’} [[01;35m[K]8;;https://gcc.gnu.org/onlinedocs/gcc/Warning-Options.html#index-Wsign-compare-Wsign-compare]8;;[m[K]
[6.865s]    69 |     for (int i=0; [01;35m[Ki < markerIds.size()[m[K;i++){
[6.866s]       |                   [01;35m[K~~^~~~~~~~~~~~~~~~~~[m[K
[7.586s] [100%] [32m[1mLinking CXX executable aruco_detection[0m
[8.310s] /usr/bin/ld: warning: libopencv_imgcodecs.so.4.5d, needed by /opt/ros/humble/lib/libcv_bridge.so, may conflict with libopencv_imgcodecs.so.410
[8.322s] /usr/bin/ld: warning: libopencv_imgproc.so.4.5d, needed by /opt/ros/humble/lib/libcv_bridge.so, may conflict with libopencv_imgproc.so.410
[8.351s] /usr/bin/ld: warning: libopencv_core.so.4.5d, needed by /opt/ros/humble/lib/libcv_bridge.so, may conflict with libopencv_core.so.410
[14.001s] [100%] Built target aruco_detection
