[1.154s] Invoking command in '/home/javier/puzzlebot_ws/src/puzzlebot_model': PYTHONPATH=/home/javier/puzzlebot_ws/src/build/puzzlebot_model/prefix_override:/home/javier/puzzlebot_ws/src/install/puzzlebot_model/lib/python3.10/site-packages:${PYTHONPATH} /usr/bin/python3 setup.py egg_info --egg-base ../build/puzzlebot_model build --build-base /home/javier/puzzlebot_ws/src/build/puzzlebot_model/build install --record /home/javier/puzzlebot_ws/src/build/puzzlebot_model/install.log --single-version-externally-managed
[1.405s] running egg_info
[1.406s] writing ../build/puzzlebot_model/puzzlebot_model.egg-info/PKG-INFO
[1.406s] writing dependency_links to ../build/puzzlebot_model/puzzlebot_model.egg-info/dependency_links.txt
[1.406s] writing entry points to ../build/puzzlebot_model/puzzlebot_model.egg-info/entry_points.txt
[1.406s] writing requirements to ../build/puzzlebot_model/puzzlebot_model.egg-info/requires.txt
[1.407s] writing top-level names to ../build/puzzlebot_model/puzzlebot_model.egg-info/top_level.txt
[1.408s] reading manifest file '../build/puzzlebot_model/puzzlebot_model.egg-info/SOURCES.txt'
[1.409s] writing manifest file '../build/puzzlebot_model/puzzlebot_model.egg-info/SOURCES.txt'
[1.409s] running build
[1.409s] running build_py
[1.409s] running install
[1.409s] /usr/lib/python3/dist-packages/setuptools/command/install.py:34: SetuptoolsDeprecationWarning: setup.py install is deprecated. Use build and pip and other standards-based tools.
[1.410s]   warnings.warn(
[1.410s] running install_lib
[1.411s] running install_data
[1.412s] running install_egg_info
[1.413s] removing '/home/javier/puzzlebot_ws/src/install/puzzlebot_model/lib/python3.10/site-packages/puzzlebot_model-0.0.0-py3.10.egg-info' (and everything under it)
[1.413s] Copying ../build/puzzlebot_model/puzzlebot_model.egg-info to /home/javier/puzzlebot_ws/src/install/puzzlebot_model/lib/python3.10/site-packages/puzzlebot_model-0.0.0-py3.10.egg-info
[1.414s] running install_scripts
[1.435s] writing list of installed files to '/home/javier/puzzlebot_ws/src/build/puzzlebot_model/install.log'
[1.507s] Invoked command in '/home/javier/puzzlebot_ws/src/puzzlebot_model' returned '0': PYTHONPATH=/home/javier/puzzlebot_ws/src/build/puzzlebot_model/prefix_override:/home/javier/puzzlebot_ws/src/install/puzzlebot_model/lib/python3.10/site-packages:${PYTHONPATH} /usr/bin/python3 setup.py egg_info --egg-base ../build/puzzlebot_model build --build-base /home/javier/puzzlebot_ws/src/build/puzzlebot_model/build install --record /home/javier/puzzlebot_ws/src/build/puzzlebot_model/install.log --single-version-externally-managed
