[1.314s] Invoking command in '/home/javier/puzzlebot_ws/src/robot_pose_estimator': PYTHONPATH=/home/javier/puzzlebot_ws/src/build/robot_pose_estimator/prefix_override:/usr/lib/python3/dist-packages/colcon_core/task/python/colcon_distutils_commands:/home/javier/puzzlebot_ws/src/install/robot_pose_estimator/lib/python3.10/site-packages:${PYTHONPATH} /usr/bin/python3 -W ignore:setup.py install is deprecated setup.py egg_info --egg-base ../build/robot_pose_estimator build --build-base /home/javier/puzzlebot_ws/src/build/robot_pose_estimator/build install --record /home/javier/puzzlebot_ws/src/build/robot_pose_estimator/install.log --single-version-externally-managed install_data
[1.468s] /home/javier/.local/lib/python3.10/site-packages/setuptools/_distutils/dist.py:268: UserWarning: Unknown distribution option: 'tests_require'
[1.468s]   warnings.warn(msg)
[1.589s] running egg_info
[1.608s] writing ../build/robot_pose_estimator/robot_pose_estimator.egg-info/PKG-INFO
[1.609s] writing dependency_links to ../build/robot_pose_estimator/robot_pose_estimator.egg-info/dependency_links.txt
[1.609s] writing entry points to ../build/robot_pose_estimator/robot_pose_estimator.egg-info/entry_points.txt
[1.609s] writing requirements to ../build/robot_pose_estimator/robot_pose_estimator.egg-info/requires.txt
[1.609s] writing top-level names to ../build/robot_pose_estimator/robot_pose_estimator.egg-info/top_level.txt
[1.650s] reading manifest file '../build/robot_pose_estimator/robot_pose_estimator.egg-info/SOURCES.txt'
[1.651s] adding license file 'LICENSE'
[1.651s] writing manifest file '../build/robot_pose_estimator/robot_pose_estimator.egg-info/SOURCES.txt'
[1.651s] running build
[1.652s] running build_py
[1.652s] copying robot_pose_estimator/robot_pose_estimator.py -> /home/javier/puzzlebot_ws/src/build/robot_pose_estimator/build/lib/robot_pose_estimator
[1.652s] copying robot_pose_estimator/__init__.py -> /home/javier/puzzlebot_ws/src/build/robot_pose_estimator/build/lib/robot_pose_estimator
[1.652s] running install
[1.656s] running install_lib
[1.676s] running install_data
[1.677s] copying resource/robot_pose_estimator -> /home/javier/puzzlebot_ws/src/install/robot_pose_estimator/share/ament_index/resource_index/packages
[1.677s] copying package.xml -> /home/javier/puzzlebot_ws/src/install/robot_pose_estimator/share/robot_pose_estimator
[1.677s] running install_egg_info
[1.697s] removing '/home/javier/puzzlebot_ws/src/install/robot_pose_estimator/lib/python3.10/site-packages/robot_pose_estimator-0.0.0-py3.10.egg-info' (and everything under it)
[1.698s] Copying ../build/robot_pose_estimator/robot_pose_estimator.egg-info to /home/javier/puzzlebot_ws/src/install/robot_pose_estimator/lib/python3.10/site-packages/robot_pose_estimator-0.0.0-py3.10.egg-info
[1.698s] running install_scripts
[1.848s] Installing robot_pose_estimator script to /home/javier/puzzlebot_ws/src/install/robot_pose_estimator/lib/robot_pose_estimator
[1.849s] writing list of installed files to '/home/javier/puzzlebot_ws/src/build/robot_pose_estimator/install.log'
[1.875s] Invoked command in '/home/javier/puzzlebot_ws/src/robot_pose_estimator' returned '0': PYTHONPATH=/home/javier/puzzlebot_ws/src/build/robot_pose_estimator/prefix_override:/usr/lib/python3/dist-packages/colcon_core/task/python/colcon_distutils_commands:/home/javier/puzzlebot_ws/src/install/robot_pose_estimator/lib/python3.10/site-packages:${PYTHONPATH} /usr/bin/python3 -W ignore:setup.py install is deprecated setup.py egg_info --egg-base ../build/robot_pose_estimator build --build-base /home/javier/puzzlebot_ws/src/build/robot_pose_estimator/build install --record /home/javier/puzzlebot_ws/src/build/robot_pose_estimator/install.log --single-version-externally-managed install_data
