[1.914s] Invoking command in '/home/javier/puzzlebot_ws/src/robot_tf2_broadcaster': PYTHONPATH=/home/javier/puzzlebot_ws/src/build/robot_tf2_broadcaster/prefix_override:/usr/lib/python3/dist-packages/colcon_core/task/python/colcon_distutils_commands:/home/javier/puzzlebot_ws/src/install/robot_tf2_broadcaster/lib/python3.10/site-packages:${PYTHONPATH} /usr/bin/python3 -W ignore:setup.py install is deprecated setup.py egg_info --egg-base ../build/robot_tf2_broadcaster build --build-base /home/javier/puzzlebot_ws/src/build/robot_tf2_broadcaster/build install --record /home/javier/puzzlebot_ws/src/build/robot_tf2_broadcaster/install.log --single-version-externally-managed install_data
[2.172s] /home/javier/.local/lib/python3.10/site-packages/setuptools/_distutils/dist.py:268: UserWarning: Unknown distribution option: 'tests_require'
[2.172s]   warnings.warn(msg)
[2.366s] running egg_info
[2.366s] creating ../build/robot_tf2_broadcaster/robot_tf2_broadcaster.egg-info
[2.390s] writing ../build/robot_tf2_broadcaster/robot_tf2_broadcaster.egg-info/PKG-INFO
[2.390s] writing dependency_links to ../build/robot_tf2_broadcaster/robot_tf2_broadcaster.egg-info/dependency_links.txt
[2.390s] writing entry points to ../build/robot_tf2_broadcaster/robot_tf2_broadcaster.egg-info/entry_points.txt
[2.391s] writing requirements to ../build/robot_tf2_broadcaster/robot_tf2_broadcaster.egg-info/requires.txt
[2.391s] writing top-level names to ../build/robot_tf2_broadcaster/robot_tf2_broadcaster.egg-info/top_level.txt
[2.391s] writing manifest file '../build/robot_tf2_broadcaster/robot_tf2_broadcaster.egg-info/SOURCES.txt'
[2.453s] reading manifest file '../build/robot_tf2_broadcaster/robot_tf2_broadcaster.egg-info/SOURCES.txt'
[2.453s] adding license file 'LICENSE'
[2.454s] writing manifest file '../build/robot_tf2_broadcaster/robot_tf2_broadcaster.egg-info/SOURCES.txt'
[2.454s] running build
[2.454s] running build_py
[2.454s] creating /home/javier/puzzlebot_ws/src/build/robot_tf2_broadcaster/build
[2.454s] creating /home/javier/puzzlebot_ws/src/build/robot_tf2_broadcaster/build/lib
[2.454s] creating /home/javier/puzzlebot_ws/src/build/robot_tf2_broadcaster/build/lib/robot_tf2_broadcaster
[2.455s] copying robot_tf2_broadcaster/a.py -> /home/javier/puzzlebot_ws/src/build/robot_tf2_broadcaster/build/lib/robot_tf2_broadcaster
[2.455s] copying robot_tf2_broadcaster/__init__.py -> /home/javier/puzzlebot_ws/src/build/robot_tf2_broadcaster/build/lib/robot_tf2_broadcaster
[2.455s] copying robot_tf2_broadcaster/rob_pose.py -> /home/javier/puzzlebot_ws/src/build/robot_tf2_broadcaster/build/lib/robot_tf2_broadcaster
[2.455s] copying robot_tf2_broadcaster/robot_tf2_broadcaster.py -> /home/javier/puzzlebot_ws/src/build/robot_tf2_broadcaster/build/lib/robot_tf2_broadcaster
[2.455s] running install
[2.460s] running install_lib
[2.484s] creating /home/javier/puzzlebot_ws/src/install/robot_tf2_broadcaster/lib/python3.10/site-packages/robot_tf2_broadcaster
[2.484s] copying /home/javier/puzzlebot_ws/src/build/robot_tf2_broadcaster/build/lib/robot_tf2_broadcaster/a.py -> /home/javier/puzzlebot_ws/src/install/robot_tf2_broadcaster/lib/python3.10/site-packages/robot_tf2_broadcaster
[2.485s] copying /home/javier/puzzlebot_ws/src/build/robot_tf2_broadcaster/build/lib/robot_tf2_broadcaster/__init__.py -> /home/javier/puzzlebot_ws/src/install/robot_tf2_broadcaster/lib/python3.10/site-packages/robot_tf2_broadcaster
[2.485s] copying /home/javier/puzzlebot_ws/src/build/robot_tf2_broadcaster/build/lib/robot_tf2_broadcaster/rob_pose.py -> /home/javier/puzzlebot_ws/src/install/robot_tf2_broadcaster/lib/python3.10/site-packages/robot_tf2_broadcaster
[2.485s] copying /home/javier/puzzlebot_ws/src/build/robot_tf2_broadcaster/build/lib/robot_tf2_broadcaster/robot_tf2_broadcaster.py -> /home/javier/puzzlebot_ws/src/install/robot_tf2_broadcaster/lib/python3.10/site-packages/robot_tf2_broadcaster
[2.487s] byte-compiling /home/javier/puzzlebot_ws/src/install/robot_tf2_broadcaster/lib/python3.10/site-packages/robot_tf2_broadcaster/a.py to a.cpython-310.pyc
[2.487s] byte-compiling /home/javier/puzzlebot_ws/src/install/robot_tf2_broadcaster/lib/python3.10/site-packages/robot_tf2_broadcaster/__init__.py to __init__.cpython-310.pyc
[2.488s] byte-compiling /home/javier/puzzlebot_ws/src/install/robot_tf2_broadcaster/lib/python3.10/site-packages/robot_tf2_broadcaster/rob_pose.py to rob_pose.cpython-310.pyc
[2.489s] byte-compiling /home/javier/puzzlebot_ws/src/install/robot_tf2_broadcaster/lib/python3.10/site-packages/robot_tf2_broadcaster/robot_tf2_broadcaster.py to robot_tf2_broadcaster.cpython-310.pyc
[2.491s] running install_data
[2.491s] creating /home/javier/puzzlebot_ws/src/install/robot_tf2_broadcaster/share/ament_index
[2.491s] creating /home/javier/puzzlebot_ws/src/install/robot_tf2_broadcaster/share/ament_index/resource_index
[2.491s] creating /home/javier/puzzlebot_ws/src/install/robot_tf2_broadcaster/share/ament_index/resource_index/packages
[2.491s] copying resource/robot_tf2_broadcaster -> /home/javier/puzzlebot_ws/src/install/robot_tf2_broadcaster/share/ament_index/resource_index/packages
[2.491s] copying package.xml -> /home/javier/puzzlebot_ws/src/install/robot_tf2_broadcaster/share/robot_tf2_broadcaster
[2.492s] creating /home/javier/puzzlebot_ws/src/install/robot_tf2_broadcaster/share/robot_tf2_broadcaster/launch
[2.492s] copying launch/puzzlebot_simualtion.launch.xml -> /home/javier/puzzlebot_ws/src/install/robot_tf2_broadcaster/share/robot_tf2_broadcaster/launch
[2.492s] copying launch/cartographer_test.launch.py -> /home/javier/puzzlebot_ws/src/install/robot_tf2_broadcaster/share/robot_tf2_broadcaster/launch
[2.492s] running install_egg_info
[2.520s] Copying ../build/robot_tf2_broadcaster/robot_tf2_broadcaster.egg-info to /home/javier/puzzlebot_ws/src/install/robot_tf2_broadcaster/lib/python3.10/site-packages/robot_tf2_broadcaster-0.0.0-py3.10.egg-info
[2.521s] running install_scripts
[2.677s] Installing robot_tf2_broadcaster script to /home/javier/puzzlebot_ws/src/install/robot_tf2_broadcaster/lib/robot_tf2_broadcaster
[2.678s] writing list of installed files to '/home/javier/puzzlebot_ws/src/build/robot_tf2_broadcaster/install.log'
[2.704s] Invoked command in '/home/javier/puzzlebot_ws/src/robot_tf2_broadcaster' returned '0': PYTHONPATH=/home/javier/puzzlebot_ws/src/build/robot_tf2_broadcaster/prefix_override:/usr/lib/python3/dist-packages/colcon_core/task/python/colcon_distutils_commands:/home/javier/puzzlebot_ws/src/install/robot_tf2_broadcaster/lib/python3.10/site-packages:${PYTHONPATH} /usr/bin/python3 -W ignore:setup.py install is deprecated setup.py egg_info --egg-base ../build/robot_tf2_broadcaster build --build-base /home/javier/puzzlebot_ws/src/build/robot_tf2_broadcaster/build install --record /home/javier/puzzlebot_ws/src/build/robot_tf2_broadcaster/install.log --single-version-externally-managed install_data
