[35m[1mConsolidate compiler generated dependencies of target EKFLozalization[0m
[ 50%] [32mBuilding CXX object CMakeFiles/EKFLozalization.dir/src/EKFLozalization.cpp.o[0m
In file included from [01m[K/usr/include/eigen3/Eigen/Core:253[m[K,
                 from [01m[K/usr/include/eigen3/Eigen/Dense:1[m[K,
                 from [01m[K/home/javier/puzzlebot_ws/src/EKFLocalization/src/EKFLozalization.cpp:12[m[K:
/usr/include/eigen3/Eigen/src/Core/functors/BinaryFunctors.h: In instantiation of ‘[01m[Kstruct Eigen::internal::scalar_difference_op<double, float>[m[K’:
[01m[K/usr/include/c++/11/type_traits:2530:26:[m[K   required by substitution of ‘[01m[Ktemplate<class _Fn, class ... _Args> static std::__result_of_success<decltype (declval<_Fn>()((declval<_Args>)()...)), std::__invoke_other> std::__result_of_other_impl::_S_test(int) [with _Fn = Eigen::internal::scalar_difference_op<double, float>; _Args = {const double&, const float&}][m[K’
[01m[K/usr/include/c++/11/type_traits:2541:55:[m[K   required from ‘[01m[Kstruct std::__result_of_impl<false, false, Eigen::internal::scalar_difference_op<double, float>, const double&, const float&>[m[K’
[01m[K/usr/include/c++/11/type_traits:2546:12:[m[K   required from ‘[01m[Kstruct std::__invoke_result<Eigen::internal::scalar_difference_op<double, float>, const double&, const float&>[m[K’
[01m[K/usr/include/c++/11/type_traits:3004:12:[m[K   required from ‘[01m[Kstruct std::invoke_result<Eigen::internal::scalar_difference_op<double, float>, const double&, const float&>[m[K’
[01m[K/usr/include/eigen3/Eigen/src/Core/util/Meta.h:504:61:[m[K   required from ‘[01m[Kstruct Eigen::internal::result_of<Eigen::internal::scalar_difference_op<double, float>(const double&, const float&)>[m[K’
[01m[K/usr/include/eigen3/Eigen/src/Core/CwiseBinaryOp.h:38:28:[m[K   required from ‘[01m[Kstruct Eigen::internal::traits<Eigen::CwiseBinaryOp<Eigen::internal::scalar_difference_op<double, float>, const Eigen::Matrix<double, 3, 3>, const Eigen::Product<Eigen::Matrix<float, -1, -1>, Eigen::Matrix<float, -1, -1>, 0> > >[m[K’
[01m[K/usr/include/eigen3/Eigen/src/Core/CwiseBinaryOp.h:148:7:[m[K   required from ‘[01m[Kclass Eigen::CwiseBinaryOpImpl<Eigen::internal::scalar_difference_op<double, float>, const Eigen::Matrix<double, 3, 3>, const Eigen::Product<Eigen::Matrix<float, -1, -1>, Eigen::Matrix<float, -1, -1>, 0>, Eigen::Dense>[m[K’
[01m[K/usr/include/eigen3/Eigen/src/Core/CwiseBinaryOp.h:77:7:[m[K   required from ‘[01m[Kclass Eigen::CwiseBinaryOp<Eigen::internal::scalar_difference_op<double, float>, const Eigen::Matrix<double, 3, 3>, const Eigen::Product<Eigen::Matrix<float, -1, -1>, Eigen::Matrix<float, -1, -1>, 0> >[m[K’
[01m[K/home/javier/puzzlebot_ws/src/EKFLocalization/src/EKFLozalization.cpp:223:28:[m[K   required from here
[01m[K/usr/include/eigen3/Eigen/src/Core/functors/BinaryFunctors.h:351:95:[m[K [01;31m[Kerror: [m[Kno type named ‘[01m[KReturnType[m[K’ in ‘[01m[Kstruct Eigen::ScalarBinaryOpTraits<double, float, Eigen::internal::scalar_difference_op<double, float> >[m[K’
  351 |   typedef typename ScalarBinaryOpTraits<LhsScalar,RhsScalar,scalar_difference_op>::ReturnType [01;31m[Kresult_type[m[K;
      |                                                                                               [01;31m[K^~~~~~~~~~~[m[K
In file included from [01m[K/usr/include/eigen3/Eigen/Core:162[m[K,
                 from [01m[K/usr/include/eigen3/Eigen/Dense:1[m[K,
                 from [01m[K/home/javier/puzzlebot_ws/src/EKFLocalization/src/EKFLozalization.cpp:12[m[K:
/usr/include/eigen3/Eigen/src/Core/util/Meta.h: In instantiation of ‘[01m[Kstruct Eigen::internal::result_of<Eigen::internal::scalar_difference_op<double, float>(const double&, const float&)>[m[K’:
[01m[K/usr/include/eigen3/Eigen/src/Core/CwiseBinaryOp.h:38:28:[m[K   required from ‘[01m[Kstruct Eigen::internal::traits<Eigen::CwiseBinaryOp<Eigen::internal::scalar_difference_op<double, float>, const Eigen::Matrix<double, 3, 3>, const Eigen::Product<Eigen::Matrix<float, -1, -1>, Eigen::Matrix<float, -1, -1>, 0> > >[m[K’
[01m[K/usr/include/eigen3/Eigen/src/Core/CwiseBinaryOp.h:148:7:[m[K   required from ‘[01m[Kclass Eigen::CwiseBinaryOpImpl<Eigen::internal::scalar_difference_op<double, float>, const Eigen::Matrix<double, 3, 3>, const Eigen::Product<Eigen::Matrix<float, -1, -1>, Eigen::Matrix<float, -1, -1>, 0>, Eigen::Dense>[m[K’
[01m[K/usr/include/eigen3/Eigen/src/Core/CwiseBinaryOp.h:77:7:[m[K   required from ‘[01m[Kclass Eigen::CwiseBinaryOp<Eigen::internal::scalar_difference_op<double, float>, const Eigen::Matrix<double, 3, 3>, const Eigen::Product<Eigen::Matrix<float, -1, -1>, Eigen::Matrix<float, -1, -1>, 0> >[m[K’
[01m[K/home/javier/puzzlebot_ws/src/EKFLocalization/src/EKFLozalization.cpp:223:28:[m[K   required from here
[01m[K/usr/include/eigen3/Eigen/src/Core/util/Meta.h:504:61:[m[K [01;31m[Kerror: [m[Kno type named ‘[01m[Ktype[m[K’ in ‘[01m[Kstruct std::invoke_result<Eigen::internal::scalar_difference_op<double, float>, const double&, const float&>[m[K’
  504 |   typedef typename std::invoke_result<F, ArgTypes...>::type [01;31m[Ktype1[m[K;
      |                                                             [01;31m[K^~~~~[m[K
[01m[K/usr/include/eigen3/Eigen/src/Core/util/Meta.h:505:44:[m[K [01;31m[Kerror: [m[Kno type named ‘[01m[Ktype[m[K’ in ‘[01m[Kstruct std::invoke_result<Eigen::internal::scalar_difference_op<double, float>, const double&, const float&>[m[K’
  505 |   typedef typename remove_all<type1>::type [01;31m[Ktype[m[K;
      |                                            [01;31m[K^~~~[m[K
In file included from [01m[K/usr/include/eigen3/Eigen/Core:272[m[K,
                 from [01m[K/usr/include/eigen3/Eigen/Dense:1[m[K,
                 from [01m[K/home/javier/puzzlebot_ws/src/EKFLocalization/src/EKFLozalization.cpp:12[m[K:
/usr/include/eigen3/Eigen/src/Core/DenseBase.h: In instantiation of ‘[01m[Kclass Eigen::DenseBase<Eigen::CwiseBinaryOp<Eigen::internal::scalar_difference_op<double, float>, const Eigen::Matrix<double, 3, 3>, const Eigen::Product<Eigen::Matrix<float, -1, -1>, Eigen::Matrix<float, -1, -1>, 0> > >[m[K’:
[01m[K/usr/include/eigen3/Eigen/src/Core/MatrixBase.h:48:34:[m[K   required from ‘[01m[Kclass Eigen::MatrixBase<Eigen::CwiseBinaryOp<Eigen::internal::scalar_difference_op<double, float>, const Eigen::Matrix<double, 3, 3>, const Eigen::Product<Eigen::Matrix<float, -1, -1>, Eigen::Matrix<float, -1, -1>, 0> > >[m[K’
[01m[K/usr/include/eigen3/Eigen/src/Core/CwiseBinaryOp.h:148:7:[m[K   required from ‘[01m[Kclass Eigen::CwiseBinaryOpImpl<Eigen::internal::scalar_difference_op<double, float>, const Eigen::Matrix<double, 3, 3>, const Eigen::Product<Eigen::Matrix<float, -1, -1>, Eigen::Matrix<float, -1, -1>, 0>, Eigen::Dense>[m[K’
[01m[K/usr/include/eigen3/Eigen/src/Core/CwiseBinaryOp.h:77:7:[m[K   required from ‘[01m[Kclass Eigen::CwiseBinaryOp<Eigen::internal::scalar_difference_op<double, float>, const Eigen::Matrix<double, 3, 3>, const Eigen::Product<Eigen::Matrix<float, -1, -1>, Eigen::Matrix<float, -1, -1>, 0> >[m[K’
[01m[K/home/javier/puzzlebot_ws/src/EKFLocalization/src/EKFLozalization.cpp:223:28:[m[K   required from here
[01m[K/usr/include/eigen3/Eigen/src/Core/DenseBase.h:83:17:[m[K [01;31m[Kerror: [m[K‘[01m[Kcoeff[m[K’ has not been declared in ‘[01m[KEigen::DenseBase<Eigen::CwiseBinaryOp<Eigen::internal::scalar_difference_op<double, float>, const Eigen::Matrix<double, 3, 3>, const Eigen::Product<Eigen::Matrix<float, -1, -1>, Eigen::Matrix<float, -1, -1>, 0> > >::Base[m[K’
   83 |     using Base::[01;31m[Kcoeff[m[K;
      |                 [01;31m[K^~~~~[m[K
[01m[K/usr/include/eigen3/Eigen/src/Core/DenseBase.h:84:17:[m[K [01;31m[Kerror: [m[K‘[01m[KcoeffByOuterInner[m[K’ has not been declared in ‘[01m[KEigen::DenseBase<Eigen::CwiseBinaryOp<Eigen::internal::scalar_difference_op<double, float>, const Eigen::Matrix<double, 3, 3>, const Eigen::Product<Eigen::Matrix<float, -1, -1>, Eigen::Matrix<float, -1, -1>, 0> > >::Base[m[K’
   84 |     using Base::[01;31m[KcoeffByOuterInner[m[K;
      |                 [01;31m[K^~~~~~~~~~~~~~~~~[m[K
[01m[K/usr/include/eigen3/Eigen/src/Core/DenseBase.h:85:26:[m[K [01;31m[Kerror: [m[K‘[01m[Koperator()[m[K’ has not been declared in ‘[01m[KEigen::DenseBase<Eigen::CwiseBinaryOp<Eigen::internal::scalar_difference_op<double, float>, const Eigen::Matrix<double, 3, 3>, const Eigen::Product<Eigen::Matrix<float, -1, -1>, Eigen::Matrix<float, -1, -1>, 0> > >::Base[m[K’
   85 |     using Base::operator([01;31m[K)[m[K;
      |                          [01;31m[K^[m[K
[01m[K/usr/include/eigen3/Eigen/src/Core/DenseBase.h:86:26:[m[K [01;31m[Kerror: [m[K‘[01m[Koperator[][m[K’ has not been declared in ‘[01m[KEigen::DenseBase<Eigen::CwiseBinaryOp<Eigen::internal::scalar_difference_op<double, float>, const Eigen::Matrix<double, 3, 3>, const Eigen::Product<Eigen::Matrix<float, -1, -1>, Eigen::Matrix<float, -1, -1>, 0> > >::Base[m[K’
   86 |     using Base::operator[[01;31m[K][m[K;
      |                          [01;31m[K^[m[K
[01m[K/usr/include/eigen3/Eigen/src/Core/DenseBase.h:87:17:[m[K [01;31m[Kerror: [m[K‘[01m[Kx[m[K’ has not been declared in ‘[01m[KEigen::DenseBase<Eigen::CwiseBinaryOp<Eigen::internal::scalar_difference_op<double, float>, const Eigen::Matrix<double, 3, 3>, const Eigen::Product<Eigen::Matrix<float, -1, -1>, Eigen::Matrix<float, -1, -1>, 0> > >::Base[m[K’
   87 |     using Base::[01;31m[Kx[m[K;
      |                 [01;31m[K^[m[K
[01m[K/usr/include/eigen3/Eigen/src/Core/DenseBase.h:88:17:[m[K [01;31m[Kerror: [m[K‘[01m[Ky[m[K’ has not been declared in ‘[01m[KEigen::DenseBase<Eigen::CwiseBinaryOp<Eigen::internal::scalar_difference_op<double, float>, const Eigen::Matrix<double, 3, 3>, const Eigen::Product<Eigen::Matrix<float, -1, -1>, Eigen::Matrix<float, -1, -1>, 0> > >::Base[m[K’
   88 |     using Base::[01;31m[Ky[m[K;
      |                 [01;31m[K^[m[K
[01m[K/usr/include/eigen3/Eigen/src/Core/DenseBase.h:89:17:[m[K [01;31m[Kerror: [m[K‘[01m[Kz[m[K’ has not been declared in ‘[01m[KEigen::DenseBase<Eigen::CwiseBinaryOp<Eigen::internal::scalar_difference_op<double, float>, const Eigen::Matrix<double, 3, 3>, const Eigen::Product<Eigen::Matrix<float, -1, -1>, Eigen::Matrix<float, -1, -1>, 0> > >::Base[m[K’
   89 |     using Base::[01;31m[Kz[m[K;
      |                 [01;31m[K^[m[K
[01m[K/usr/include/eigen3/Eigen/src/Core/DenseBase.h:90:17:[m[K [01;31m[Kerror: [m[K‘[01m[Kw[m[K’ has not been declared in ‘[01m[KEigen::DenseBase<Eigen::CwiseBinaryOp<Eigen::internal::scalar_difference_op<double, float>, const Eigen::Matrix<double, 3, 3>, const Eigen::Product<Eigen::Matrix<float, -1, -1>, Eigen::Matrix<float, -1, -1>, 0> > >::Base[m[K’
   90 |     using Base::[01;31m[Kw[m[K;
      |                 [01;31m[K^[m[K
In file included from [01m[K/usr/include/eigen3/Eigen/Core:273[m[K,
                 from [01m[K/usr/include/eigen3/Eigen/Dense:1[m[K,
                 from [01m[K/home/javier/puzzlebot_ws/src/EKFLocalization/src/EKFLozalization.cpp:12[m[K:
/usr/include/eigen3/Eigen/src/Core/MatrixBase.h: In instantiation of ‘[01m[Kclass Eigen::MatrixBase<Eigen::CwiseBinaryOp<Eigen::internal::scalar_difference_op<double, float>, const Eigen::Matrix<double, 3, 3>, const Eigen::Product<Eigen::Matrix<float, -1, -1>, Eigen::Matrix<float, -1, -1>, 0> > >[m[K’:
[01m[K/usr/include/eigen3/Eigen/src/Core/CwiseBinaryOp.h:148:7:[m[K   required from ‘[01m[Kclass Eigen::CwiseBinaryOpImpl<Eigen::internal::scalar_difference_op<double, float>, const Eigen::Matrix<double, 3, 3>, const Eigen::Product<Eigen::Matrix<float, -1, -1>, Eigen::Matrix<float, -1, -1>, 0>, Eigen::Dense>[m[K’
[01m[K/usr/include/eigen3/Eigen/src/Core/CwiseBinaryOp.h:77:7:[m[K   required from ‘[01m[Kclass Eigen::CwiseBinaryOp<Eigen::internal::scalar_difference_op<double, float>, const Eigen::Matrix<double, 3, 3>, const Eigen::Product<Eigen::Matrix<float, -1, -1>, Eigen::Matrix<float, -1, -1>, 0> >[m[K’
[01m[K/home/javier/puzzlebot_ws/src/EKFLocalization/src/EKFLozalization.cpp:223:28:[m[K   required from here
[01m[K/usr/include/eigen3/Eigen/src/Core/MatrixBase.h:75:17:[m[K [01;31m[Kerror: [m[K‘[01m[Kcoeff[m[K’ has not been declared in ‘[01m[KEigen::MatrixBase<Eigen::CwiseBinaryOp<Eigen::internal::scalar_difference_op<double, float>, const Eigen::Matrix<double, 3, 3>, const Eigen::Product<Eigen::Matrix<float, -1, -1>, Eigen::Matrix<float, -1, -1>, 0> > >::Base[m[K’
   75 |     using Base::[01;31m[Kcoeff[m[K;
      |                 [01;31m[K^~~~~[m[K
[01m[K/usr/include/eigen3/Eigen/src/Core/MatrixBase.h:78:17:[m[K [01;31m[Kerror: [m[K‘[01m[Keval[m[K’ has not been declared in ‘[01m[KEigen::MatrixBase<Eigen::CwiseBinaryOp<Eigen::internal::scalar_difference_op<double, float>, const Eigen::Matrix<double, 3, 3>, const Eigen::Product<Eigen::Matrix<float, -1, -1>, Eigen::Matrix<float, -1, -1>, 0> > >::Base[m[K’
   78 |     using Base::[01;31m[Keval[m[K;
      |                 [01;31m[K^~~~[m[K
[01m[K/usr/include/eigen3/Eigen/src/Core/MatrixBase.h:79:25:[m[K [01;31m[Kerror: [m[K‘[01m[Koperator-[m[K’ has not been declared in ‘[01m[KEigen::MatrixBase<Eigen::CwiseBinaryOp<Eigen::internal::scalar_difference_op<double, float>, const Eigen::Matrix<double, 3, 3>, const Eigen::Product<Eigen::Matrix<float, -1, -1>, Eigen::Matrix<float, -1, -1>, 0> > >::Base[m[K’
   79 |     using Base::operator[01;31m[K-[m[K;
      |                         [01;31m[K^[m[K
[01m[K/usr/include/eigen3/Eigen/src/Core/MatrixBase.h:82:25:[m[K [01;31m[Kerror: [m[K‘[01m[Koperator*=[m[K’ has not been declared in ‘[01m[KEigen::MatrixBase<Eigen::CwiseBinaryOp<Eigen::internal::scalar_difference_op<double, float>, const Eigen::Matrix<double, 3, 3>, const Eigen::Product<Eigen::Matrix<float, -1, -1>, Eigen::Matrix<float, -1, -1>, 0> > >::Base[m[K’
   82 |     using Base::operator[01;31m[K*=[m[K;
      |                         [01;31m[K^~[m[K
[01m[K/usr/include/eigen3/Eigen/src/Core/MatrixBase.h:83:25:[m[K [01;31m[Kerror: [m[K‘[01m[Koperator/=[m[K’ has not been declared in ‘[01m[KEigen::MatrixBase<Eigen::CwiseBinaryOp<Eigen::internal::scalar_difference_op<double, float>, const Eigen::Matrix<double, 3, 3>, const Eigen::Product<Eigen::Matrix<float, -1, -1>, Eigen::Matrix<float, -1, -1>, 0> > >::Base[m[K’
   83 |     using Base::operator[01;31m[K/=[m[K;
      |                         [01;31m[K^~[m[K
In file included from [01m[K/usr/include/eigen3/Eigen/Core:272[m[K,
                 from [01m[K/usr/include/eigen3/Eigen/Dense:1[m[K,
                 from [01m[K/home/javier/puzzlebot_ws/src/EKFLocalization/src/EKFLozalization.cpp:12[m[K:
/usr/include/eigen3/Eigen/src/Core/DenseBase.h: In instantiation of ‘[01m[Kclass Eigen::DenseBase<Eigen::Product<Eigen::CwiseBinaryOp<Eigen::internal::scalar_difference_op<double, float>, const Eigen::Matrix<double, 3, 3>, const Eigen::Product<Eigen::Matrix<float, -1, -1>, Eigen::Matrix<float, -1, -1>, 0> >, Eigen::Matrix<float, 3, 3>, 0> >[m[K’:
[01m[K/usr/include/eigen3/Eigen/src/Core/MatrixBase.h:48:34:[m[K   required from ‘[01m[Kclass Eigen::MatrixBase<Eigen::Product<Eigen::CwiseBinaryOp<Eigen::internal::scalar_difference_op<double, float>, const Eigen::Matrix<double, 3, 3>, const Eigen::Product<Eigen::Matrix<float, -1, -1>, Eigen::Matrix<float, -1, -1>, 0> >, Eigen::Matrix<float, 3, 3>, 0> >[m[K’
[01m[K/usr/include/eigen3/Eigen/src/Core/Product.h:120:7:[m[K   required from ‘[01m[Kclass Eigen::internal::dense_product_base<Eigen::CwiseBinaryOp<Eigen::internal::scalar_difference_op<double, float>, const Eigen::Matrix<double, 3, 3>, const Eigen::Product<Eigen::Matrix<float, -1, -1>, Eigen::Matrix<float, -1, -1>, 0> >, Eigen::Matrix<float, 3, 3>, 0, 3>[m[K’
[01m[K/usr/include/eigen3/Eigen/src/Core/Product.h:152:7:[m[K   required from ‘[01m[Kclass Eigen::ProductImpl<Eigen::CwiseBinaryOp<Eigen::internal::scalar_difference_op<double, float>, const Eigen::Matrix<double, 3, 3>, const Eigen::Product<Eigen::Matrix<float, -1, -1>, Eigen::Matrix<float, -1, -1>, 0> >, Eigen::Matrix<float, 3, 3>, 0, Eigen::Dense>[m[K’
[01m[K/usr/include/eigen3/Eigen/src/Core/Product.h:71:7:[m[K   required from ‘[01m[Kclass Eigen::Product<Eigen::CwiseBinaryOp<Eigen::internal::scalar_difference_op<double, float>, const Eigen::Matrix<double, 3, 3>, const Eigen::Product<Eigen::Matrix<float, -1, -1>, Eigen::Matrix<float, -1, -1>, 0> >, Eigen::Matrix<float, 3, 3>, 0>[m[K’
[01m[K/home/javier/puzzlebot_ws/src/EKFLocalization/src/EKFLozalization.cpp:223:33:[m[K   required from here
[01m[K/usr/include/eigen3/Eigen/src/Core/DenseBase.h:83:17:[m[K [01;31m[Kerror: [m[K‘[01m[Kcoeff[m[K’ has not been declared in ‘[01m[KEigen::DenseBase<Eigen::Product<Eigen::CwiseBinaryOp<Eigen::internal::scalar_difference_op<double, float>, const Eigen::Matrix<double, 3, 3>, const Eigen::Product<Eigen::Matrix<float, -1, -1>, Eigen::Matrix<float, -1, -1>, 0> >, Eigen::Matrix<float, 3, 3>, 0> >::Base[m[K’
   83 |     using Base::[01;31m[Kcoeff[m[K;
      |                 [01;31m[K^~~~~[m[K
[01m[K/usr/include/eigen3/Eigen/src/Core/DenseBase.h:84:17:[m[K [01;31m[Kerror: [m[K‘[01m[KcoeffByOuterInner[m[K’ has not been declared in ‘[01m[KEigen::DenseBase<Eigen::Product<Eigen::CwiseBinaryOp<Eigen::internal::scalar_difference_op<double, float>, const Eigen::Matrix<double, 3, 3>, const Eigen::Product<Eigen::Matrix<float, -1, -1>, Eigen::Matrix<float, -1, -1>, 0> >, Eigen::Matrix<float, 3, 3>, 0> >::Base[m[K’
   84 |     using Base::[01;31m[KcoeffByOuterInner[m[K;
      |                 [01;31m[K^~~~~~~~~~~~~~~~~[m[K
[01m[K/usr/include/eigen3/Eigen/src/Core/DenseBase.h:85:26:[m[K [01;31m[Kerror: [m[K‘[01m[Koperator()[m[K’ has not been declared in ‘[01m[KEigen::DenseBase<Eigen::Product<Eigen::CwiseBinaryOp<Eigen::internal::scalar_difference_op<double, float>, const Eigen::Matrix<double, 3, 3>, const Eigen::Product<Eigen::Matrix<float, -1, -1>, Eigen::Matrix<float, -1, -1>, 0> >, Eigen::Matrix<float, 3, 3>, 0> >::Base[m[K’
   85 |     using Base::operator([01;31m[K)[m[K;
      |                          [01;31m[K^[m[K
[01m[K/usr/include/eigen3/Eigen/src/Core/DenseBase.h:86:26:[m[K [01;31m[Kerror: [m[K‘[01m[Koperator[][m[K’ has not been declared in ‘[01m[KEigen::DenseBase<Eigen::Product<Eigen::CwiseBinaryOp<Eigen::internal::scalar_difference_op<double, float>, const Eigen::Matrix<double, 3, 3>, const Eigen::Product<Eigen::Matrix<float, -1, -1>, Eigen::Matrix<float, -1, -1>, 0> >, Eigen::Matrix<float, 3, 3>, 0> >::Base[m[K’
   86 |     using Base::operator[[01;31m[K][m[K;
      |                          [01;31m[K^[m[K
[01m[K/usr/include/eigen3/Eigen/src/Core/DenseBase.h:87:17:[m[K [01;31m[Kerror: [m[K‘[01m[Kx[m[K’ has not been declared in ‘[01m[KEigen::DenseBase<Eigen::Product<Eigen::CwiseBinaryOp<Eigen::internal::scalar_difference_op<double, float>, const Eigen::Matrix<double, 3, 3>, const Eigen::Product<Eigen::Matrix<float, -1, -1>, Eigen::Matrix<float, -1, -1>, 0> >, Eigen::Matrix<float, 3, 3>, 0> >::Base[m[K’
   87 |     using Base::[01;31m[Kx[m[K;
      |                 [01;31m[K^[m[K
[01m[K/usr/include/eigen3/Eigen/src/Core/DenseBase.h:88:17:[m[K [01;31m[Kerror: [m[K‘[01m[Ky[m[K’ has not been declared in ‘[01m[KEigen::DenseBase<Eigen::Product<Eigen::CwiseBinaryOp<Eigen::internal::scalar_difference_op<double, float>, const Eigen::Matrix<double, 3, 3>, const Eigen::Product<Eigen::Matrix<float, -1, -1>, Eigen::Matrix<float, -1, -1>, 0> >, Eigen::Matrix<float, 3, 3>, 0> >::Base[m[K’
   88 |     using Base::[01;31m[Ky[m[K;
      |                 [01;31m[K^[m[K
[01m[K/usr/include/eigen3/Eigen/src/Core/DenseBase.h:89:17:[m[K [01;31m[Kerror: [m[K‘[01m[Kz[m[K’ has not been declared in ‘[01m[KEigen::DenseBase<Eigen::Product<Eigen::CwiseBinaryOp<Eigen::internal::scalar_difference_op<double, float>, const Eigen::Matrix<double, 3, 3>, const Eigen::Product<Eigen::Matrix<float, -1, -1>, Eigen::Matrix<float, -1, -1>, 0> >, Eigen::Matrix<float, 3, 3>, 0> >::Base[m[K’
   89 |     using Base::[01;31m[Kz[m[K;
      |                 [01;31m[K^[m[K
[01m[K/usr/include/eigen3/Eigen/src/Core/DenseBase.h:90:17:[m[K [01;31m[Kerror: [m[K‘[01m[Kw[m[K’ has not been declared in ‘[01m[KEigen::DenseBase<Eigen::Product<Eigen::CwiseBinaryOp<Eigen::internal::scalar_difference_op<double, float>, const Eigen::Matrix<double, 3, 3>, const Eigen::Product<Eigen::Matrix<float, -1, -1>, Eigen::Matrix<float, -1, -1>, 0> >, Eigen::Matrix<float, 3, 3>, 0> >::Base[m[K’
   90 |     using Base::[01;31m[Kw[m[K;
      |                 [01;31m[K^[m[K
In file included from [01m[K/usr/include/eigen3/Eigen/Core:273[m[K,
                 from [01m[K/usr/include/eigen3/Eigen/Dense:1[m[K,
                 from [01m[K/home/javier/puzzlebot_ws/src/EKFLocalization/src/EKFLozalization.cpp:12[m[K:
/usr/include/eigen3/Eigen/src/Core/MatrixBase.h: In instantiation of ‘[01m[Kclass Eigen::MatrixBase<Eigen::Product<Eigen::CwiseBinaryOp<Eigen::internal::scalar_difference_op<double, float>, const Eigen::Matrix<double, 3, 3>, const Eigen::Product<Eigen::Matrix<float, -1, -1>, Eigen::Matrix<float, -1, -1>, 0> >, Eigen::Matrix<float, 3, 3>, 0> >[m[K’:
[01m[K/usr/include/eigen3/Eigen/src/Core/Product.h:120:7:[m[K   required from ‘[01m[Kclass Eigen::internal::dense_product_base<Eigen::CwiseBinaryOp<Eigen::internal::scalar_difference_op<double, float>, const Eigen::Matrix<double, 3, 3>, const Eigen::Product<Eigen::Matrix<float, -1, -1>, Eigen::Matrix<float, -1, -1>, 0> >, Eigen::Matrix<float, 3, 3>, 0, 3>[m[K’
[01m[K/usr/include/eigen3/Eigen/src/Core/Product.h:152:7:[m[K   required from ‘[01m[Kclass Eigen::ProductImpl<Eigen::CwiseBinaryOp<Eigen::internal::scalar_difference_op<double, float>, const Eigen::Matrix<double, 3, 3>, const Eigen::Product<Eigen::Matrix<float, -1, -1>, Eigen::Matrix<float, -1, -1>, 0> >, Eigen::Matrix<float, 3, 3>, 0, Eigen::Dense>[m[K’
[01m[K/usr/include/eigen3/Eigen/src/Core/Product.h:71:7:[m[K   required from ‘[01m[Kclass Eigen::Product<Eigen::CwiseBinaryOp<Eigen::internal::scalar_difference_op<double, float>, const Eigen::Matrix<double, 3, 3>, const Eigen::Product<Eigen::Matrix<float, -1, -1>, Eigen::Matrix<float, -1, -1>, 0> >, Eigen::Matrix<float, 3, 3>, 0>[m[K’
[01m[K/home/javier/puzzlebot_ws/src/EKFLocalization/src/EKFLozalization.cpp:223:33:[m[K   required from here
[01m[K/usr/include/eigen3/Eigen/src/Core/MatrixBase.h:75:17:[m[K [01;31m[Kerror: [m[K‘[01m[Kcoeff[m[K’ has not been declared in ‘[01m[KEigen::MatrixBase<Eigen::Product<Eigen::CwiseBinaryOp<Eigen::internal::scalar_difference_op<double, float>, const Eigen::Matrix<double, 3, 3>, const Eigen::Product<Eigen::Matrix<float, -1, -1>, Eigen::Matrix<float, -1, -1>, 0> >, Eigen::Matrix<float, 3, 3>, 0> >::Base[m[K’
   75 |     using Base::[01;31m[Kcoeff[m[K;
      |                 [01;31m[K^~~~~[m[K
[01m[K/usr/include/eigen3/Eigen/src/Core/MatrixBase.h:78:17:[m[K [01;31m[Kerror: [m[K‘[01m[Keval[m[K’ has not been declared in ‘[01m[KEigen::MatrixBase<Eigen::Product<Eigen::CwiseBinaryOp<Eigen::internal::scalar_difference_op<double, float>, const Eigen::Matrix<double, 3, 3>, const Eigen::Product<Eigen::Matrix<float, -1, -1>, Eigen::Matrix<float, -1, -1>, 0> >, Eigen::Matrix<float, 3, 3>, 0> >::Base[m[K’
   78 |     using Base::[01;31m[Keval[m[K;
      |                 [01;31m[K^~~~[m[K
[01m[K/usr/include/eigen3/Eigen/src/Core/MatrixBase.h:79:25:[m[K [01;31m[Kerror: [m[K‘[01m[Koperator-[m[K’ has not been declared in ‘[01m[KEigen::MatrixBase<Eigen::Product<Eigen::CwiseBinaryOp<Eigen::internal::scalar_difference_op<double, float>, const Eigen::Matrix<double, 3, 3>, const Eigen::Product<Eigen::Matrix<float, -1, -1>, Eigen::Matrix<float, -1, -1>, 0> >, Eigen::Matrix<float, 3, 3>, 0> >::Base[m[K’
   79 |     using Base::operator[01;31m[K-[m[K;
      |                         [01;31m[K^[m[K
[01m[K/usr/include/eigen3/Eigen/src/Core/MatrixBase.h:82:25:[m[K [01;31m[Kerror: [m[K‘[01m[Koperator*=[m[K’ has not been declared in ‘[01m[KEigen::MatrixBase<Eigen::Product<Eigen::CwiseBinaryOp<Eigen::internal::scalar_difference_op<double, float>, const Eigen::Matrix<double, 3, 3>, const Eigen::Product<Eigen::Matrix<float, -1, -1>, Eigen::Matrix<float, -1, -1>, 0> >, Eigen::Matrix<float, 3, 3>, 0> >::Base[m[K’
   82 |     using Base::operator[01;31m[K*=[m[K;
      |                         [01;31m[K^~[m[K
[01m[K/usr/include/eigen3/Eigen/src/Core/MatrixBase.h:83:25:[m[K [01;31m[Kerror: [m[K‘[01m[Koperator/=[m[K’ has not been declared in ‘[01m[KEigen::MatrixBase<Eigen::Product<Eigen::CwiseBinaryOp<Eigen::internal::scalar_difference_op<double, float>, const Eigen::Matrix<double, 3, 3>, const Eigen::Product<Eigen::Matrix<float, -1, -1>, Eigen::Matrix<float, -1, -1>, 0> >, Eigen::Matrix<float, 3, 3>, 0> >::Base[m[K’
   83 |     using Base::operator[01;31m[K/=[m[K;
      |                         [01;31m[K^~[m[K
[01m[K/home/javier/puzzlebot_ws/src/EKFLocalization/src/EKFLozalization.cpp:[m[K In member function ‘[01m[Kvoid EKFLocalization::Set_Previous()[m[K’:
[01m[K/home/javier/puzzlebot_ws/src/EKFLocalization/src/EKFLozalization.cpp:284:5:[m[K [01;31m[Kerror: [m[Kexpected ‘[01m[K;[m[K’ before ‘[01m[K}[m[K’ token
  284 |     [01;31m[K}[m[K
      |     [01;31m[K^[m[K
[01m[K/home/javier/puzzlebot_ws/src/EKFLocalization/src/EKFLozalization.cpp:[m[K In member function ‘[01m[Kvoid EKFLocalization::PoseEstimation(float, bool)[m[K’:
[01m[K/home/javier/puzzlebot_ws/src/EKFLocalization/src/EKFLozalization.cpp:290:9:[m[K [01;31m[Kerror: [m[Kexpected ‘[01m[K;[m[K’ before ‘[01m[Kz_measured[m[K’
  290 |         [01;31m[Kz_measured[m[K(1) = 0.0; //landmark_measured(1);
      |         [01;31m[K^~~~~~~~~~[m[K
[01m[K/home/javier/puzzlebot_ws/src/EKFLocalization/src/EKFLozalization.cpp:313:9:[m[K [01;31m[Kerror: [m[K‘[01m[KEstimate_Q[m[K’ was not declared in this scope; did you mean ‘[01m[Kestimate_Q[m[K’?
  313 |         [01;31m[KEstimate_Q[m[K()
      |         [01;31m[K^~~~~~~~~~[m[K
      |         [32m[Kestimate_Q[m[K
[01m[K/home/javier/puzzlebot_ws/src/EKFLocalization/src/EKFLozalization.cpp:319:9:[m[K [01;31m[Kerror: [m[K‘[01m[KCalc_Gradient_h[m[K’ was not declared in this scope; did you mean ‘[01m[Kcalc_gradient_h[m[K’?
  319 |         [01;31m[KCalc_Gradient_h[m[K(); // Pose Model linerization
      |         [01;31m[K^~~~~~~~~~~~~~~[m[K
      |         [32m[Kcalc_gradient_h[m[K
[01m[K/home/javier/puzzlebot_ws/src/EKFLocalization/src/EKFLozalization.cpp:320:9:[m[K [01;31m[Kerror: [m[K‘[01m[KCalc_SigmaHat[m[K’ was not declared in this scope; did you mean ‘[01m[Kcalc_SigmaHat[m[K’?
  320 |         [01;31m[KCalc_SigmaHat[m[K(); // Uncertainty of Ideal calculated pose
      |         [01;31m[K^~~~~~~~~~~~~[m[K
      |         [32m[Kcalc_SigmaHat[m[K
[01m[K/home/javier/puzzlebot_ws/src/EKFLocalization/src/EKFLozalization.cpp:322:11:[m[K [01;31m[Kerror: [m[K‘[01m[KCalc_zHat[m[K’ was not declared in this scope; did you mean ‘[01m[Kcalc_zHat[m[K’?
  322 |           [01;31m[KCalc_zHat[m[K(); // Ideal observed pose
      |           [01;31m[K^~~~~~~~~[m[K
      |           [32m[Kcalc_zHat[m[K
[01m[K/home/javier/puzzlebot_ws/src/EKFLocalization/src/EKFLozalization.cpp:323:11:[m[K [01;31m[Kerror: [m[K‘[01m[KCalc_Gradient_g[m[K’ was not declared in this scope; did you mean ‘[01m[Kcalc_gradient_g[m[K’?
  323 |           [01;31m[KCalc_Gradient_g[m[K() ;// Observation Model linerization
      |           [01;31m[K^~~~~~~~~~~~~~~[m[K
      |           [32m[Kcalc_gradient_g[m[K
[01m[K/home/javier/puzzlebot_ws/src/EKFLocalization/src/EKFLozalization.cpp:324:11:[m[K [01;31m[Kerror: [m[K‘[01m[KCalc_Z[m[K’ was not declared in this scope; did you mean ‘[01m[Kcalc_Z[m[K’?
  324 |           [01;31m[KCalc_Z[m[K() ;// Uncertainty of Ideal observed pose
      |           [01;31m[K^~~~~~[m[K
      |           [32m[Kcalc_Z[m[K
[01m[K/home/javier/puzzlebot_ws/src/EKFLocalization/src/EKFLozalization.cpp:325:11:[m[K [01;31m[Kerror: [m[K‘[01m[KCalc_KalmanGain[m[K’ was not declared in this scope; did you mean ‘[01m[Kcalc_kalman_gain[m[K’?
  325 |           [01;31m[KCalc_KalmanGain[m[K(); // Kalman Filter Gain!
      |           [01;31m[K^~~~~~~~~~~~~~~[m[K
      |           [32m[Kcalc_kalman_gain[m[K
[01m[K/home/javier/puzzlebot_ws/src/EKFLocalization/src/EKFLozalization.cpp:326:11:[m[K [01;31m[Kerror: [m[K‘[01m[KCalc_miu[m[K’ was not declared in this scope; did you mean ‘[01m[Kcacl_miu[m[K’?
  326 |           [01;31m[KCalc_miu[m[K(); // Estimated pose
      |           [01;31m[K^~~~~~~~[m[K
      |           [32m[Kcacl_miu[m[K
[01m[K/home/javier/puzzlebot_ws/src/EKFLocalization/src/EKFLozalization.cpp:327:11:[m[K [01;31m[Kerror: [m[K‘[01m[KCalc_Sigma[m[K’ was not declared in this scope; did you mean ‘[01m[Kcalc_Sigma[m[K’?
  327 |           [01;31m[KCalc_Sigma[m[K() ;// Estimated uncertainty of pose
      |           [01;31m[K^~~~~~~~~~[m[K
      |           [32m[Kcalc_Sigma[m[K
[01m[K/home/javier/puzzlebot_ws/src/EKFLocalization/src/EKFLozalization.cpp:[m[K In member function ‘[01m[Kvoid EKFLocalization::timer_callback()[m[K’:
[01m[K/home/javier/puzzlebot_ws/src/EKFLocalization/src/EKFLozalization.cpp:341:9:[m[K [01;31m[Kerror: [m[K‘[01m[Kdt_[m[K’ was not declared in this scope; did you mean ‘[01m[Kdt[m[K’?
  341 |         [01;31m[Kdt_[m[K = current_time.seconds() - last_time.seconds();
      |         [01;31m[K^~~[m[K
      |         [32m[Kdt[m[K
In file included from [01m[K/home/javier/puzzlebot_ws/src/EKFLocalization/src/EKFLozalization.cpp:9[m[K:
/usr/include/c++/11/functional: In instantiation of ‘[01m[Kstruct std::_Bind_check_arity<float (EKFLocalization::*)(), EKFLocalization*, const std::_Placeholder<1>&>[m[K’:
[01m[K/usr/include/c++/11/functional:768:12:[m[K   required from ‘[01m[Kstruct std::_Bind_helper<false, float (EKFLocalization::*)(), EKFLocalization*, const std::_Placeholder<1>&>[m[K’
[01m[K/usr/include/c++/11/functional:789:5:[m[K   required by substitution of ‘[01m[Ktemplate<class _Func, class ... _BoundArgs> typename std::_Bind_helper<std::__is_socketlike<_Func>::value, _Func, _BoundArgs ...>::type std::bind(_Func&&, _BoundArgs&& ...) [with _Func = float (EKFLocalization::*)(); _BoundArgs = {EKFLocalization*, const std::_Placeholder<1>&}][m[K’
[01m[K/home/javier/puzzlebot_ws/src/EKFLocalization/src/EKFLozalization.cpp:364:42:[m[K   required from here
[01m[K/usr/include/c++/11/functional:756:21:[m[K [01;31m[Kerror: [m[Kstatic assertion failed: Wrong number of arguments for pointer-to-member
  755 |       static_assert(_Varargs::[01;31m[Kvalue[m[K
      |                               [01;31m[K~~~~~[m[K
  756 | [01;31m[K                    ? sizeof...(_BoundArgs) >= _Arity::value + 1[m[K
      |                     [01;31m[K^~~~~~~~~~~~~~~~~~~~~~~~~~~~~~~~~~~~~~~~~~~~[m[K
  757 | [01;31m[K                    : sizeof...(_BoundArgs) == _Arity::value + 1[m[K,
      |                     [01;31m[K~~~~~~~~~~~~~~~~~~~~~~~~~~~~~~~~~~~~~~~~~~~~[m[K
[01m[K/usr/include/c++/11/functional:756:21:[m[K [01;36m[Knote: [m[K‘[01m[K(false ? (2 >= (((long unsigned int)std::integral_constant<long unsigned int, 0>::value) + 1)) : (2 == (((long unsigned int)std::integral_constant<long unsigned int, 0>::value) + 1)))[m[K’ evaluates to false
In file included from [01m[K/usr/include/eigen3/Eigen/Core:164[m[K,
                 from [01m[K/usr/include/eigen3/Eigen/Dense:1[m[K,
                 from [01m[K/home/javier/puzzlebot_ws/src/EKFLocalization/src/EKFLozalization.cpp:12[m[K:
/usr/include/eigen3/Eigen/src/Core/CwiseBinaryOp.h: In instantiation of ‘[01m[KEigen::CwiseBinaryOp<BinaryOp, Lhs, Rhs>::CwiseBinaryOp(const Lhs&, const Rhs&, const BinaryOp&) [with BinaryOp = Eigen::internal::scalar_difference_op<double, float>; LhsType = const Eigen::Matrix<double, 3, 3>; RhsType = const Eigen::Product<Eigen::Matrix<float, -1, -1>, Eigen::Matrix<float, -1, -1>, 0>; Eigen::CwiseBinaryOp<BinaryOp, Lhs, Rhs>::Lhs = Eigen::Matrix<double, 3, 3>; Eigen::CwiseBinaryOp<BinaryOp, Lhs, Rhs>::Rhs = Eigen::Product<Eigen::Matrix<float, -1, -1>, Eigen::Matrix<float, -1, -1>, 0>][m[K’:
[01m[K/usr/include/eigen3/Eigen/src/plugins/CommonCwiseBinaryOps.h:19:1:[m[K   required from ‘[01m[Kconst Eigen::CwiseBinaryOp<Eigen::internal::scalar_difference_op<typename Eigen::internal::traits<T>::Scalar, typename Eigen::internal::traits<OtherDerived>::Scalar>, const Derived, const OtherDerived> Eigen::MatrixBase<Derived>::operator-(const Eigen::MatrixBase<OtherDerived>&) const [with OtherDerived = Eigen::Product<Eigen::Matrix<float, -1, -1>, Eigen::Matrix<float, -1, -1>, 0>; Derived = Eigen::Matrix<double, 3, 3>; typename Eigen::internal::traits<OtherDerived>::Scalar = float; typename Eigen::internal::traits<T>::Scalar = double][m[K’
[01m[K/home/javier/puzzlebot_ws/src/EKFLocalization/src/EKFLozalization.cpp:223:28:[m[K   required from here
[01m[K/usr/include/eigen3/Eigen/src/Core/CwiseBinaryOp.h:113:7:[m[K [01;31m[Kerror: [m[Kstatic assertion failed: YOU_MIXED_DIFFERENT_NUMERIC_TYPES__YOU_NEED_TO_USE_THE_CAST_METHOD_OF_MATRIXBASE_TO_CAST_NUMERIC_TYPES_EXPLICITLY
  113 |       [01;31m[KEIGEN_CHECK_BINARY_COMPATIBILIY[m[K(BinaryOp,typename Lhs::Scalar,typename Rhs::Scalar);
      |       [01;31m[K^~~~~~~~~~~~~~~~~~~~~~~~~~~~~~~[m[K
[01m[K/usr/include/eigen3/Eigen/src/Core/CwiseBinaryOp.h:113:7:[m[K [01;36m[Knote: [m[K‘[01m[KEigen::internal::has_ReturnType<Eigen::ScalarBinaryOpTraits<double, float, Eigen::internal::scalar_difference_op<double, float> > >::value[m[K’ evaluates to false
In file included from [01m[K/opt/ros/humble/include/rclcpp/rclcpp/subscription_base.hpp:32[m[K,
                 from [01m[K/opt/ros/humble/include/rclcpp/rclcpp/callback_group.hpp:29[m[K,
                 from [01m[K/opt/ros/humble/include/rclcpp/rclcpp/any_executable.hpp:20[m[K,
                 from [01m[K/opt/ros/humble/include/rclcpp/rclcpp/memory_strategy.hpp:25[m[K,
                 from [01m[K/opt/ros/humble/include/rclcpp/rclcpp/memory_strategies.hpp:18[m[K,
                 from [01m[K/opt/ros/humble/include/rclcpp/rclcpp/executor_options.hpp:20[m[K,
                 from [01m[K/opt/ros/humble/include/rclcpp/rclcpp/executor.hpp:37[m[K,
                 from [01m[K/opt/ros/humble/include/rclcpp/rclcpp/executors/multi_threaded_executor.hpp:25[m[K,
                 from [01m[K/opt/ros/humble/include/rclcpp/rclcpp/executors.hpp:21[m[K,
                 from [01m[K/opt/ros/humble/include/rclcpp/rclcpp/rclcpp.hpp:155[m[K,
                 from [01m[K/opt/ros/humble/include/tf2_ros/tf2_ros/transform_broadcaster.h:41[m[K,
                 from [01m[K/home/javier/puzzlebot_ws/src/EKFLocalization/src/EKFLozalization.cpp:14[m[K:
/opt/ros/humble/include/rclcpp/rclcpp/any_subscription_callback.hpp: In instantiation of ‘[01m[Krclcpp::AnySubscriptionCallback<MessageT, AllocatorT> rclcpp::AnySubscriptionCallback<MessageT, AllocatorT>::set(CallbackT) [with CallbackT = std::_Bind<float (EKFLocalization::*(EKFLocalization*, std::_Placeholder<1>))()>; MessageT = geometry_msgs::msg::Twist_<std::allocator<void> >; AllocatorT = std::allocator<void>][m[K’:
[01m[K/opt/ros/humble/include/rclcpp/rclcpp/subscription_factory.hpp:94:32:[m[K   required from ‘[01m[Krclcpp::SubscriptionFactory rclcpp::create_subscription_factory(CallbackT&&, const rclcpp::SubscriptionOptionsWithAllocator<AllocatorT>&, typename MessageMemoryStrategyT::SharedPtr, std::shared_ptr<rclcpp::topic_statistics::SubscriptionTopicStatistics<ROSMessageType> >) [with MessageT = geometry_msgs::msg::Twist_<std::allocator<void> >; CallbackT = std::_Bind<float (EKFLocalization::*(EKFLocalization*, std::_Placeholder<1>))()>; AllocatorT = std::allocator<void>; SubscriptionT = rclcpp::Subscription<geometry_msgs::msg::Twist_<std::allocator<void> > >; MessageMemoryStrategyT = rclcpp::message_memory_strategy::MessageMemoryStrategy<geometry_msgs::msg::Twist_<std::allocator<void> >, std::allocator<void> >; ROSMessageType = geometry_msgs::msg::Twist_<std::allocator<void> >; typename MessageMemoryStrategyT::SharedPtr = std::shared_ptr<rclcpp::message_memory_strategy::MessageMemoryStrategy<geometry_msgs::msg::Twist_<std::allocator<void> >, std::allocator<void> > >][m[K’
[01m[K/opt/ros/humble/include/rclcpp/rclcpp/create_subscription.hpp:122:63:[m[K   required from ‘[01m[Kstd::shared_ptr<ROSMessageT> rclcpp::detail::create_subscription(NodeParametersT&, NodeTopicsT&, const string&, const rclcpp::QoS&, CallbackT&&, const rclcpp::SubscriptionOptionsWithAllocator<AllocatorT>&, typename MessageMemoryStrategyT::SharedPtr) [with MessageT = geometry_msgs::msg::Twist_<std::allocator<void> >; CallbackT = std::_Bind<float (EKFLocalization::*(EKFLocalization*, std::_Placeholder<1>))()>; AllocatorT = std::allocator<void>; SubscriptionT = rclcpp::Subscription<geometry_msgs::msg::Twist_<std::allocator<void> > >; MessageMemoryStrategyT = rclcpp::message_memory_strategy::MessageMemoryStrategy<geometry_msgs::msg::Twist_<std::allocator<void> >, std::allocator<void> >; NodeParametersT = rclcpp::Node; NodeTopicsT = rclcpp::Node; ROSMessageType = geometry_msgs::msg::Twist_<std::allocator<void> >; std::string = std::__cxx11::basic_string<char>; typename MessageMemoryStrategyT::SharedPtr = std::shared_ptr<rclcpp::message_memory_strategy::MessageMemoryStrategy<geometry_msgs::msg::Twist_<std::allocator<void> >, std::allocator<void> > >][m[K’
[01m[K/opt/ros/humble/include/rclcpp/rclcpp/create_subscription.hpp:191:76:[m[K   required from ‘[01m[Kstd::shared_ptr<ROSMessageT> rclcpp::create_subscription(NodeT&, const string&, const rclcpp::QoS&, CallbackT&&, const rclcpp::SubscriptionOptionsWithAllocator<AllocatorT>&, typename MessageMemoryStrategyT::SharedPtr) [with MessageT = geometry_msgs::msg::Twist_<std::allocator<void> >; CallbackT = std::_Bind<float (EKFLocalization::*(EKFLocalization*, std::_Placeholder<1>))()>; AllocatorT = std::allocator<void>; SubscriptionT = rclcpp::Subscription<geometry_msgs::msg::Twist_<std::allocator<void> > >; MessageMemoryStrategyT = rclcpp::message_memory_strategy::MessageMemoryStrategy<geometry_msgs::msg::Twist_<std::allocator<void> >, std::allocator<void> >; NodeT = rclcpp::Node; std::string = std::__cxx11::basic_string<char>; typename MessageMemoryStrategyT::SharedPtr = std::shared_ptr<rclcpp::message_memory_strategy::MessageMemoryStrategy<geometry_msgs::msg::Twist_<std::allocator<void> >, std::allocator<void> > >][m[K’
[01m[K/opt/ros/humble/include/rclcpp/rclcpp/node_impl.hpp:99:47:[m[K   required from ‘[01m[Kstd::shared_ptr<ROSMessageT> rclcpp::Node::create_subscription(const string&, const rclcpp::QoS&, CallbackT&&, const rclcpp::SubscriptionOptionsWithAllocator<AllocatorT>&, typename MessageMemoryStrategyT::SharedPtr) [with MessageT = geometry_msgs::msg::Twist_<std::allocator<void> >; CallbackT = std::_Bind<float (EKFLocalization::*(EKFLocalization*, std::_Placeholder<1>))()>; AllocatorT = std::allocator<void>; SubscriptionT = rclcpp::Subscription<geometry_msgs::msg::Twist_<std::allocator<void> > >; MessageMemoryStrategyT = rclcpp::message_memory_strategy::MessageMemoryStrategy<geometry_msgs::msg::Twist_<std::allocator<void> >, std::allocator<void> >; std::string = std::__cxx11::basic_string<char>; typename MessageMemoryStrategyT::SharedPtr = std::shared_ptr<rclcpp::message_memory_strategy::MessageMemoryStrategy<geometry_msgs::msg::Twist_<std::allocator<void> >, std::allocator<void> > >][m[K’
[01m[K/home/javier/puzzlebot_ws/src/EKFLocalization/src/EKFLozalization.cpp:363:71:[m[K   required from here
[01m[K/opt/ros/humble/include/rclcpp/rclcpp/any_subscription_callback.hpp:394:27:[m[K [01;31m[Kerror: [m[Kno matching function for call to ‘[01m[Kstd::function<float()>::function(std::_Bind<float (EKFLocalization::*(EKFLocalization*, std::_Placeholder<1>))()>&)[m[K’
  394 |       callback_variant_ = [01;31m[Kstatic_cast<typename scbth::callback_type>(callback)[m[K;
      |                           [01;31m[K^~~~~~~~~~~~~~~~~~~~~~~~~~~~~~~~~~~~~~~~~~~~~~~~~~~~[m[K
In file included from [01m[K/usr/include/c++/11/functional:59[m[K,
                 from [01m[K/home/javier/puzzlebot_ws/src/EKFLocalization/src/EKFLozalization.cpp:9[m[K:
[01m[K/usr/include/c++/11/bits/std_function.h:435:9:[m[K [01;36m[Knote: [m[Kcandidate: ‘[01m[Ktemplate<class _Functor, class _Constraints> std::function<_Res(_ArgTypes ...)>::function(_Functor&&) [with _Functor = _Functor; _Constraints = _Constraints; _Res = float; _ArgTypes = {}][m[K’
  435 |         [01;36m[Kfunction[m[K(_Functor&& __f)
      |         [01;36m[K^~~~~~~~[m[K
[01m[K/usr/include/c++/11/bits/std_function.h:435:9:[m[K [01;36m[Knote: [m[K  template argument deduction/substitution failed:
In file included from [01m[K/usr/include/c++/11/bits/move.h:57[m[K,
                 from [01m[K/usr/include/c++/11/bits/stl_pair.h:59[m[K,
                 from [01m[K/usr/include/c++/11/bits/stl_algobase.h:64[m[K,
                 from [01m[K/usr/include/c++/11/bits/specfun.h:45[m[K,
                 from [01m[K/usr/include/c++/11/cmath:1935[m[K,
                 from [01m[K/home/javier/puzzlebot_ws/src/EKFLocalization/src/EKFLozalization.cpp:6[m[K:
/usr/include/c++/11/type_traits: In substitution of ‘[01m[Ktemplate<bool _Cond, class _Tp> using __enable_if_t = typename std::enable_if::type [with bool _Cond = false; _Tp = void][m[K’:
[01m[K/usr/include/c++/11/bits/std_function.h:353:8:[m[K   required by substitution of ‘[01m[Ktemplate<class _Res, class ... _ArgTypes> template<class _Cond, class _Tp> using _Requires = std::__enable_if_t<_Cond::value, _Tp> [with _Cond = std::function<float()>::_Callable<std::_Bind<float (EKFLocalization::*(EKFLocalization*, std::_Placeholder<1>))()>&, std::_Bind<float (EKFLocalization::*(EKFLocalization*, std::_Placeholder<1>))()>, std::__invoke_result<std::_Bind<float (EKFLocalization::*(EKFLocalization*, std::_Placeholder<1>))()>&> >; _Tp = void; _Res = float; _ArgTypes = {}][m[K’
[01m[K/usr/include/c++/11/bits/std_function.h:434:9:[m[K   required from ‘[01m[Krclcpp::AnySubscriptionCallback<MessageT, AllocatorT> rclcpp::AnySubscriptionCallback<MessageT, AllocatorT>::set(CallbackT) [with CallbackT = std::_Bind<float (EKFLocalization::*(EKFLocalization*, std::_Placeholder<1>))()>; MessageT = geometry_msgs::msg::Twist_<std::allocator<void> >; AllocatorT = std::allocator<void>][m[K’
[01m[K/opt/ros/humble/include/rclcpp/rclcpp/subscription_factory.hpp:94:32:[m[K   required from ‘[01m[Krclcpp::SubscriptionFactory rclcpp::create_subscription_factory(CallbackT&&, const rclcpp::SubscriptionOptionsWithAllocator<AllocatorT>&, typename MessageMemoryStrategyT::SharedPtr, std::shared_ptr<rclcpp::topic_statistics::SubscriptionTopicStatistics<ROSMessageType> >) [with MessageT = geometry_msgs::msg::Twist_<std::allocator<void> >; CallbackT = std::_Bind<float (EKFLocalization::*(EKFLocalization*, std::_Placeholder<1>))()>; AllocatorT = std::allocator<void>; SubscriptionT = rclcpp::Subscription<geometry_msgs::msg::Twist_<std::allocator<void> > >; MessageMemoryStrategyT = rclcpp::message_memory_strategy::MessageMemoryStrategy<geometry_msgs::msg::Twist_<std::allocator<void> >, std::allocator<void> >; ROSMessageType = geometry_msgs::msg::Twist_<std::allocator<void> >; typename MessageMemoryStrategyT::SharedPtr = std::shared_ptr<rclcpp::message_memory_strategy::MessageMemoryStrategy<geometry_msgs::msg::Twist_<std::allocator<void> >, std::allocator<void> > >][m[K’
[01m[K/opt/ros/humble/include/rclcpp/rclcpp/create_subscription.hpp:122:63:[m[K   required from ‘[01m[Kstd::shared_ptr<ROSMessageT> rclcpp::detail::create_subscription(NodeParametersT&, NodeTopicsT&, const string&, const rclcpp::QoS&, CallbackT&&, const rclcpp::SubscriptionOptionsWithAllocator<AllocatorT>&, typename MessageMemoryStrategyT::SharedPtr) [with MessageT = geometry_msgs::msg::Twist_<std::allocator<void> >; CallbackT = std::_Bind<float (EKFLocalization::*(EKFLocalization*, std::_Placeholder<1>))()>; AllocatorT = std::allocator<void>; SubscriptionT = rclcpp::Subscription<geometry_msgs::msg::Twist_<std::allocator<void> > >; MessageMemoryStrategyT = rclcpp::message_memory_strategy::MessageMemoryStrategy<geometry_msgs::msg::Twist_<std::allocator<void> >, std::allocator<void> >; NodeParametersT = rclcpp::Node; NodeTopicsT = rclcpp::Node; ROSMessageType = geometry_msgs::msg::Twist_<std::allocator<void> >; std::string = std::__cxx11::basic_string<char>; typename MessageMemoryStrategyT::SharedPtr = std::shared_ptr<rclcpp::message_memory_strategy::MessageMemoryStrategy<geometry_msgs::msg::Twist_<std::allocator<void> >, std::allocator<void> > >][m[K’
[01m[K/opt/ros/humble/include/rclcpp/rclcpp/create_subscription.hpp:191:76:[m[K   required from ‘[01m[Kstd::shared_ptr<ROSMessageT> rclcpp::create_subscription(NodeT&, const string&, const rclcpp::QoS&, CallbackT&&, const rclcpp::SubscriptionOptionsWithAllocator<AllocatorT>&, typename MessageMemoryStrategyT::SharedPtr) [with MessageT = geometry_msgs::msg::Twist_<std::allocator<void> >; CallbackT = std::_Bind<float (EKFLocalization::*(EKFLocalization*, std::_Placeholder<1>))()>; AllocatorT = std::allocator<void>; SubscriptionT = rclcpp::Subscription<geometry_msgs::msg::Twist_<std::allocator<void> > >; MessageMemoryStrategyT = rclcpp::message_memory_strategy::MessageMemoryStrategy<geometry_msgs::msg::Twist_<std::allocator<void> >, std::allocator<void> >; NodeT = rclcpp::Node; std::string = std::__cxx11::basic_string<char>; typename MessageMemoryStrategyT::SharedPtr = std::shared_ptr<rclcpp::message_memory_strategy::MessageMemoryStrategy<geometry_msgs::msg::Twist_<std::allocator<void> >, std::allocator<void> > >][m[K’
[01m[K/opt/ros/humble/include/rclcpp/rclcpp/node_impl.hpp:99:47:[m[K   required from ‘[01m[Kstd::shared_ptr<ROSMessageT> rclcpp::Node::create_subscription(const string&, const rclcpp::QoS&, CallbackT&&, const rclcpp::SubscriptionOptionsWithAllocator<AllocatorT>&, typename MessageMemoryStrategyT::SharedPtr) [with MessageT = geometry_msgs::msg::Twist_<std::allocator<void> >; CallbackT = std::_Bind<float (EKFLocalization::*(EKFLocalization*, std::_Placeholder<1>))()>; AllocatorT = std::allocator<void>; SubscriptionT = rclcpp::Subscription<geometry_msgs::msg::Twist_<std::allocator<void> > >; MessageMemoryStrategyT = rclcpp::message_memory_strategy::MessageMemoryStrategy<geometry_msgs::msg::Twist_<std::allocator<void> >, std::allocator<void> >; std::string = std::__cxx11::basic_string<char>; typename MessageMemoryStrategyT::SharedPtr = std::shared_ptr<rclcpp::message_memory_strategy::MessageMemoryStrategy<geometry_msgs::msg::Twist_<std::allocator<void> >, std::allocator<void> > >][m[K’
[01m[K/home/javier/puzzlebot_ws/src/EKFLocalization/src/EKFLozalization.cpp:363:71:[m[K   required from here
[01m[K/usr/include/c++/11/type_traits:2205:11:[m[K [01;31m[Kerror: [m[Kno type named ‘[01m[Ktype[m[K’ in ‘[01m[Kstruct std::enable_if<false, void>[m[K’
 2205 |     using [01;31m[K__enable_if_t[m[K = typename enable_if<_Cond, _Tp>::type;
      |           [01;31m[K^~~~~~~~~~~~~[m[K
In file included from [01m[K/usr/include/c++/11/functional:59[m[K,
                 from [01m[K/home/javier/puzzlebot_ws/src/EKFLocalization/src/EKFLozalization.cpp:9[m[K:
/opt/ros/humble/include/rclcpp/rclcpp/any_subscription_callback.hpp: In instantiation of ‘[01m[Krclcpp::AnySubscriptionCallback<MessageT, AllocatorT> rclcpp::AnySubscriptionCallback<MessageT, AllocatorT>::set(CallbackT) [with CallbackT = std::_Bind<float (EKFLocalization::*(EKFLocalization*, std::_Placeholder<1>))()>; MessageT = geometry_msgs::msg::Twist_<std::allocator<void> >; AllocatorT = std::allocator<void>][m[K’:
[01m[K/opt/ros/humble/include/rclcpp/rclcpp/subscription_factory.hpp:94:32:[m[K   required from ‘[01m[Krclcpp::SubscriptionFactory rclcpp::create_subscription_factory(CallbackT&&, const rclcpp::SubscriptionOptionsWithAllocator<AllocatorT>&, typename MessageMemoryStrategyT::SharedPtr, std::shared_ptr<rclcpp::topic_statistics::SubscriptionTopicStatistics<ROSMessageType> >) [with MessageT = geometry_msgs::msg::Twist_<std::allocator<void> >; CallbackT = std::_Bind<float (EKFLocalization::*(EKFLocalization*, std::_Placeholder<1>))()>; AllocatorT = std::allocator<void>; SubscriptionT = rclcpp::Subscription<geometry_msgs::msg::Twist_<std::allocator<void> > >; MessageMemoryStrategyT = rclcpp::message_memory_strategy::MessageMemoryStrategy<geometry_msgs::msg::Twist_<std::allocator<void> >, std::allocator<void> >; ROSMessageType = geometry_msgs::msg::Twist_<std::allocator<void> >; typename MessageMemoryStrategyT::SharedPtr = std::shared_ptr<rclcpp::message_memory_strategy::MessageMemoryStrategy<geometry_msgs::msg::Twist_<std::allocator<void> >, std::allocator<void> > >][m[K’
[01m[K/opt/ros/humble/include/rclcpp/rclcpp/create_subscription.hpp:122:63:[m[K   required from ‘[01m[Kstd::shared_ptr<ROSMessageT> rclcpp::detail::create_subscription(NodeParametersT&, NodeTopicsT&, const string&, const rclcpp::QoS&, CallbackT&&, const rclcpp::SubscriptionOptionsWithAllocator<AllocatorT>&, typename MessageMemoryStrategyT::SharedPtr) [with MessageT = geometry_msgs::msg::Twist_<std::allocator<void> >; CallbackT = std::_Bind<float (EKFLocalization::*(EKFLocalization*, std::_Placeholder<1>))()>; AllocatorT = std::allocator<void>; SubscriptionT = rclcpp::Subscription<geometry_msgs::msg::Twist_<std::allocator<void> > >; MessageMemoryStrategyT = rclcpp::message_memory_strategy::MessageMemoryStrategy<geometry_msgs::msg::Twist_<std::allocator<void> >, std::allocator<void> >; NodeParametersT = rclcpp::Node; NodeTopicsT = rclcpp::Node; ROSMessageType = geometry_msgs::msg::Twist_<std::allocator<void> >; std::string = std::__cxx11::basic_string<char>; typename MessageMemoryStrategyT::SharedPtr = std::shared_ptr<rclcpp::message_memory_strategy::MessageMemoryStrategy<geometry_msgs::msg::Twist_<std::allocator<void> >, std::allocator<void> > >][m[K’
[01m[K/opt/ros/humble/include/rclcpp/rclcpp/create_subscription.hpp:191:76:[m[K   required from ‘[01m[Kstd::shared_ptr<ROSMessageT> rclcpp::create_subscription(NodeT&, const string&, const rclcpp::QoS&, CallbackT&&, const rclcpp::SubscriptionOptionsWithAllocator<AllocatorT>&, typename MessageMemoryStrategyT::SharedPtr) [with MessageT = geometry_msgs::msg::Twist_<std::allocator<void> >; CallbackT = std::_Bind<float (EKFLocalization::*(EKFLocalization*, std::_Placeholder<1>))()>; AllocatorT = std::allocator<void>; SubscriptionT = rclcpp::Subscription<geometry_msgs::msg::Twist_<std::allocator<void> > >; MessageMemoryStrategyT = rclcpp::message_memory_strategy::MessageMemoryStrategy<geometry_msgs::msg::Twist_<std::allocator<void> >, std::allocator<void> >; NodeT = rclcpp::Node; std::string = std::__cxx11::basic_string<char>; typename MessageMemoryStrategyT::SharedPtr = std::shared_ptr<rclcpp::message_memory_strategy::MessageMemoryStrategy<geometry_msgs::msg::Twist_<std::allocator<void> >, std::allocator<void> > >][m[K’
[01m[K/opt/ros/humble/include/rclcpp/rclcpp/node_impl.hpp:99:47:[m[K   required from ‘[01m[Kstd::shared_ptr<ROSMessageT> rclcpp::Node::create_subscription(const string&, const rclcpp::QoS&, CallbackT&&, const rclcpp::SubscriptionOptionsWithAllocator<AllocatorT>&, typename MessageMemoryStrategyT::SharedPtr) [with MessageT = geometry_msgs::msg::Twist_<std::allocator<void> >; CallbackT = std::_Bind<float (EKFLocalization::*(EKFLocalization*, std::_Placeholder<1>))()>; AllocatorT = std::allocator<void>; SubscriptionT = rclcpp::Subscription<geometry_msgs::msg::Twist_<std::allocator<void> > >; MessageMemoryStrategyT = rclcpp::message_memory_strategy::MessageMemoryStrategy<geometry_msgs::msg::Twist_<std::allocator<void> >, std::allocator<void> >; std::string = std::__cxx11::basic_string<char>; typename MessageMemoryStrategyT::SharedPtr = std::shared_ptr<rclcpp::message_memory_strategy::MessageMemoryStrategy<geometry_msgs::msg::Twist_<std::allocator<void> >, std::allocator<void> > >][m[K’
[01m[K/home/javier/puzzlebot_ws/src/EKFLocalization/src/EKFLozalization.cpp:363:71:[m[K   required from here
[01m[K/usr/include/c++/11/bits/std_function.h:404:7:[m[K [01;36m[Knote: [m[Kcandidate: ‘[01m[Kstd::function<_Res(_ArgTypes ...)>::function(std::function<_Res(_ArgTypes ...)>&&) [with _Res = float; _ArgTypes = {}][m[K’
  404 |       [01;36m[Kfunction[m[K(function&& __x) noexcept
      |       [01;36m[K^~~~~~~~[m[K
[01m[K/usr/include/c++/11/bits/std_function.h:404:27:[m[K [01;36m[Knote: [m[K  no known conversion for argument 1 from ‘[01m[Kstd::_Bind<float (EKFLocalization::*(EKFLocalization*, std::_Placeholder<1>))()>[m[K’ to ‘[01m[Kstd::function<float()>&&[m[K’
  404 |       function([01;36m[Kfunction&& __x[m[K) noexcept
      |                [01;36m[K~~~~~~~~~~~^~~[m[K
[01m[K/usr/include/c++/11/bits/std_function.h:386:7:[m[K [01;36m[Knote: [m[Kcandidate: ‘[01m[Kstd::function<_Res(_ArgTypes ...)>::function(const std::function<_Res(_ArgTypes ...)>&) [with _Res = float; _ArgTypes = {}][m[K’
  386 |       [01;36m[Kfunction[m[K(const function& __x)
      |       [01;36m[K^~~~~~~~[m[K
[01m[K/usr/include/c++/11/bits/std_function.h:386:32:[m[K [01;36m[Knote: [m[K  no known conversion for argument 1 from ‘[01m[Kstd::_Bind<float (EKFLocalization::*(EKFLocalization*, std::_Placeholder<1>))()>[m[K’ to ‘[01m[Kconst std::function<float()>&[m[K’
  386 |       function([01;36m[Kconst function& __x[m[K)
      |                [01;36m[K~~~~~~~~~~~~~~~~^~~[m[K
[01m[K/usr/include/c++/11/bits/std_function.h:375:7:[m[K [01;36m[Knote: [m[Kcandidate: ‘[01m[Kstd::function<_Res(_ArgTypes ...)>::function(std::nullptr_t) [with _Res = float; _ArgTypes = {}; std::nullptr_t = std::nullptr_t][m[K’
  375 |       [01;36m[Kfunction[m[K(nullptr_t) noexcept
      |       [01;36m[K^~~~~~~~[m[K
[01m[K/usr/include/c++/11/bits/std_function.h:375:16:[m[K [01;36m[Knote: [m[K  no known conversion for argument 1 from ‘[01m[Kstd::_Bind<float (EKFLocalization::*(EKFLocalization*, std::_Placeholder<1>))()>[m[K’ to ‘[01m[Kstd::nullptr_t[m[K’
  375 |       function([01;36m[Knullptr_t[m[K) noexcept
      |                [01;36m[K^~~~~~~~~[m[K
[01m[K/usr/include/c++/11/bits/std_function.h:368:7:[m[K [01;36m[Knote: [m[Kcandidate: ‘[01m[Kstd::function<_Res(_ArgTypes ...)>::function() [with _Res = float; _ArgTypes = {}][m[K’
  368 |       [01;36m[Kfunction[m[K() noexcept
      |       [01;36m[K^~~~~~~~[m[K
[01m[K/usr/include/c++/11/bits/std_function.h:368:7:[m[K [01;36m[Knote: [m[K  candidate expects 0 arguments, 1 provided
gmake[2]: *** [CMakeFiles/EKFLozalization.dir/build.make:76: CMakeFiles/EKFLozalization.dir/src/EKFLozalization.cpp.o] Error 1
gmake[1]: *** [CMakeFiles/Makefile2:137: CMakeFiles/EKFLozalization.dir/all] Error 2
gmake: *** [Makefile:146: all] Error 2
