[1.401s] Invoking command in '/home/javier/puzzlebot_ws/src/puzzlebot_model': PYTHONPATH=/home/javier/puzzlebot_ws/src/build/puzzlebot_model/prefix_override:/home/javier/puzzlebot_ws/src/install/puzzlebot_model/lib/python3.10/site-packages:${PYTHONPATH} /usr/bin/python3 setup.py egg_info --egg-base ../build/puzzlebot_model build --build-base /home/javier/puzzlebot_ws/src/build/puzzlebot_model/build install --record /home/javier/puzzlebot_ws/src/build/puzzlebot_model/install.log --single-version-externally-managed
[1.617s] running egg_info
[1.617s] creating ../build/puzzlebot_model/puzzlebot_model.egg-info
[1.617s] writing ../build/puzzlebot_model/puzzlebot_model.egg-info/PKG-INFO
[1.618s] writing dependency_links to ../build/puzzlebot_model/puzzlebot_model.egg-info/dependency_links.txt
[1.618s] writing entry points to ../build/puzzlebot_model/puzzlebot_model.egg-info/entry_points.txt
[1.618s] writing requirements to ../build/puzzlebot_model/puzzlebot_model.egg-info/requires.txt
[1.618s] writing top-level names to ../build/puzzlebot_model/puzzlebot_model.egg-info/top_level.txt
[1.618s] writing manifest file '../build/puzzlebot_model/puzzlebot_model.egg-info/SOURCES.txt'
[1.620s] reading manifest file '../build/puzzlebot_model/puzzlebot_model.egg-info/SOURCES.txt'
[1.621s] writing manifest file '../build/puzzlebot_model/puzzlebot_model.egg-info/SOURCES.txt'
[1.621s] running build
[1.621s] running build_py
[1.621s] creating /home/javier/puzzlebot_ws/src/build/puzzlebot_model/build
[1.621s] creating /home/javier/puzzlebot_ws/src/build/puzzlebot_model/build/lib
[1.622s] creating /home/javier/puzzlebot_ws/src/build/puzzlebot_model/build/lib/puzzlebot_model
[1.623s] copying puzzlebot_model/__init__.py -> /home/javier/puzzlebot_ws/src/build/puzzlebot_model/build/lib/puzzlebot_model
[1.623s] running install
[1.637s] /usr/lib/python3/dist-packages/setuptools/command/install.py:34: SetuptoolsDeprecationWarning: setup.py install is deprecated. Use build and pip and other standards-based tools.
[1.637s]   warnings.warn(
[1.637s] running install_lib
[1.638s] creating /home/javier/puzzlebot_ws/src/install/puzzlebot_model/lib/python3.10/site-packages/puzzlebot_model
[1.638s] copying /home/javier/puzzlebot_ws/src/build/puzzlebot_model/build/lib/puzzlebot_model/__init__.py -> /home/javier/puzzlebot_ws/src/install/puzzlebot_model/lib/python3.10/site-packages/puzzlebot_model
[1.638s] byte-compiling /home/javier/puzzlebot_ws/src/install/puzzlebot_model/lib/python3.10/site-packages/puzzlebot_model/__init__.py to __init__.cpython-310.pyc
[1.639s] running install_data
[1.639s] creating /home/javier/puzzlebot_ws/src/install/puzzlebot_model/share/ament_index
[1.639s] creating /home/javier/puzzlebot_ws/src/install/puzzlebot_model/share/ament_index/resource_index
[1.639s] creating /home/javier/puzzlebot_ws/src/install/puzzlebot_model/share/ament_index/resource_index/packages
[1.639s] copying resource/puzzlebot_model -> /home/javier/puzzlebot_ws/src/install/puzzlebot_model/share/ament_index/resource_index/packages
[1.639s] copying package.xml -> /home/javier/puzzlebot_ws/src/install/puzzlebot_model/share/puzzlebot_model
[1.639s] creating /home/javier/puzzlebot_ws/src/install/puzzlebot_model/share/puzzlebot_model/meshes
[1.639s] copying meshes/MCR2_1000_1_1_Wheel_Coupler_2.stl -> /home/javier/puzzlebot_ws/src/install/puzzlebot_model/share/puzzlebot_model/meshes
[1.654s] copying meshes/MCR2_1000_13_Chassis.stl -> /home/javier/puzzlebot_ws/src/install/puzzlebot_model/share/puzzlebot_model/meshes
[1.819s] copying meshes/MCR2_1000_0_Puzzlebot.stl -> /home/javier/puzzlebot_ws/src/install/puzzlebot_model/share/puzzlebot_model/meshes
[1.861s] running install_egg_info
[1.864s] Copying ../build/puzzlebot_model/puzzlebot_model.egg-info to /home/javier/puzzlebot_ws/src/install/puzzlebot_model/lib/python3.10/site-packages/puzzlebot_model-0.0.0-py3.10.egg-info
[1.866s] running install_scripts
[1.899s] writing list of installed files to '/home/javier/puzzlebot_ws/src/build/puzzlebot_model/install.log'
[1.916s] Invoked command in '/home/javier/puzzlebot_ws/src/puzzlebot_model' returned '0': PYTHONPATH=/home/javier/puzzlebot_ws/src/build/puzzlebot_model/prefix_override:/home/javier/puzzlebot_ws/src/install/puzzlebot_model/lib/python3.10/site-packages:${PYTHONPATH} /usr/bin/python3 setup.py egg_info --egg-base ../build/puzzlebot_model build --build-base /home/javier/puzzlebot_ws/src/build/puzzlebot_model/build install --record /home/javier/puzzlebot_ws/src/build/puzzlebot_model/install.log --single-version-externally-managed
