[0.040s] Invoking command in '/home/javier/puzzlebot_ws/src/build/image_stream': CMAKE_PREFIX_PATH=/home/javier/puzzlebot_ws/install/puzzlebot_odometry:/home/javier/puzzlebot_ws/install/wago_plc:/home/javier/puzzlebot_ws/install/robot_tf2_broadcaster:/home/javier/puzzlebot_ws/install/robot_pose_estimator:/opt/ros/humble:/home/javier/puzzlebot_ws/install/puzzlebot_model:/home/javier/puzzlebot_ws/install/image_stream:/home/javier/puzzlebot_ws/install/aruco_detection /usr/bin/cmake /home/javier/puzzlebot_ws/src/image_stream -DCMAKE_INSTALL_PREFIX=/home/javier/puzzlebot_ws/src/install/image_stream
[2.799s] -- The C compiler identification is GNU 12.3.0
[3.095s] -- The CXX compiler identification is GNU 11.4.0
[3.154s] -- Detecting C compiler ABI info
[3.258s] -- Detecting C compiler ABI info - done
[3.264s] -- Check for working C compiler: /usr/bin/cc - skipped
[3.265s] -- Detecting C compile features
[3.272s] -- Detecting C compile features - done
[3.276s] -- Detecting CXX compiler ABI info
[3.369s] -- Detecting CXX compiler ABI info - done
[3.376s] -- Check for working CXX compiler: /usr/bin/c++ - skipped
[3.376s] -- Detecting CXX compile features
[3.376s] -- Detecting CXX compile features - done
[3.389s] -- Found ament_cmake: 1.3.10 (/opt/ros/humble/share/ament_cmake/cmake)
[3.857s] -- Found Python3: /usr/bin/python3 (found version "3.10.12") found components: Interpreter 
[4.098s] -- Found rclcpp: 16.0.10 (/opt/ros/humble/share/rclcpp/cmake)
[4.333s] -- Found rosidl_generator_c: 3.1.5 (/opt/ros/humble/share/rosidl_generator_c/cmake)
[4.389s] -- Found rosidl_adapter: 3.1.5 (/opt/ros/humble/share/rosidl_adapter/cmake)
[4.460s] -- Found rosidl_generator_cpp: 3.1.5 (/opt/ros/humble/share/rosidl_generator_cpp/cmake)
[4.521s] -- Using all available rosidl_typesupport_c: rosidl_typesupport_fastrtps_c;rosidl_typesupport_introspection_c
[4.572s] -- Using all available rosidl_typesupport_cpp: rosidl_typesupport_fastrtps_cpp;rosidl_typesupport_introspection_cpp
[4.932s] -- Found rmw_implementation_cmake: 6.1.2 (/opt/ros/humble/share/rmw_implementation_cmake/cmake)
[4.951s] -- Found rmw_fastrtps_cpp: 6.2.7 (/opt/ros/humble/share/rmw_fastrtps_cpp/cmake)
[5.285s] -- Found OpenSSL: /usr/lib/x86_64-linux-gnu/libcrypto.so (found version "3.0.2")  
[5.335s] -- Found FastRTPS: /opt/ros/humble/include  
[5.374s] -- Using RMW implementation 'rmw_fastrtps_cpp' as default
[5.438s] -- Looking for pthread.h
[5.552s] -- Looking for pthread.h - found
[5.552s] -- Performing Test CMAKE_HAVE_LIBC_PTHREAD
[5.616s] -- Performing Test CMAKE_HAVE_LIBC_PTHREAD - Success
[5.618s] -- Found Threads: TRUE  
[5.910s] -- Found sensor_msgs: 4.2.4 (/opt/ros/humble/share/sensor_msgs/cmake)
[6.021s] -- Found cv_bridge: 3.2.1 (/opt/ros/humble/share/cv_bridge/cmake)
[6.110s] -- Found image_transport: 3.1.9 (/opt/ros/humble/share/image_transport/cmake)
[6.332s] -- Found OpenCV: /usr/local (found version "4.10.0") 
[6.339s] -- Found ament_lint_auto: 0.12.11 (/opt/ros/humble/share/ament_lint_auto/cmake)
[6.433s] -- Added test 'cppcheck' to perform static code analysis on C / C++ code
[6.433s] -- Configured cppcheck include dirs: $<BUILD_INTERFACE:/home/javier/puzzlebot_ws/src/image_stream/include>
[6.433s] -- Configured cppcheck exclude dirs and/or files: 
[6.434s] -- Added test 'lint_cmake' to check CMake code style
[6.435s] -- Added test 'uncrustify' to check C / C++ code style
[6.435s] -- Configured uncrustify additional arguments: 
[6.435s] -- Added test 'xmllint' to check XML markup files
[6.437s] -- Configuring done
[6.450s] -- Generating done
[6.452s] -- Build files have been written to: /home/javier/puzzlebot_ws/src/build/image_stream
[6.461s] Invoked command in '/home/javier/puzzlebot_ws/src/build/image_stream' returned '0': CMAKE_PREFIX_PATH=/home/javier/puzzlebot_ws/install/puzzlebot_odometry:/home/javier/puzzlebot_ws/install/wago_plc:/home/javier/puzzlebot_ws/install/robot_tf2_broadcaster:/home/javier/puzzlebot_ws/install/robot_pose_estimator:/opt/ros/humble:/home/javier/puzzlebot_ws/install/puzzlebot_model:/home/javier/puzzlebot_ws/install/image_stream:/home/javier/puzzlebot_ws/install/aruco_detection /usr/bin/cmake /home/javier/puzzlebot_ws/src/image_stream -DCMAKE_INSTALL_PREFIX=/home/javier/puzzlebot_ws/src/install/image_stream
[6.463s] Invoking command in '/home/javier/puzzlebot_ws/src/build/image_stream': CMAKE_PREFIX_PATH=/home/javier/puzzlebot_ws/install/puzzlebot_odometry:/home/javier/puzzlebot_ws/install/wago_plc:/home/javier/puzzlebot_ws/install/robot_tf2_broadcaster:/home/javier/puzzlebot_ws/install/robot_pose_estimator:/opt/ros/humble:/home/javier/puzzlebot_ws/install/puzzlebot_model:/home/javier/puzzlebot_ws/install/image_stream:/home/javier/puzzlebot_ws/install/aruco_detection /usr/bin/cmake --build /home/javier/puzzlebot_ws/src/build/image_stream -- -j12 -l12
[6.504s] [ 50%] [32mBuilding CXX object CMakeFiles/image_stream.dir/src/image_stream.cpp.o[0m
[9.220s] In file included from [01m[K/home/javier/puzzlebot_ws/src/image_stream/src/image_stream.cpp:7[m[K:
[9.220s] [01m[K/opt/ros/humble/include/image_transport/image_transport/image_transport.h:32:89:[m[K [01;36m[Knote: [m[K‘[01m[K#pragma message: Warning: This header is deprecated. Use 'image_transport.hpp' instead[m[K’
[9.220s]    32 | #pragma message ("Warning: This header is deprecated. Use 'image_transport.hpp' instead"[01;36m[K)[m[K
[9.220s]       |                                                                                         [01;36m[K^[m[K
[11.210s] [100%] [32m[1mLinking CXX executable image_stream[0m
[12.044s] /usr/bin/ld: warning: libopencv_imgcodecs.so.4.5d, needed by /opt/ros/humble/lib/libcv_bridge.so, may conflict with libopencv_imgcodecs.so.410
[12.084s] /usr/bin/ld: warning: libopencv_core.so.4.5d, needed by /opt/ros/humble/lib/libcv_bridge.so, may conflict with libopencv_core.so.410
[13.600s] [100%] Built target image_stream
[13.611s] Invoked command in '/home/javier/puzzlebot_ws/src/build/image_stream' returned '0': CMAKE_PREFIX_PATH=/home/javier/puzzlebot_ws/install/puzzlebot_odometry:/home/javier/puzzlebot_ws/install/wago_plc:/home/javier/puzzlebot_ws/install/robot_tf2_broadcaster:/home/javier/puzzlebot_ws/install/robot_pose_estimator:/opt/ros/humble:/home/javier/puzzlebot_ws/install/puzzlebot_model:/home/javier/puzzlebot_ws/install/image_stream:/home/javier/puzzlebot_ws/install/aruco_detection /usr/bin/cmake --build /home/javier/puzzlebot_ws/src/build/image_stream -- -j12 -l12
[13.636s] Invoking command in '/home/javier/puzzlebot_ws/src/build/image_stream': CMAKE_PREFIX_PATH=/home/javier/puzzlebot_ws/install/puzzlebot_odometry:/home/javier/puzzlebot_ws/install/wago_plc:/home/javier/puzzlebot_ws/install/robot_tf2_broadcaster:/home/javier/puzzlebot_ws/install/robot_pose_estimator:/opt/ros/humble:/home/javier/puzzlebot_ws/install/puzzlebot_model:/home/javier/puzzlebot_ws/install/image_stream:/home/javier/puzzlebot_ws/install/aruco_detection /usr/bin/cmake --install /home/javier/puzzlebot_ws/src/build/image_stream
[13.643s] -- Install configuration: ""
[13.643s] -- Installing: /home/javier/puzzlebot_ws/src/install/image_stream/lib/image_stream/image_stream
[13.645s] -- Set runtime path of "/home/javier/puzzlebot_ws/src/install/image_stream/lib/image_stream/image_stream" to ""
[13.646s] -- Installing: /home/javier/puzzlebot_ws/src/install/image_stream/share/ament_index/resource_index/package_run_dependencies/image_stream
[13.646s] -- Installing: /home/javier/puzzlebot_ws/src/install/image_stream/share/ament_index/resource_index/parent_prefix_path/image_stream
[13.646s] -- Installing: /home/javier/puzzlebot_ws/src/install/image_stream/share/image_stream/environment/ament_prefix_path.sh
[13.646s] -- Installing: /home/javier/puzzlebot_ws/src/install/image_stream/share/image_stream/environment/ament_prefix_path.dsv
[13.646s] -- Installing: /home/javier/puzzlebot_ws/src/install/image_stream/share/image_stream/environment/path.sh
[13.646s] -- Installing: /home/javier/puzzlebot_ws/src/install/image_stream/share/image_stream/environment/path.dsv
[13.647s] -- Installing: /home/javier/puzzlebot_ws/src/install/image_stream/share/image_stream/local_setup.bash
[13.647s] -- Installing: /home/javier/puzzlebot_ws/src/install/image_stream/share/image_stream/local_setup.sh
[13.647s] -- Installing: /home/javier/puzzlebot_ws/src/install/image_stream/share/image_stream/local_setup.zsh
[13.647s] -- Installing: /home/javier/puzzlebot_ws/src/install/image_stream/share/image_stream/local_setup.dsv
[13.647s] -- Installing: /home/javier/puzzlebot_ws/src/install/image_stream/share/image_stream/package.dsv
[13.647s] -- Installing: /home/javier/puzzlebot_ws/src/install/image_stream/share/ament_index/resource_index/packages/image_stream
[13.648s] -- Installing: /home/javier/puzzlebot_ws/src/install/image_stream/share/image_stream/cmake/image_streamConfig.cmake
[13.648s] -- Installing: /home/javier/puzzlebot_ws/src/install/image_stream/share/image_stream/cmake/image_streamConfig-version.cmake
[13.648s] -- Installing: /home/javier/puzzlebot_ws/src/install/image_stream/share/image_stream/package.xml
[13.655s] Invoked command in '/home/javier/puzzlebot_ws/src/build/image_stream' returned '0': CMAKE_PREFIX_PATH=/home/javier/puzzlebot_ws/install/puzzlebot_odometry:/home/javier/puzzlebot_ws/install/wago_plc:/home/javier/puzzlebot_ws/install/robot_tf2_broadcaster:/home/javier/puzzlebot_ws/install/robot_pose_estimator:/opt/ros/humble:/home/javier/puzzlebot_ws/install/puzzlebot_model:/home/javier/puzzlebot_ws/install/image_stream:/home/javier/puzzlebot_ws/install/aruco_detection /usr/bin/cmake --install /home/javier/puzzlebot_ws/src/build/image_stream
