[1.817s] Invoking command in '/home/javier/puzzlebot_ws/src/robot_pose_estimator': PYTHONPATH=/home/javier/puzzlebot_ws/src/build/robot_pose_estimator/prefix_override:/usr/lib/python3/dist-packages/colcon_core/task/python/colcon_distutils_commands:/home/javier/puzzlebot_ws/src/install/robot_pose_estimator/lib/python3.10/site-packages:${PYTHONPATH} /usr/bin/python3 -W ignore:setup.py install is deprecated setup.py egg_info --egg-base ../build/robot_pose_estimator build --build-base /home/javier/puzzlebot_ws/src/build/robot_pose_estimator/build install --record /home/javier/puzzlebot_ws/src/build/robot_pose_estimator/install.log --single-version-externally-managed install_data
[2.090s] /home/javier/.local/lib/python3.10/site-packages/setuptools/_distutils/dist.py:268: UserWarning: Unknown distribution option: 'tests_require'
[2.090s]   warnings.warn(msg)
[2.288s] running egg_info
[2.289s] creating ../build/robot_pose_estimator/robot_pose_estimator.egg-info
[2.321s] writing ../build/robot_pose_estimator/robot_pose_estimator.egg-info/PKG-INFO
[2.322s] writing dependency_links to ../build/robot_pose_estimator/robot_pose_estimator.egg-info/dependency_links.txt
[2.323s] writing entry points to ../build/robot_pose_estimator/robot_pose_estimator.egg-info/entry_points.txt
[2.323s] writing requirements to ../build/robot_pose_estimator/robot_pose_estimator.egg-info/requires.txt
[2.323s] writing top-level names to ../build/robot_pose_estimator/robot_pose_estimator.egg-info/top_level.txt
[2.323s] writing manifest file '../build/robot_pose_estimator/robot_pose_estimator.egg-info/SOURCES.txt'
[2.396s] reading manifest file '../build/robot_pose_estimator/robot_pose_estimator.egg-info/SOURCES.txt'
[2.396s] adding license file 'LICENSE'
[2.398s] writing manifest file '../build/robot_pose_estimator/robot_pose_estimator.egg-info/SOURCES.txt'
[2.398s] running build
[2.398s] running build_py
[2.398s] creating /home/javier/puzzlebot_ws/src/build/robot_pose_estimator/build
[2.398s] creating /home/javier/puzzlebot_ws/src/build/robot_pose_estimator/build/lib
[2.398s] creating /home/javier/puzzlebot_ws/src/build/robot_pose_estimator/build/lib/robot_pose_estimator
[2.399s] copying robot_pose_estimator/robot_pose_estimator.py -> /home/javier/puzzlebot_ws/src/build/robot_pose_estimator/build/lib/robot_pose_estimator
[2.399s] copying robot_pose_estimator/__init__.py -> /home/javier/puzzlebot_ws/src/build/robot_pose_estimator/build/lib/robot_pose_estimator
[2.399s] running install
[2.411s] running install_lib
[2.449s] creating /home/javier/puzzlebot_ws/src/install/robot_pose_estimator/lib/python3.10/site-packages/robot_pose_estimator
[2.449s] copying /home/javier/puzzlebot_ws/src/build/robot_pose_estimator/build/lib/robot_pose_estimator/robot_pose_estimator.py -> /home/javier/puzzlebot_ws/src/install/robot_pose_estimator/lib/python3.10/site-packages/robot_pose_estimator
[2.449s] copying /home/javier/puzzlebot_ws/src/build/robot_pose_estimator/build/lib/robot_pose_estimator/__init__.py -> /home/javier/puzzlebot_ws/src/install/robot_pose_estimator/lib/python3.10/site-packages/robot_pose_estimator
[2.449s] byte-compiling /home/javier/puzzlebot_ws/src/install/robot_pose_estimator/lib/python3.10/site-packages/robot_pose_estimator/robot_pose_estimator.py to robot_pose_estimator.cpython-310.pyc
[2.451s] byte-compiling /home/javier/puzzlebot_ws/src/install/robot_pose_estimator/lib/python3.10/site-packages/robot_pose_estimator/__init__.py to __init__.cpython-310.pyc
[2.451s] running install_data
[2.451s] creating /home/javier/puzzlebot_ws/src/install/robot_pose_estimator/share/ament_index
[2.452s] creating /home/javier/puzzlebot_ws/src/install/robot_pose_estimator/share/ament_index/resource_index
[2.452s] creating /home/javier/puzzlebot_ws/src/install/robot_pose_estimator/share/ament_index/resource_index/packages
[2.452s] copying resource/robot_pose_estimator -> /home/javier/puzzlebot_ws/src/install/robot_pose_estimator/share/ament_index/resource_index/packages
[2.452s] copying package.xml -> /home/javier/puzzlebot_ws/src/install/robot_pose_estimator/share/robot_pose_estimator
[2.452s] running install_egg_info
[2.487s] Copying ../build/robot_pose_estimator/robot_pose_estimator.egg-info to /home/javier/puzzlebot_ws/src/install/robot_pose_estimator/lib/python3.10/site-packages/robot_pose_estimator-0.0.0-py3.10.egg-info
[2.488s] running install_scripts
[2.660s] Installing robot_pose_estimator script to /home/javier/puzzlebot_ws/src/install/robot_pose_estimator/lib/robot_pose_estimator
[2.661s] writing list of installed files to '/home/javier/puzzlebot_ws/src/build/robot_pose_estimator/install.log'
[2.694s] Invoked command in '/home/javier/puzzlebot_ws/src/robot_pose_estimator' returned '0': PYTHONPATH=/home/javier/puzzlebot_ws/src/build/robot_pose_estimator/prefix_override:/usr/lib/python3/dist-packages/colcon_core/task/python/colcon_distutils_commands:/home/javier/puzzlebot_ws/src/install/robot_pose_estimator/lib/python3.10/site-packages:${PYTHONPATH} /usr/bin/python3 -W ignore:setup.py install is deprecated setup.py egg_info --egg-base ../build/robot_pose_estimator build --build-base /home/javier/puzzlebot_ws/src/build/robot_pose_estimator/build install --record /home/javier/puzzlebot_ws/src/build/robot_pose_estimator/install.log --single-version-externally-managed install_data
