-- The C compiler identification is GNU 12.3.0
-- The CXX compiler identification is GNU 11.4.0
-- Detecting C compiler ABI info
-- Detecting C compiler ABI info - done
-- Check for working C compiler: /usr/bin/cc - skipped
-- Detecting C compile features
-- Detecting C compile features - done
-- Detecting CXX compiler ABI info
-- Detecting CXX compiler ABI info - done
-- Check for working CXX compiler: /usr/bin/c++ - skipped
-- Detecting CXX compile features
-- Detecting CXX compile features - done
-- Found ament_cmake: 1.3.10 (/opt/ros/humble/share/ament_cmake/cmake)
-- Found Python3: /usr/bin/python3 (found version "3.10.12") found components: Interpreter 
-- Found rclcpp: 16.0.10 (/opt/ros/humble/share/rclcpp/cmake)
-- Found rosidl_generator_c: 3.1.5 (/opt/ros/humble/share/rosidl_generator_c/cmake)
-- Found rosidl_adapter: 3.1.5 (/opt/ros/humble/share/rosidl_adapter/cmake)
-- Found rosidl_generator_cpp: 3.1.5 (/opt/ros/humble/share/rosidl_generator_cpp/cmake)
-- Using all available rosidl_typesupport_c: rosidl_typesupport_fastrtps_c;rosidl_typesupport_introspection_c
-- Using all available rosidl_typesupport_cpp: rosidl_typesupport_fastrtps_cpp;rosidl_typesupport_introspection_cpp
-- Found rmw_implementation_cmake: 6.1.2 (/opt/ros/humble/share/rmw_implementation_cmake/cmake)
-- Found rmw_fastrtps_cpp: 6.2.7 (/opt/ros/humble/share/rmw_fastrtps_cpp/cmake)
-- Found OpenSSL: /usr/lib/x86_64-linux-gnu/libcrypto.so (found version "3.0.2")  
-- Found FastRTPS: /opt/ros/humble/include  
-- Using RMW implementation 'rmw_fastrtps_cpp' as default
-- Looking for pthread.h
-- Looking for pthread.h - found
-- Performing Test CMAKE_HAVE_LIBC_PTHREAD
-- Performing Test CMAKE_HAVE_LIBC_PTHREAD - Success
-- Found Threads: TRUE  
-- Found cv_bridge: 3.2.1 (/opt/ros/humble/share/cv_bridge/cmake)
-- Found image_transport: 3.1.9 (/opt/ros/humble/share/image_transport/cmake)
-- Found OpenCV: /usr/local (found version "4.10.0") 
-- Found ament_lint_auto: 0.12.11 (/opt/ros/humble/share/ament_lint_auto/cmake)
-- Added test 'cppcheck' to perform static code analysis on C / C++ code
-- Configured cppcheck include dirs: $<BUILD_INTERFACE:/home/javier/puzzlebot_ws/src/aruco_detection/include>
-- Configured cppcheck exclude dirs and/or files: 
-- Added test 'lint_cmake' to check CMake code style
-- Added test 'uncrustify' to check C / C++ code style
-- Configured uncrustify additional arguments: 
-- Added test 'xmllint' to check XML markup files
-- Configuring done
-- Generating done
-- Build files have been written to: /home/javier/puzzlebot_ws/src/build/aruco_detection
[ 50%] [32mBuilding CXX object CMakeFiles/aruco_detection.dir/src/aruco_detection.cpp.o[0m
In file included from [01m[K/home/javier/puzzlebot_ws/src/aruco_detection/src/aruco_detection.cpp:5[m[K:
[01m[K/opt/ros/humble/include/image_transport/image_transport/image_transport.h:32:89:[m[K [01;36m[Knote: [m[K‘[01m[K#pragma message: Warning: This header is deprecated. Use 'image_transport.hpp' instead[m[K’
   32 | #pragma message ("Warning: This header is deprecated. Use 'image_transport.hpp' instead"[01;36m[K)[m[K
      |                                                                                         [01;36m[K^[m[K
[01m[K/home/javier/puzzlebot_ws/src/aruco_detection/src/aruco_detection.cpp:[m[K In member function ‘[01m[Kvoid Aruco_Detection::imageCallback(const ConstSharedPtr&)[m[K’:
[01m[K/home/javier/puzzlebot_ws/src/aruco_detection/src/aruco_detection.cpp:69:21:[m[K [01;35m[Kwarning: [m[Kcomparison of integer expressions of different signedness: ‘[01m[Kint[m[K’ and ‘[01m[Kstd::vector<int>::size_type[m[K’ {aka ‘[01m[Klong unsigned int[m[K’} [[01;35m[K]8;;https://gcc.gnu.org/onlinedocs/gcc/Warning-Options.html#index-Wsign-compare-Wsign-compare]8;;[m[K]
   69 |     for (int i=0; [01;35m[Ki < markerIds.size()[m[K;i++){
      |                   [01;35m[K~~^~~~~~~~~~~~~~~~~~[m[K
[100%] [32m[1mLinking CXX executable aruco_detection[0m
/usr/bin/ld: warning: libopencv_imgcodecs.so.4.5d, needed by /opt/ros/humble/lib/libcv_bridge.so, may conflict with libopencv_imgcodecs.so.410
/usr/bin/ld: warning: libopencv_imgproc.so.4.5d, needed by /opt/ros/humble/lib/libcv_bridge.so, may conflict with libopencv_imgproc.so.410
/usr/bin/ld: warning: libopencv_core.so.4.5d, needed by /opt/ros/humble/lib/libcv_bridge.so, may conflict with libopencv_core.so.410
[100%] Built target aruco_detection
-- Install configuration: ""
-- Installing: /home/javier/puzzlebot_ws/src/install/aruco_detection/lib/aruco_detection/aruco_detection
-- Set runtime path of "/home/javier/puzzlebot_ws/src/install/aruco_detection/lib/aruco_detection/aruco_detection" to ""
-- Installing: /home/javier/puzzlebot_ws/src/install/aruco_detection/share/ament_index/resource_index/package_run_dependencies/aruco_detection
-- Installing: /home/javier/puzzlebot_ws/src/install/aruco_detection/share/ament_index/resource_index/parent_prefix_path/aruco_detection
-- Installing: /home/javier/puzzlebot_ws/src/install/aruco_detection/share/aruco_detection/environment/ament_prefix_path.sh
-- Installing: /home/javier/puzzlebot_ws/src/install/aruco_detection/share/aruco_detection/environment/ament_prefix_path.dsv
-- Installing: /home/javier/puzzlebot_ws/src/install/aruco_detection/share/aruco_detection/environment/path.sh
-- Installing: /home/javier/puzzlebot_ws/src/install/aruco_detection/share/aruco_detection/environment/path.dsv
-- Installing: /home/javier/puzzlebot_ws/src/install/aruco_detection/share/aruco_detection/local_setup.bash
-- Installing: /home/javier/puzzlebot_ws/src/install/aruco_detection/share/aruco_detection/local_setup.sh
-- Installing: /home/javier/puzzlebot_ws/src/install/aruco_detection/share/aruco_detection/local_setup.zsh
-- Installing: /home/javier/puzzlebot_ws/src/install/aruco_detection/share/aruco_detection/local_setup.dsv
-- Installing: /home/javier/puzzlebot_ws/src/install/aruco_detection/share/aruco_detection/package.dsv
-- Installing: /home/javier/puzzlebot_ws/src/install/aruco_detection/share/ament_index/resource_index/packages/aruco_detection
-- Installing: /home/javier/puzzlebot_ws/src/install/aruco_detection/share/aruco_detection/cmake/aruco_detectionConfig.cmake
-- Installing: /home/javier/puzzlebot_ws/src/install/aruco_detection/share/aruco_detection/cmake/aruco_detectionConfig-version.cmake
-- Installing: /home/javier/puzzlebot_ws/src/install/aruco_detection/share/aruco_detection/package.xml
