[2.162s] Invoking command in '/home/javier/puzzlebot_ws/src/puzzlebot_model': PYTHONPATH=/home/javier/puzzlebot_ws/src/build/puzzlebot_model/prefix_override:/usr/lib/python3/dist-packages/colcon_core/task/python/colcon_distutils_commands:/home/javier/puzzlebot_ws/src/install/puzzlebot_model/lib/python3.10/site-packages:${PYTHONPATH} /usr/bin/python3 -W ignore:setup.py install is deprecated setup.py egg_info --egg-base ../build/puzzlebot_model build --build-base /home/javier/puzzlebot_ws/src/build/puzzlebot_model/build install --record /home/javier/puzzlebot_ws/src/build/puzzlebot_model/install.log --single-version-externally-managed install_data
[2.313s] /home/javier/.local/lib/python3.10/site-packages/setuptools/_distutils/dist.py:268: UserWarning: Unknown distribution option: 'tests_require'
[2.313s]   warnings.warn(msg)
[2.432s] running egg_info
[2.451s] writing ../build/puzzlebot_model/puzzlebot_model.egg-info/PKG-INFO
[2.451s] writing dependency_links to ../build/puzzlebot_model/puzzlebot_model.egg-info/dependency_links.txt
[2.452s] deleting ../build/puzzlebot_model/puzzlebot_model.egg-info/entry_points.txt
[2.452s] writing requirements to ../build/puzzlebot_model/puzzlebot_model.egg-info/requires.txt
[2.452s] writing top-level names to ../build/puzzlebot_model/puzzlebot_model.egg-info/top_level.txt
[2.492s] reading manifest file '../build/puzzlebot_model/puzzlebot_model.egg-info/SOURCES.txt'
[2.493s] writing manifest file '../build/puzzlebot_model/puzzlebot_model.egg-info/SOURCES.txt'
[2.493s] running build
[2.493s] running build_py
[2.494s] copying puzzlebot_model/__init__.py -> /home/javier/puzzlebot_ws/src/build/puzzlebot_model/build/lib/puzzlebot_model
[2.494s] running install
[2.499s] running install_lib
[2.520s] running install_data
[2.520s] copying resource/puzzlebot_model -> /home/javier/puzzlebot_ws/src/install/puzzlebot_model/share/ament_index/resource_index/packages
[2.520s] copying package.xml -> /home/javier/puzzlebot_ws/src/install/puzzlebot_model/share/puzzlebot_model
[2.520s] copying meshes/RP-lidar-A1.stl -> /home/javier/puzzlebot_ws/src/install/puzzlebot_model/share/puzzlebot_model/meshes
[2.609s] creating /home/javier/puzzlebot_ws/src/install/puzzlebot_model/share/puzzlebot_model/urdf
[2.609s] copying urdf/puzzlebot.urdf -> /home/javier/puzzlebot_ws/src/install/puzzlebot_model/share/puzzlebot_model/urdf
[2.609s] creating /home/javier/puzzlebot_ws/src/install/puzzlebot_model/share/puzzlebot_model/config
[2.609s] copying config/rviz2_puzzlebot_model.rviz -> /home/javier/puzzlebot_ws/src/install/puzzlebot_model/share/puzzlebot_model/config
[2.610s] creating /home/javier/puzzlebot_ws/src/install/puzzlebot_model/share/puzzlebot_model/launch
[2.610s] copying launch/puzzlebot_model.launch.py -> /home/javier/puzzlebot_ws/src/install/puzzlebot_model/share/puzzlebot_model/launch
[2.610s] running install_egg_info
[2.630s] removing '/home/javier/puzzlebot_ws/src/install/puzzlebot_model/lib/python3.10/site-packages/puzzlebot_model-0.0.0-py3.10.egg-info' (and everything under it)
[2.630s] Copying ../build/puzzlebot_model/puzzlebot_model.egg-info to /home/javier/puzzlebot_ws/src/install/puzzlebot_model/lib/python3.10/site-packages/puzzlebot_model-0.0.0-py3.10.egg-info
[2.684s] running install_scripts
[2.847s] writing list of installed files to '/home/javier/puzzlebot_ws/src/build/puzzlebot_model/install.log'
[2.866s] Invoked command in '/home/javier/puzzlebot_ws/src/puzzlebot_model' returned '0': PYTHONPATH=/home/javier/puzzlebot_ws/src/build/puzzlebot_model/prefix_override:/usr/lib/python3/dist-packages/colcon_core/task/python/colcon_distutils_commands:/home/javier/puzzlebot_ws/src/install/puzzlebot_model/lib/python3.10/site-packages:${PYTHONPATH} /usr/bin/python3 -W ignore:setup.py install is deprecated setup.py egg_info --egg-base ../build/puzzlebot_model build --build-base /home/javier/puzzlebot_ws/src/build/puzzlebot_model/build install --record /home/javier/puzzlebot_ws/src/build/puzzlebot_model/install.log --single-version-externally-managed install_data
