[1.409s] Invoking command in '/home/javier/puzzlebot_ws/src/puzzlebot_model': PYTHONPATH=/home/javier/puzzlebot_ws/src/build/puzzlebot_model/prefix_override:/usr/lib/python3/dist-packages/colcon_core/task/python/colcon_distutils_commands:/home/javier/puzzlebot_ws/src/install/puzzlebot_model/lib/python3.10/site-packages:${PYTHONPATH} /usr/bin/python3 -W ignore:setup.py install is deprecated setup.py egg_info --egg-base ../build/puzzlebot_model build --build-base /home/javier/puzzlebot_ws/src/build/puzzlebot_model/build install --record /home/javier/puzzlebot_ws/src/build/puzzlebot_model/install.log --single-version-externally-managed install_data
[1.563s] /home/javier/.local/lib/python3.10/site-packages/setuptools/_distutils/dist.py:268: UserWarning: Unknown distribution option: 'tests_require'
[1.564s]   warnings.warn(msg)
[1.682s] running egg_info
[1.701s] writing ../build/puzzlebot_model/puzzlebot_model.egg-info/PKG-INFO
[1.701s] writing dependency_links to ../build/puzzlebot_model/puzzlebot_model.egg-info/dependency_links.txt
[1.701s] writing requirements to ../build/puzzlebot_model/puzzlebot_model.egg-info/requires.txt
[1.702s] writing top-level names to ../build/puzzlebot_model/puzzlebot_model.egg-info/top_level.txt
[1.741s] reading manifest file '../build/puzzlebot_model/puzzlebot_model.egg-info/SOURCES.txt'
[1.742s] writing manifest file '../build/puzzlebot_model/puzzlebot_model.egg-info/SOURCES.txt'
[1.742s] running build
[1.742s] running build_py
[1.742s] copying puzzlebot_model/__init__.py -> /home/javier/puzzlebot_ws/src/build/puzzlebot_model/build/lib/puzzlebot_model
[1.742s] running install
[1.747s] running install_lib
[1.766s] running install_data
[1.766s] copying resource/puzzlebot_model -> /home/javier/puzzlebot_ws/src/install/puzzlebot_model/share/ament_index/resource_index/packages
[1.766s] copying package.xml -> /home/javier/puzzlebot_ws/src/install/puzzlebot_model/share/puzzlebot_model
[1.766s] copying meshes/RP-lidar-A1.stl -> /home/javier/puzzlebot_ws/src/install/puzzlebot_model/share/puzzlebot_model/meshes
[1.769s] copying urdf/puzzlebot.urdf -> /home/javier/puzzlebot_ws/src/install/puzzlebot_model/share/puzzlebot_model/urdf
[1.769s] copying config/rviz2_puzzlebot_model.rviz -> /home/javier/puzzlebot_ws/src/install/puzzlebot_model/share/puzzlebot_model/config
[1.770s] copying launch/puzzlebot_model.launch.py -> /home/javier/puzzlebot_ws/src/install/puzzlebot_model/share/puzzlebot_model/launch
[1.770s] running install_egg_info
[1.790s] removing '/home/javier/puzzlebot_ws/src/install/puzzlebot_model/lib/python3.10/site-packages/puzzlebot_model-0.0.0-py3.10.egg-info' (and everything under it)
[1.790s] Copying ../build/puzzlebot_model/puzzlebot_model.egg-info to /home/javier/puzzlebot_ws/src/install/puzzlebot_model/lib/python3.10/site-packages/puzzlebot_model-0.0.0-py3.10.egg-info
[1.790s] running install_scripts
[1.936s] writing list of installed files to '/home/javier/puzzlebot_ws/src/build/puzzlebot_model/install.log'
[1.956s] Invoked command in '/home/javier/puzzlebot_ws/src/puzzlebot_model' returned '0': PYTHONPATH=/home/javier/puzzlebot_ws/src/build/puzzlebot_model/prefix_override:/usr/lib/python3/dist-packages/colcon_core/task/python/colcon_distutils_commands:/home/javier/puzzlebot_ws/src/install/puzzlebot_model/lib/python3.10/site-packages:${PYTHONPATH} /usr/bin/python3 -W ignore:setup.py install is deprecated setup.py egg_info --egg-base ../build/puzzlebot_model build --build-base /home/javier/puzzlebot_ws/src/build/puzzlebot_model/build install --record /home/javier/puzzlebot_ws/src/build/puzzlebot_model/install.log --single-version-externally-managed install_data
