[0.820s] Invoking command in '/home/javier/puzzlebot_ws/src/build/ugv02_cartographer': CMAKE_PREFIX_PATH=/opt/ros/humble /usr/bin/cmake /home/javier/puzzlebot_ws/src/ugv02_cartographer -DCMAKE_INSTALL_PREFIX=/home/javier/puzzlebot_ws/src/install/ugv02_cartographer
[0.907s] -- The C compiler identification is GNU 12.3.0
[0.984s] -- The CXX compiler identification is GNU 11.4.0
[0.998s] -- Detecting C compiler ABI info
[1.077s] -- Detecting C compiler ABI info - done
[1.092s] -- Check for working C compiler: /usr/bin/cc - skipped
[1.093s] -- Detecting C compile features
[1.093s] -- Detecting C compile features - done
[1.099s] -- Detecting CXX compiler ABI info
[1.209s] -- Detecting CXX compiler ABI info - done
[1.227s] -- Check for working CXX compiler: /usr/bin/c++ - skipped
[1.227s] -- Detecting CXX compile features
[1.230s] -- Detecting CXX compile features - done
[1.233s] -- Found ament_cmake: 1.3.10 (/opt/ros/humble/share/ament_cmake/cmake)
[1.861s] -- Found Python3: /usr/bin/python3 (found version "3.10.12") found components: Interpreter 
[1.977s] -- Found ament_lint_auto: 0.12.11 (/opt/ros/humble/share/ament_lint_auto/cmake)
[2.126s] -- Added test 'flake8' to check Python code syntax and style conventions
[2.127s] -- Added test 'lint_cmake' to check CMake code style
[2.128s] -- Added test 'pep257' to check Python code against some of the docstring style conventions in PEP 257
[2.129s] -- Added test 'xmllint' to check XML markup files
[2.131s] -- Configuring done
[2.136s] -- Generating done
[2.137s] -- Build files have been written to: /home/javier/puzzlebot_ws/src/build/ugv02_cartographer
[2.143s] Invoked command in '/home/javier/puzzlebot_ws/src/build/ugv02_cartographer' returned '0': CMAKE_PREFIX_PATH=/opt/ros/humble /usr/bin/cmake /home/javier/puzzlebot_ws/src/ugv02_cartographer -DCMAKE_INSTALL_PREFIX=/home/javier/puzzlebot_ws/src/install/ugv02_cartographer
[2.145s] Invoking command in '/home/javier/puzzlebot_ws/src/build/ugv02_cartographer': CMAKE_PREFIX_PATH=/opt/ros/humble /usr/bin/cmake --build /home/javier/puzzlebot_ws/src/build/ugv02_cartographer -- -j12 -l12
[2.189s] Invoked command in '/home/javier/puzzlebot_ws/src/build/ugv02_cartographer' returned '0': CMAKE_PREFIX_PATH=/opt/ros/humble /usr/bin/cmake --build /home/javier/puzzlebot_ws/src/build/ugv02_cartographer -- -j12 -l12
[2.235s] Invoking command in '/home/javier/puzzlebot_ws/src/build/ugv02_cartographer': CMAKE_PREFIX_PATH=/opt/ros/humble /usr/bin/cmake --install /home/javier/puzzlebot_ws/src/build/ugv02_cartographer
[2.246s] -- Install configuration: ""
[2.246s] -- Installing: /home/javier/puzzlebot_ws/src/install/ugv02_cartographer/share/ugv02_cartographer/config
[2.246s] -- Installing: /home/javier/puzzlebot_ws/src/install/ugv02_cartographer/share/ugv02_cartographer/config/cartographer_2d.lua
[2.249s] -- Installing: /home/javier/puzzlebot_ws/src/install/ugv02_cartographer/share/ugv02_cartographer/launch
[2.250s] -- Installing: /home/javier/puzzlebot_ws/src/install/ugv02_cartographer/share/ugv02_cartographer/launch/cartographer.launch.py
[2.250s] -- Installing: /home/javier/puzzlebot_ws/src/install/ugv02_cartographer/share/ament_index/resource_index/package_run_dependencies/ugv02_cartographer
[2.250s] -- Installing: /home/javier/puzzlebot_ws/src/install/ugv02_cartographer/share/ament_index/resource_index/parent_prefix_path/ugv02_cartographer
[2.250s] -- Installing: /home/javier/puzzlebot_ws/src/install/ugv02_cartographer/share/ugv02_cartographer/environment/ament_prefix_path.sh
[2.250s] -- Installing: /home/javier/puzzlebot_ws/src/install/ugv02_cartographer/share/ugv02_cartographer/environment/ament_prefix_path.dsv
[2.250s] -- Installing: /home/javier/puzzlebot_ws/src/install/ugv02_cartographer/share/ugv02_cartographer/environment/path.sh
[2.251s] -- Installing: /home/javier/puzzlebot_ws/src/install/ugv02_cartographer/share/ugv02_cartographer/environment/path.dsv
[2.251s] -- Installing: /home/javier/puzzlebot_ws/src/install/ugv02_cartographer/share/ugv02_cartographer/local_setup.bash
[2.255s] -- Installing: /home/javier/puzzlebot_ws/src/install/ugv02_cartographer/share/ugv02_cartographer/local_setup.sh
[2.255s] -- Installing: /home/javier/puzzlebot_ws/src/install/ugv02_cartographer/share/ugv02_cartographer/local_setup.zsh
[2.255s] -- Installing: /home/javier/puzzlebot_ws/src/install/ugv02_cartographer/share/ugv02_cartographer/local_setup.dsv
[2.257s] -- Installing: /home/javier/puzzlebot_ws/src/install/ugv02_cartographer/share/ugv02_cartographer/package.dsv
[2.257s] -- Installing: /home/javier/puzzlebot_ws/src/install/ugv02_cartographer/share/ament_index/resource_index/packages/ugv02_cartographer
[2.257s] -- Installing: /home/javier/puzzlebot_ws/src/install/ugv02_cartographer/share/ugv02_cartographer/cmake/ugv02_cartographerConfig.cmake
[2.258s] -- Installing: /home/javier/puzzlebot_ws/src/install/ugv02_cartographer/share/ugv02_cartographer/cmake/ugv02_cartographerConfig-version.cmake
[2.259s] -- Installing: /home/javier/puzzlebot_ws/src/install/ugv02_cartographer/share/ugv02_cartographer/package.xml
[2.263s] Invoked command in '/home/javier/puzzlebot_ws/src/build/ugv02_cartographer' returned '0': CMAKE_PREFIX_PATH=/opt/ros/humble /usr/bin/cmake --install /home/javier/puzzlebot_ws/src/build/ugv02_cartographer
