[0.016s] Invoking command in '/home/javier/puzzlebot_ws/src/build/EKFLocalization': CMAKE_PREFIX_PATH=/opt/ros/humble /usr/bin/cmake --build /home/javier/puzzlebot_ws/src/build/EKFLocalization -- -j12 -l12
[0.051s] [35m[1mConsolidate compiler generated dependencies of target EKFLozalization[0m
[0.069s] [ 50%] [32mBuilding CXX object CMakeFiles/EKFLozalization.dir/src/EKFLozalization.cpp.o[0m
[2.972s] [01m[K/home/javier/puzzlebot_ws/src/EKFLocalization/src/EKFLozalization.cpp:[m[K In member function ‘[01m[Kvoid EKFLocalization::control_callback(geometry_msgs::msg::Twist_<std::allocator<void> >::SharedPtr)[m[K’:
[2.972s] [01m[K/home/javier/puzzlebot_ws/src/EKFLocalization/src/EKFLozalization.cpp:124:30:[m[K [01;31m[Kerror: [m[Kbase operand of ‘[01m[K->[m[K’ has non-pointer type ‘[01m[Kgeometry_msgs::msg::Twist_<std::allocator<void> >::_linear_type[m[K’ {aka ‘[01m[Kgeometry_msgs::msg::Vector3_<std::allocator<void> >[m[K’}
[2.972s]   124 |       this->v_k = msg->linear[01;31m[K->[m[Kx;
[2.972s]       |                              [01;31m[K^~[m[K
[2.972s] [01m[K/home/javier/puzzlebot_ws/src/EKFLocalization/src/EKFLozalization.cpp:125:31:[m[K [01;31m[Kerror: [m[Kbase operand of ‘[01m[K->[m[K’ has non-pointer type ‘[01m[Kgeometry_msgs::msg::Twist_<std::allocator<void> >::_angular_type[m[K’ {aka ‘[01m[Kgeometry_msgs::msg::Vector3_<std::allocator<void> >[m[K’}
[2.972s]   125 |       this->w_k = msg->angular[01;31m[K->[m[Kz;
[2.972s]       |                               [01;31m[K^~[m[K
[2.972s] [01m[K/home/javier/puzzlebot_ws/src/EKFLocalization/src/EKFLozalization.cpp:[m[K In member function ‘[01m[Kfloat EKFLocalization::wrap_to_pi(float&)[m[K’:
[2.972s] [01m[K/home/javier/puzzlebot_ws/src/EKFLocalization/src/EKFLozalization.cpp:133:24:[m[K [01;31m[Kerror: [m[K‘[01m[Kstd::numbers[m[K’ has not been declared
[2.973s]   133 |       if (theta > std::[01;31m[Knumbers[m[K::pi){
[2.973s]       |                        [01;31m[K^~~~~~~[m[K
[2.973s] [01m[K/home/javier/puzzlebot_ws/src/EKFLocalization/src/EKFLozalization.cpp:134:34:[m[K [01;31m[Kerror: [m[K‘[01m[Kstd::numbers[m[K’ has not been declared
[2.973s]   134 |         theta = theta - 2 * std::[01;31m[Knumbers[m[K::pi;
[2.973s]       |                                  [01;31m[K^~~~~~~[m[K
[2.973s] [01m[K/home/javier/puzzlebot_ws/src/EKFLocalization/src/EKFLozalization.cpp:136:29:[m[K [01;31m[Kerror: [m[K‘[01m[Kstd::numbers[m[K’ has not been declared
[2.973s]   136 |       else if (theta < std::[01;31m[Knumbers[m[K::pi){
[2.973s]       |                             [01;31m[K^~~~~~~[m[K
[2.973s] [01m[K/home/javier/puzzlebot_ws/src/EKFLocalization/src/EKFLozalization.cpp:137:34:[m[K [01;31m[Kerror: [m[K‘[01m[Kstd::numbers[m[K’ has not been declared
[2.973s]   137 |         theta = theta + 2 * std::[01;31m[Knumbers[m[K::pi;
[2.973s]       |                                  [01;31m[K^~~~~~~[m[K
[2.994s] [01m[K/home/javier/puzzlebot_ws/src/EKFLocalization/src/EKFLozalization.cpp:[m[K In member function ‘[01m[Kvoid EKFLocalization::calc_SigmaD()[m[K’:
[2.994s] [01m[K/home/javier/puzzlebot_ws/src/EKFLocalization/src/EKFLozalization.cpp:164:7:[m[K [01;31m[Kerror: [m[K‘[01m[KsigmaD[m[K’ was not declared in this scope; did you mean ‘[01m[KSigmaD[m[K’?
[2.994s]   164 |       [01;31m[KsigmaD[m[K(0,0) = kr * std::abs(wR);
[2.994s]       |       [01;31m[K^~~~~~[m[K
[2.994s]       |       [32m[KSigmaD[m[K
[2.998s] [01m[K/home/javier/puzzlebot_ws/src/EKFLocalization/src/EKFLozalization.cpp:164:21:[m[K [01;31m[Kerror: [m[K‘[01m[Kkr[m[K’ was not declared in this scope; did you mean ‘[01m[KkR[m[K’?
[2.998s]   164 |       sigmaD(0,0) = [01;31m[Kkr[m[K * std::abs(wR);
[2.998s]       |                     [01;31m[K^~[m[K
[2.998s]       |                     [32m[KkR[m[K
[3.002s] [01m[K/home/javier/puzzlebot_ws/src/EKFLocalization/src/EKFLozalization.cpp:165:21:[m[K [01;31m[Kerror: [m[K‘[01m[Kkl[m[K’ was not declared in this scope; did you mean ‘[01m[KkL[m[K’?
[3.002s]   165 |       sigmaD(1,1) = [01;31m[Kkl[m[K * std::abs(wL);
[3.002s]       |                     [01;31m[K^~[m[K
[3.002s]       |                     [32m[KkL[m[K
[3.084s] [01m[K/home/javier/puzzlebot_ws/src/EKFLocalization/src/EKFLozalization.cpp:[m[K In member function ‘[01m[Kvoid EKFLocalization::calc_zHat()[m[K’:
[3.084s] [01m[K/home/javier/puzzlebot_ws/src/EKFLocalization/src/EKFLozalization.cpp:195:30:[m[K [01;31m[Kerror: [m[Kcannot bind non-const lvalue reference of type ‘[01m[Kfloat&[m[K’ to an rvalue of type ‘[01m[Kfloat[m[K’
[3.084s]   195 |       z(1) = wrap_to_pi([01;31m[Katan2(delta_zy,delta_zx)[m[K);
[3.084s]       |                         [01;31m[K~~~~~^~~~~~~~~~~~~~~~~~~[m[K
[3.084s] [01m[K/home/javier/puzzlebot_ws/src/EKFLocalization/src/EKFLozalization.cpp:132:29:[m[K [01;36m[Knote: [m[K  initializing argument 1 of ‘[01m[Kfloat EKFLocalization::wrap_to_pi(float&)[m[K’
[3.085s]   132 |     float wrap_to_pi([01;36m[Kfloat& theta[m[K){
[3.085s]       |                      [01;36m[K~~~~~~~^~~~~[m[K
[3.096s] [01m[K/home/javier/puzzlebot_ws/src/EKFLocalization/src/EKFLozalization.cpp:[m[K In member function ‘[01m[Kvoid EKFLocalization::calc_Z()[m[K’:
[3.096s] [01m[K/home/javier/puzzlebot_ws/src/EKFLocalization/src/EKFLozalization.cpp:208:23:[m[K [01;31m[Kerror: [m[K‘[01m[Kg[m[K’ was not declared in this scope
[3.097s]   208 |       Z = G * Sigma * [01;31m[Kg[m[K.transpose() + R;
[3.097s]       |                       [01;31m[K^[m[K
[3.163s] [01m[K/home/javier/puzzlebot_ws/src/EKFLocalization/src/EKFLozalization.cpp:[m[K In member function ‘[01m[Kvoid EKFLocalization::calc_Sigma()[m[K’:
[3.163s] [01m[K/home/javier/puzzlebot_ws/src/EKFLocalization/src/EKFLozalization.cpp:221:24:[m[K [01;31m[Kerror: [m[K‘[01m[Kk[m[K’ was not declared in this scope
[3.163s]   221 |       Sigma = (I_3x3 - [01;31m[Kk[m[K * G) * Sigma;
[3.163s]       |                        [01;31m[K^[m[K
[3.165s] [01m[K/home/javier/puzzlebot_ws/src/EKFLocalization/src/EKFLozalization.cpp:[m[K In member function ‘[01m[Kvoid EKFLocalization::publish_result()[m[K’:
[3.165s] [01m[K/home/javier/puzzlebot_ws/src/EKFLocalization/src/EKFLozalization.cpp:262:48:[m[K [01;35m[Kwarning: [m[Kleft operand of comma operator has no effect [[01;35m[K]8;;https://gcc.gnu.org/onlinedocs/gcc/Warning-Options.html#index-Wunused-value-Wunused-value]8;;[m[K]
[3.165s]   262 |       odometry_msg.pose.covariance[0]  = Sigma[[01;35m[K0[m[K, 0]
[3.165s]       |                                                [01;35m[K^[m[K
[3.165s] [01m[K/home/javier/puzzlebot_ws/src/EKFLocalization/src/EKFLozalization.cpp:263:7:[m[K [01;31m[Kerror: [m[Kexpected ‘[01m[K;[m[K’ before ‘[01m[Kodometry_msg[m[K’
[3.165s]   263 |       [01;31m[Kodometry_msg[m[K.pose.covariance[1]  = Sigma[0, 1]
[3.165s]       |       [01;31m[K^~~~~~~~~~~~[m[K
[3.165s] [01m[K/home/javier/puzzlebot_ws/src/EKFLocalization/src/EKFLozalization.cpp:[m[K In member function ‘[01m[Kvoid EKFLocalization::Set_Previous()[m[K’:
[3.165s] [01m[K/home/javier/puzzlebot_ws/src/EKFLocalization/src/EKFLozalization.cpp:280:7:[m[K [01;31m[Kerror: [m[Kexpected ‘[01m[K;[m[K’ before ‘[01m[Kprev_Sigma[m[K’
[3.165s]   280 |       [01;31m[Kprev_Sigma[m[K = Sigma
[3.165s]       |       [01;31m[K^~~~~~~~~~[m[K
[3.165s] [01m[K/home/javier/puzzlebot_ws/src/EKFLocalization/src/EKFLozalization.cpp:[m[K In member function ‘[01m[Kvoid EKFLocalization::PoseEstimation(float, bool)[m[K’:
[3.165s] [01m[K/home/javier/puzzlebot_ws/src/EKFLocalization/src/EKFLozalization.cpp:288:9:[m[K [01;31m[Kerror: [m[Kexpected ‘[01m[K;[m[K’ before ‘[01m[Kz_measured[m[K’
[3.165s]   288 |         [01;31m[Kz_measured[m[K(1) = 0.0; //landmark_measured(1);
[3.166s]       |         [01;31m[K^~~~~~~~~~[m[K
[3.170s] [01m[K/home/javier/puzzlebot_ws/src/EKFLocalization/src/EKFLozalization.cpp:302:9:[m[K [01;31m[Kerror: [m[K‘[01m[Kkl[m[K’ was not declared in this scope; did you mean ‘[01m[KkL[m[K’?
[3.170s]   302 |         [01;31m[Kkl[m[K = 0.0; //calibrated_klr(0);
[3.170s]       |         [01;31m[K^~[m[K
[3.170s]       |         [32m[KkL[m[K
[3.174s] [01m[K/home/javier/puzzlebot_ws/src/EKFLocalization/src/EKFLozalization.cpp:303:9:[m[K [01;31m[Kerror: [m[K‘[01m[Kkr[m[K’ was not declared in this scope; did you mean ‘[01m[KkR[m[K’?
[3.174s]   303 |         [01;31m[Kkr[m[K = 0.0; //calibrated_klr(1);
[3.174s]       |         [01;31m[K^~[m[K
[3.174s]       |         [32m[KkR[m[K
[3.179s] [01m[K/home/javier/puzzlebot_ws/src/EKFLocalization/src/EKFLozalization.cpp:311:9:[m[K [01;31m[Kerror: [m[K‘[01m[KEstimate_Q[m[K’ was not declared in this scope; did you mean ‘[01m[Kestimate_Q[m[K’?
[3.179s]   311 |         [01;31m[KEstimate_Q[m[K()
[3.179s]       |         [01;31m[K^~~~~~~~~~[m[K
[3.179s]       |         [32m[Kestimate_Q[m[K
[3.183s] [01m[K/home/javier/puzzlebot_ws/src/EKFLocalization/src/EKFLozalization.cpp:317:9:[m[K [01;31m[Kerror: [m[K‘[01m[KCalc_Gradient_h[m[K’ was not declared in this scope; did you mean ‘[01m[Kcalc_gradient_h[m[K’?
[3.183s]   317 |         [01;31m[KCalc_Gradient_h[m[K(); // Pose Model linerization
[3.183s]       |         [01;31m[K^~~~~~~~~~~~~~~[m[K
[3.183s]       |         [32m[Kcalc_gradient_h[m[K
[3.187s] [01m[K/home/javier/puzzlebot_ws/src/EKFLocalization/src/EKFLozalization.cpp:318:9:[m[K [01;31m[Kerror: [m[K‘[01m[KCalc_SigmaHat[m[K’ was not declared in this scope; did you mean ‘[01m[Kcalc_SigmaHat[m[K’?
[3.187s]   318 |         [01;31m[KCalc_SigmaHat[m[K(); // Uncertainty of Ideal calculated pose
[3.187s]       |         [01;31m[K^~~~~~~~~~~~~[m[K
[3.187s]       |         [32m[Kcalc_SigmaHat[m[K
[3.191s] [01m[K/home/javier/puzzlebot_ws/src/EKFLocalization/src/EKFLozalization.cpp:320:11:[m[K [01;31m[Kerror: [m[K‘[01m[KCalc_zHat[m[K’ was not declared in this scope; did you mean ‘[01m[Kcalc_zHat[m[K’?
[3.191s]   320 |           [01;31m[KCalc_zHat[m[K(); // Ideal observed pose
[3.191s]       |           [01;31m[K^~~~~~~~~[m[K
[3.191s]       |           [32m[Kcalc_zHat[m[K
[3.195s] [01m[K/home/javier/puzzlebot_ws/src/EKFLocalization/src/EKFLozalization.cpp:321:11:[m[K [01;31m[Kerror: [m[K‘[01m[KCalc_Gradient_g[m[K’ was not declared in this scope; did you mean ‘[01m[Kcalc_gradient_g[m[K’?
[3.195s]   321 |           [01;31m[KCalc_Gradient_g[m[K() ;// Observation Model linerization
[3.195s]       |           [01;31m[K^~~~~~~~~~~~~~~[m[K
[3.195s]       |           [32m[Kcalc_gradient_g[m[K
[3.199s] [01m[K/home/javier/puzzlebot_ws/src/EKFLocalization/src/EKFLozalization.cpp:322:11:[m[K [01;31m[Kerror: [m[K‘[01m[KCalc_Z[m[K’ was not declared in this scope; did you mean ‘[01m[Kcalc_Z[m[K’?
[3.199s]   322 |           [01;31m[KCalc_Z[m[K() ;// Uncertainty of Ideal observed pose
[3.199s]       |           [01;31m[K^~~~~~[m[K
[3.199s]       |           [32m[Kcalc_Z[m[K
[3.204s] [01m[K/home/javier/puzzlebot_ws/src/EKFLocalization/src/EKFLozalization.cpp:323:11:[m[K [01;31m[Kerror: [m[K‘[01m[KCalc_KalmanGain[m[K’ was not declared in this scope; did you mean ‘[01m[Kcalc_kalman_gain[m[K’?
[3.205s]   323 |           [01;31m[KCalc_KalmanGain[m[K(); // Kalman Filter Gain!
[3.205s]       |           [01;31m[K^~~~~~~~~~~~~~~[m[K
[3.205s]       |           [32m[Kcalc_kalman_gain[m[K
[3.209s] [01m[K/home/javier/puzzlebot_ws/src/EKFLocalization/src/EKFLozalization.cpp:324:11:[m[K [01;31m[Kerror: [m[K‘[01m[KCalc_miu[m[K’ was not declared in this scope; did you mean ‘[01m[Kcacl_miu[m[K’?
[3.209s]   324 |           [01;31m[KCalc_miu[m[K(); // Estimated pose
[3.209s]       |           [01;31m[K^~~~~~~~[m[K
[3.209s]       |           [32m[Kcacl_miu[m[K
[3.213s] [01m[K/home/javier/puzzlebot_ws/src/EKFLocalization/src/EKFLozalization.cpp:325:11:[m[K [01;31m[Kerror: [m[K‘[01m[KCalc_Sigma[m[K’ was not declared in this scope; did you mean ‘[01m[Kcalc_Sigma[m[K’?
[3.213s]   325 |           [01;31m[KCalc_Sigma[m[K() ;// Estimated uncertainty of pose
[3.213s]       |           [01;31m[K^~~~~~~~~~[m[K
[3.213s]       |           [32m[Kcalc_Sigma[m[K
[3.217s] [01m[K/home/javier/puzzlebot_ws/src/EKFLocalization/src/EKFLozalization.cpp:[m[K In member function ‘[01m[Kvoid EKFLocalization::timer_callback()[m[K’:
[3.217s] [01m[K/home/javier/puzzlebot_ws/src/EKFLocalization/src/EKFLozalization.cpp:339:9:[m[K [01;31m[Kerror: [m[K‘[01m[Kdt_[m[K’ was not declared in this scope; did you mean ‘[01m[Kdt[m[K’?
[3.217s]   339 |         [01;31m[Kdt_[m[K = current_time.seconds() - last_time.seconds();
[3.217s]       |         [01;31m[K^~~[m[K
[3.218s]       |         [32m[Kdt[m[K
[3.226s] In file included from [01m[K/home/javier/puzzlebot_ws/src/EKFLocalization/src/EKFLozalization.cpp:9[m[K:
[3.226s] /usr/include/c++/11/functional: In instantiation of ‘[01m[Kstruct std::_Bind_check_arity<float (EKFLocalization::*)(), EKFLocalization*, const std::_Placeholder<1>&>[m[K’:
[3.226s] [01m[K/usr/include/c++/11/functional:768:12:[m[K   required from ‘[01m[Kstruct std::_Bind_helper<false, float (EKFLocalization::*)(), EKFLocalization*, const std::_Placeholder<1>&>[m[K’
[3.226s] [01m[K/usr/include/c++/11/functional:789:5:[m[K   required by substitution of ‘[01m[Ktemplate<class _Func, class ... _BoundArgs> typename std::_Bind_helper<std::__is_socketlike<_Func>::value, _Func, _BoundArgs ...>::type std::bind(_Func&&, _BoundArgs&& ...) [with _Func = float (EKFLocalization::*)(); _BoundArgs = {EKFLocalization*, const std::_Placeholder<1>&}][m[K’
[3.226s] [01m[K/home/javier/puzzlebot_ws/src/EKFLocalization/src/EKFLozalization.cpp:362:42:[m[K   required from here
[3.226s] [01m[K/usr/include/c++/11/functional:756:21:[m[K [01;31m[Kerror: [m[Kstatic assertion failed: Wrong number of arguments for pointer-to-member
[3.226s]   755 |       static_assert(_Varargs::[01;31m[Kvalue[m[K
[3.226s]       |                               [01;31m[K~~~~~[m[K
[3.226s]   756 | [01;31m[K                    ? sizeof...(_BoundArgs) >= _Arity::value + 1[m[K
[3.226s]       |                     [01;31m[K^~~~~~~~~~~~~~~~~~~~~~~~~~~~~~~~~~~~~~~~~~~~[m[K
[3.226s]   757 | [01;31m[K                    : sizeof...(_BoundArgs) == _Arity::value + 1[m[K,
[3.226s]       |                     [01;31m[K~~~~~~~~~~~~~~~~~~~~~~~~~~~~~~~~~~~~~~~~~~~~[m[K
[3.226s] [01m[K/usr/include/c++/11/functional:756:21:[m[K [01;36m[Knote: [m[K‘[01m[K(false ? (2 >= (((long unsigned int)std::integral_constant<long unsigned int, 0>::value) + 1)) : (2 == (((long unsigned int)std::integral_constant<long unsigned int, 0>::value) + 1)))[m[K’ evaluates to false
[3.326s] In file included from [01m[K/usr/include/eigen3/Eigen/Core:164[m[K,
[3.326s]                  from [01m[K/usr/include/eigen3/Eigen/Dense:1[m[K,
[3.327s]                  from [01m[K/home/javier/puzzlebot_ws/src/EKFLocalization/src/EKFLozalization.cpp:12[m[K:
[3.327s] /usr/include/eigen3/Eigen/src/Core/DenseCoeffsBase.h: In instantiation of ‘[01m[KEigen::DenseCoeffsBase<Derived, 1>::Scalar& Eigen::DenseCoeffsBase<Derived, 1>::operator[](Eigen::Index) [with Derived = Eigen::Matrix<float, 3, 3>; Eigen::DenseCoeffsBase<Derived, 1>::Scalar = float; Eigen::Index = long int][m[K’:
[3.327s] [01m[K/home/javier/puzzlebot_ws/src/EKFLocalization/src/EKFLozalization.cpp:262:52:[m[K   required from here
[3.327s] [01m[K/usr/include/eigen3/Eigen/src/Core/DenseCoeffsBase.h:408:7:[m[K [01;31m[Kerror: [m[Kstatic assertion failed: THE_BRACKET_OPERATOR_IS_ONLY_FOR_VECTORS__USE_THE_PARENTHESIS_OPERATOR_INSTEAD
[3.327s]   408 |       [01;31m[KEIGEN_STATIC_ASSERT[m[K(Derived::IsVectorAtCompileTime,
[3.327s]       |       [01;31m[K^~~~~~~~~~~~~~~~~~~[m[K
[3.327s] [01m[K/usr/include/eigen3/Eigen/src/Core/DenseCoeffsBase.h:408:7:[m[K [01;36m[Knote: [m[K‘[01m[KEigen::Matrix<float, 3, 3>::IsVectorAtCompileTime[m[K’ evaluates to false
[3.816s] In file included from [01m[K/opt/ros/humble/include/rclcpp/rclcpp/subscription_base.hpp:32[m[K,
[3.816s]                  from [01m[K/opt/ros/humble/include/rclcpp/rclcpp/callback_group.hpp:29[m[K,
[3.816s]                  from [01m[K/opt/ros/humble/include/rclcpp/rclcpp/any_executable.hpp:20[m[K,
[3.816s]                  from [01m[K/opt/ros/humble/include/rclcpp/rclcpp/memory_strategy.hpp:25[m[K,
[3.816s]                  from [01m[K/opt/ros/humble/include/rclcpp/rclcpp/memory_strategies.hpp:18[m[K,
[3.816s]                  from [01m[K/opt/ros/humble/include/rclcpp/rclcpp/executor_options.hpp:20[m[K,
[3.816s]                  from [01m[K/opt/ros/humble/include/rclcpp/rclcpp/executor.hpp:37[m[K,
[3.816s]                  from [01m[K/opt/ros/humble/include/rclcpp/rclcpp/executors/multi_threaded_executor.hpp:25[m[K,
[3.816s]                  from [01m[K/opt/ros/humble/include/rclcpp/rclcpp/executors.hpp:21[m[K,
[3.817s]                  from [01m[K/opt/ros/humble/include/rclcpp/rclcpp/rclcpp.hpp:155[m[K,
[3.817s]                  from [01m[K/opt/ros/humble/include/tf2_ros/tf2_ros/transform_broadcaster.h:41[m[K,
[3.817s]                  from [01m[K/home/javier/puzzlebot_ws/src/EKFLocalization/src/EKFLozalization.cpp:14[m[K:
[3.817s] /opt/ros/humble/include/rclcpp/rclcpp/any_subscription_callback.hpp: In instantiation of ‘[01m[Krclcpp::AnySubscriptionCallback<MessageT, AllocatorT> rclcpp::AnySubscriptionCallback<MessageT, AllocatorT>::set(CallbackT) [with CallbackT = std::_Bind<float (EKFLocalization::*(EKFLocalization*, std::_Placeholder<1>))()>; MessageT = geometry_msgs::msg::Twist_<std::allocator<void> >; AllocatorT = std::allocator<void>][m[K’:
[3.817s] [01m[K/opt/ros/humble/include/rclcpp/rclcpp/subscription_factory.hpp:94:32:[m[K   required from ‘[01m[Krclcpp::SubscriptionFactory rclcpp::create_subscription_factory(CallbackT&&, const rclcpp::SubscriptionOptionsWithAllocator<AllocatorT>&, typename MessageMemoryStrategyT::SharedPtr, std::shared_ptr<rclcpp::topic_statistics::SubscriptionTopicStatistics<ROSMessageType> >) [with MessageT = geometry_msgs::msg::Twist_<std::allocator<void> >; CallbackT = std::_Bind<float (EKFLocalization::*(EKFLocalization*, std::_Placeholder<1>))()>; AllocatorT = std::allocator<void>; SubscriptionT = rclcpp::Subscription<geometry_msgs::msg::Twist_<std::allocator<void> > >; MessageMemoryStrategyT = rclcpp::message_memory_strategy::MessageMemoryStrategy<geometry_msgs::msg::Twist_<std::allocator<void> >, std::allocator<void> >; ROSMessageType = geometry_msgs::msg::Twist_<std::allocator<void> >; typename MessageMemoryStrategyT::SharedPtr = std::shared_ptr<rclcpp::message_memory_strategy::MessageMemoryStrategy<geometry_msgs::msg::Twist_<std::allocator<void> >, std::allocator<void> > >][m[K’
[3.817s] [01m[K/opt/ros/humble/include/rclcpp/rclcpp/create_subscription.hpp:122:63:[m[K   required from ‘[01m[Kstd::shared_ptr<ROSMessageT> rclcpp::detail::create_subscription(NodeParametersT&, NodeTopicsT&, const string&, const rclcpp::QoS&, CallbackT&&, const rclcpp::SubscriptionOptionsWithAllocator<AllocatorT>&, typename MessageMemoryStrategyT::SharedPtr) [with MessageT = geometry_msgs::msg::Twist_<std::allocator<void> >; CallbackT = std::_Bind<float (EKFLocalization::*(EKFLocalization*, std::_Placeholder<1>))()>; AllocatorT = std::allocator<void>; SubscriptionT = rclcpp::Subscription<geometry_msgs::msg::Twist_<std::allocator<void> > >; MessageMemoryStrategyT = rclcpp::message_memory_strategy::MessageMemoryStrategy<geometry_msgs::msg::Twist_<std::allocator<void> >, std::allocator<void> >; NodeParametersT = rclcpp::Node; NodeTopicsT = rclcpp::Node; ROSMessageType = geometry_msgs::msg::Twist_<std::allocator<void> >; std::string = std::__cxx11::basic_string<char>; typename MessageMemoryStrategyT::SharedPtr = std::shared_ptr<rclcpp::message_memory_strategy::MessageMemoryStrategy<geometry_msgs::msg::Twist_<std::allocator<void> >, std::allocator<void> > >][m[K’
[3.817s] [01m[K/opt/ros/humble/include/rclcpp/rclcpp/create_subscription.hpp:191:76:[m[K   required from ‘[01m[Kstd::shared_ptr<ROSMessageT> rclcpp::create_subscription(NodeT&, const string&, const rclcpp::QoS&, CallbackT&&, const rclcpp::SubscriptionOptionsWithAllocator<AllocatorT>&, typename MessageMemoryStrategyT::SharedPtr) [with MessageT = geometry_msgs::msg::Twist_<std::allocator<void> >; CallbackT = std::_Bind<float (EKFLocalization::*(EKFLocalization*, std::_Placeholder<1>))()>; AllocatorT = std::allocator<void>; SubscriptionT = rclcpp::Subscription<geometry_msgs::msg::Twist_<std::allocator<void> > >; MessageMemoryStrategyT = rclcpp::message_memory_strategy::MessageMemoryStrategy<geometry_msgs::msg::Twist_<std::allocator<void> >, std::allocator<void> >; NodeT = rclcpp::Node; std::string = std::__cxx11::basic_string<char>; typename MessageMemoryStrategyT::SharedPtr = std::shared_ptr<rclcpp::message_memory_strategy::MessageMemoryStrategy<geometry_msgs::msg::Twist_<std::allocator<void> >, std::allocator<void> > >][m[K’
[3.817s] [01m[K/opt/ros/humble/include/rclcpp/rclcpp/node_impl.hpp:99:47:[m[K   required from ‘[01m[Kstd::shared_ptr<ROSMessageT> rclcpp::Node::create_subscription(const string&, const rclcpp::QoS&, CallbackT&&, const rclcpp::SubscriptionOptionsWithAllocator<AllocatorT>&, typename MessageMemoryStrategyT::SharedPtr) [with MessageT = geometry_msgs::msg::Twist_<std::allocator<void> >; CallbackT = std::_Bind<float (EKFLocalization::*(EKFLocalization*, std::_Placeholder<1>))()>; AllocatorT = std::allocator<void>; SubscriptionT = rclcpp::Subscription<geometry_msgs::msg::Twist_<std::allocator<void> > >; MessageMemoryStrategyT = rclcpp::message_memory_strategy::MessageMemoryStrategy<geometry_msgs::msg::Twist_<std::allocator<void> >, std::allocator<void> >; std::string = std::__cxx11::basic_string<char>; typename MessageMemoryStrategyT::SharedPtr = std::shared_ptr<rclcpp::message_memory_strategy::MessageMemoryStrategy<geometry_msgs::msg::Twist_<std::allocator<void> >, std::allocator<void> > >][m[K’
[3.817s] [01m[K/home/javier/puzzlebot_ws/src/EKFLocalization/src/EKFLozalization.cpp:361:71:[m[K   required from here
[3.817s] [01m[K/opt/ros/humble/include/rclcpp/rclcpp/any_subscription_callback.hpp:394:27:[m[K [01;31m[Kerror: [m[Kno matching function for call to ‘[01m[Kstd::function<float()>::function(std::_Bind<float (EKFLocalization::*(EKFLocalization*, std::_Placeholder<1>))()>&)[m[K’
[3.817s]   394 |       callback_variant_ = [01;31m[Kstatic_cast<typename scbth::callback_type>(callback)[m[K;
[3.817s]       |                           [01;31m[K^~~~~~~~~~~~~~~~~~~~~~~~~~~~~~~~~~~~~~~~~~~~~~~~~~~~[m[K
[3.817s] In file included from [01m[K/usr/include/c++/11/functional:59[m[K,
[3.817s]                  from [01m[K/home/javier/puzzlebot_ws/src/EKFLocalization/src/EKFLozalization.cpp:9[m[K:
[3.817s] [01m[K/usr/include/c++/11/bits/std_function.h:435:9:[m[K [01;36m[Knote: [m[Kcandidate: ‘[01m[Ktemplate<class _Functor, class _Constraints> std::function<_Res(_ArgTypes ...)>::function(_Functor&&) [with _Functor = _Functor; _Constraints = _Constraints; _Res = float; _ArgTypes = {}][m[K’
[3.817s]   435 |         [01;36m[Kfunction[m[K(_Functor&& __f)
[3.818s]       |         [01;36m[K^~~~~~~~[m[K
[3.818s] [01m[K/usr/include/c++/11/bits/std_function.h:435:9:[m[K [01;36m[Knote: [m[K  template argument deduction/substitution failed:
[3.818s] In file included from [01m[K/usr/include/c++/11/bits/move.h:57[m[K,
[3.818s]                  from [01m[K/usr/include/c++/11/bits/stl_pair.h:59[m[K,
[3.818s]                  from [01m[K/usr/include/c++/11/bits/stl_algobase.h:64[m[K,
[3.818s]                  from [01m[K/usr/include/c++/11/bits/specfun.h:45[m[K,
[3.818s]                  from [01m[K/usr/include/c++/11/cmath:1935[m[K,
[3.818s]                  from [01m[K/home/javier/puzzlebot_ws/src/EKFLocalization/src/EKFLozalization.cpp:6[m[K:
[3.818s] /usr/include/c++/11/type_traits: In substitution of ‘[01m[Ktemplate<bool _Cond, class _Tp> using __enable_if_t = typename std::enable_if::type [with bool _Cond = false; _Tp = void][m[K’:
[3.818s] [01m[K/usr/include/c++/11/bits/std_function.h:353:8:[m[K   required by substitution of ‘[01m[Ktemplate<class _Res, class ... _ArgTypes> template<class _Cond, class _Tp> using _Requires = std::__enable_if_t<_Cond::value, _Tp> [with _Cond = std::function<float()>::_Callable<std::_Bind<float (EKFLocalization::*(EKFLocalization*, std::_Placeholder<1>))()>&, std::_Bind<float (EKFLocalization::*(EKFLocalization*, std::_Placeholder<1>))()>, std::__invoke_result<std::_Bind<float (EKFLocalization::*(EKFLocalization*, std::_Placeholder<1>))()>&> >; _Tp = void; _Res = float; _ArgTypes = {}][m[K’
[3.818s] [01m[K/usr/include/c++/11/bits/std_function.h:434:9:[m[K   required from ‘[01m[Krclcpp::AnySubscriptionCallback<MessageT, AllocatorT> rclcpp::AnySubscriptionCallback<MessageT, AllocatorT>::set(CallbackT) [with CallbackT = std::_Bind<float (EKFLocalization::*(EKFLocalization*, std::_Placeholder<1>))()>; MessageT = geometry_msgs::msg::Twist_<std::allocator<void> >; AllocatorT = std::allocator<void>][m[K’
[3.818s] [01m[K/opt/ros/humble/include/rclcpp/rclcpp/subscription_factory.hpp:94:32:[m[K   required from ‘[01m[Krclcpp::SubscriptionFactory rclcpp::create_subscription_factory(CallbackT&&, const rclcpp::SubscriptionOptionsWithAllocator<AllocatorT>&, typename MessageMemoryStrategyT::SharedPtr, std::shared_ptr<rclcpp::topic_statistics::SubscriptionTopicStatistics<ROSMessageType> >) [with MessageT = geometry_msgs::msg::Twist_<std::allocator<void> >; CallbackT = std::_Bind<float (EKFLocalization::*(EKFLocalization*, std::_Placeholder<1>))()>; AllocatorT = std::allocator<void>; SubscriptionT = rclcpp::Subscription<geometry_msgs::msg::Twist_<std::allocator<void> > >; MessageMemoryStrategyT = rclcpp::message_memory_strategy::MessageMemoryStrategy<geometry_msgs::msg::Twist_<std::allocator<void> >, std::allocator<void> >; ROSMessageType = geometry_msgs::msg::Twist_<std::allocator<void> >; typename MessageMemoryStrategyT::SharedPtr = std::shared_ptr<rclcpp::message_memory_strategy::MessageMemoryStrategy<geometry_msgs::msg::Twist_<std::allocator<void> >, std::allocator<void> > >][m[K’
[3.818s] [01m[K/opt/ros/humble/include/rclcpp/rclcpp/create_subscription.hpp:122:63:[m[K   required from ‘[01m[Kstd::shared_ptr<ROSMessageT> rclcpp::detail::create_subscription(NodeParametersT&, NodeTopicsT&, const string&, const rclcpp::QoS&, CallbackT&&, const rclcpp::SubscriptionOptionsWithAllocator<AllocatorT>&, typename MessageMemoryStrategyT::SharedPtr) [with MessageT = geometry_msgs::msg::Twist_<std::allocator<void> >; CallbackT = std::_Bind<float (EKFLocalization::*(EKFLocalization*, std::_Placeholder<1>))()>; AllocatorT = std::allocator<void>; SubscriptionT = rclcpp::Subscription<geometry_msgs::msg::Twist_<std::allocator<void> > >; MessageMemoryStrategyT = rclcpp::message_memory_strategy::MessageMemoryStrategy<geometry_msgs::msg::Twist_<std::allocator<void> >, std::allocator<void> >; NodeParametersT = rclcpp::Node; NodeTopicsT = rclcpp::Node; ROSMessageType = geometry_msgs::msg::Twist_<std::allocator<void> >; std::string = std::__cxx11::basic_string<char>; typename MessageMemoryStrategyT::SharedPtr = std::shared_ptr<rclcpp::message_memory_strategy::MessageMemoryStrategy<geometry_msgs::msg::Twist_<std::allocator<void> >, std::allocator<void> > >][m[K’
[3.818s] [01m[K/opt/ros/humble/include/rclcpp/rclcpp/create_subscription.hpp:191:76:[m[K   required from ‘[01m[Kstd::shared_ptr<ROSMessageT> rclcpp::create_subscription(NodeT&, const string&, const rclcpp::QoS&, CallbackT&&, const rclcpp::SubscriptionOptionsWithAllocator<AllocatorT>&, typename MessageMemoryStrategyT::SharedPtr) [with MessageT = geometry_msgs::msg::Twist_<std::allocator<void> >; CallbackT = std::_Bind<float (EKFLocalization::*(EKFLocalization*, std::_Placeholder<1>))()>; AllocatorT = std::allocator<void>; SubscriptionT = rclcpp::Subscription<geometry_msgs::msg::Twist_<std::allocator<void> > >; MessageMemoryStrategyT = rclcpp::message_memory_strategy::MessageMemoryStrategy<geometry_msgs::msg::Twist_<std::allocator<void> >, std::allocator<void> >; NodeT = rclcpp::Node; std::string = std::__cxx11::basic_string<char>; typename MessageMemoryStrategyT::SharedPtr = std::shared_ptr<rclcpp::message_memory_strategy::MessageMemoryStrategy<geometry_msgs::msg::Twist_<std::allocator<void> >, std::allocator<void> > >][m[K’
[3.818s] [01m[K/opt/ros/humble/include/rclcpp/rclcpp/node_impl.hpp:99:47:[m[K   required from ‘[01m[Kstd::shared_ptr<ROSMessageT> rclcpp::Node::create_subscription(const string&, const rclcpp::QoS&, CallbackT&&, const rclcpp::SubscriptionOptionsWithAllocator<AllocatorT>&, typename MessageMemoryStrategyT::SharedPtr) [with MessageT = geometry_msgs::msg::Twist_<std::allocator<void> >; CallbackT = std::_Bind<float (EKFLocalization::*(EKFLocalization*, std::_Placeholder<1>))()>; AllocatorT = std::allocator<void>; SubscriptionT = rclcpp::Subscription<geometry_msgs::msg::Twist_<std::allocator<void> > >; MessageMemoryStrategyT = rclcpp::message_memory_strategy::MessageMemoryStrategy<geometry_msgs::msg::Twist_<std::allocator<void> >, std::allocator<void> >; std::string = std::__cxx11::basic_string<char>; typename MessageMemoryStrategyT::SharedPtr = std::shared_ptr<rclcpp::message_memory_strategy::MessageMemoryStrategy<geometry_msgs::msg::Twist_<std::allocator<void> >, std::allocator<void> > >][m[K’
[3.818s] [01m[K/home/javier/puzzlebot_ws/src/EKFLocalization/src/EKFLozalization.cpp:361:71:[m[K   required from here
[3.818s] [01m[K/usr/include/c++/11/type_traits:2205:11:[m[K [01;31m[Kerror: [m[Kno type named ‘[01m[Ktype[m[K’ in ‘[01m[Kstruct std::enable_if<false, void>[m[K’
[3.818s]  2205 |     using [01;31m[K__enable_if_t[m[K = typename enable_if<_Cond, _Tp>::type;
[3.819s]       |           [01;31m[K^~~~~~~~~~~~~[m[K
[3.819s] In file included from [01m[K/usr/include/c++/11/functional:59[m[K,
[3.819s]                  from [01m[K/home/javier/puzzlebot_ws/src/EKFLocalization/src/EKFLozalization.cpp:9[m[K:
[3.819s] /opt/ros/humble/include/rclcpp/rclcpp/any_subscription_callback.hpp: In instantiation of ‘[01m[Krclcpp::AnySubscriptionCallback<MessageT, AllocatorT> rclcpp::AnySubscriptionCallback<MessageT, AllocatorT>::set(CallbackT) [with CallbackT = std::_Bind<float (EKFLocalization::*(EKFLocalization*, std::_Placeholder<1>))()>; MessageT = geometry_msgs::msg::Twist_<std::allocator<void> >; AllocatorT = std::allocator<void>][m[K’:
[3.819s] [01m[K/opt/ros/humble/include/rclcpp/rclcpp/subscription_factory.hpp:94:32:[m[K   required from ‘[01m[Krclcpp::SubscriptionFactory rclcpp::create_subscription_factory(CallbackT&&, const rclcpp::SubscriptionOptionsWithAllocator<AllocatorT>&, typename MessageMemoryStrategyT::SharedPtr, std::shared_ptr<rclcpp::topic_statistics::SubscriptionTopicStatistics<ROSMessageType> >) [with MessageT = geometry_msgs::msg::Twist_<std::allocator<void> >; CallbackT = std::_Bind<float (EKFLocalization::*(EKFLocalization*, std::_Placeholder<1>))()>; AllocatorT = std::allocator<void>; SubscriptionT = rclcpp::Subscription<geometry_msgs::msg::Twist_<std::allocator<void> > >; MessageMemoryStrategyT = rclcpp::message_memory_strategy::MessageMemoryStrategy<geometry_msgs::msg::Twist_<std::allocator<void> >, std::allocator<void> >; ROSMessageType = geometry_msgs::msg::Twist_<std::allocator<void> >; typename MessageMemoryStrategyT::SharedPtr = std::shared_ptr<rclcpp::message_memory_strategy::MessageMemoryStrategy<geometry_msgs::msg::Twist_<std::allocator<void> >, std::allocator<void> > >][m[K’
[3.819s] [01m[K/opt/ros/humble/include/rclcpp/rclcpp/create_subscription.hpp:122:63:[m[K   required from ‘[01m[Kstd::shared_ptr<ROSMessageT> rclcpp::detail::create_subscription(NodeParametersT&, NodeTopicsT&, const string&, const rclcpp::QoS&, CallbackT&&, const rclcpp::SubscriptionOptionsWithAllocator<AllocatorT>&, typename MessageMemoryStrategyT::SharedPtr) [with MessageT = geometry_msgs::msg::Twist_<std::allocator<void> >; CallbackT = std::_Bind<float (EKFLocalization::*(EKFLocalization*, std::_Placeholder<1>))()>; AllocatorT = std::allocator<void>; SubscriptionT = rclcpp::Subscription<geometry_msgs::msg::Twist_<std::allocator<void> > >; MessageMemoryStrategyT = rclcpp::message_memory_strategy::MessageMemoryStrategy<geometry_msgs::msg::Twist_<std::allocator<void> >, std::allocator<void> >; NodeParametersT = rclcpp::Node; NodeTopicsT = rclcpp::Node; ROSMessageType = geometry_msgs::msg::Twist_<std::allocator<void> >; std::string = std::__cxx11::basic_string<char>; typename MessageMemoryStrategyT::SharedPtr = std::shared_ptr<rclcpp::message_memory_strategy::MessageMemoryStrategy<geometry_msgs::msg::Twist_<std::allocator<void> >, std::allocator<void> > >][m[K’
[3.819s] [01m[K/opt/ros/humble/include/rclcpp/rclcpp/create_subscription.hpp:191:76:[m[K   required from ‘[01m[Kstd::shared_ptr<ROSMessageT> rclcpp::create_subscription(NodeT&, const string&, const rclcpp::QoS&, CallbackT&&, const rclcpp::SubscriptionOptionsWithAllocator<AllocatorT>&, typename MessageMemoryStrategyT::SharedPtr) [with MessageT = geometry_msgs::msg::Twist_<std::allocator<void> >; CallbackT = std::_Bind<float (EKFLocalization::*(EKFLocalization*, std::_Placeholder<1>))()>; AllocatorT = std::allocator<void>; SubscriptionT = rclcpp::Subscription<geometry_msgs::msg::Twist_<std::allocator<void> > >; MessageMemoryStrategyT = rclcpp::message_memory_strategy::MessageMemoryStrategy<geometry_msgs::msg::Twist_<std::allocator<void> >, std::allocator<void> >; NodeT = rclcpp::Node; std::string = std::__cxx11::basic_string<char>; typename MessageMemoryStrategyT::SharedPtr = std::shared_ptr<rclcpp::message_memory_strategy::MessageMemoryStrategy<geometry_msgs::msg::Twist_<std::allocator<void> >, std::allocator<void> > >][m[K’
[3.819s] [01m[K/opt/ros/humble/include/rclcpp/rclcpp/node_impl.hpp:99:47:[m[K   required from ‘[01m[Kstd::shared_ptr<ROSMessageT> rclcpp::Node::create_subscription(const string&, const rclcpp::QoS&, CallbackT&&, const rclcpp::SubscriptionOptionsWithAllocator<AllocatorT>&, typename MessageMemoryStrategyT::SharedPtr) [with MessageT = geometry_msgs::msg::Twist_<std::allocator<void> >; CallbackT = std::_Bind<float (EKFLocalization::*(EKFLocalization*, std::_Placeholder<1>))()>; AllocatorT = std::allocator<void>; SubscriptionT = rclcpp::Subscription<geometry_msgs::msg::Twist_<std::allocator<void> > >; MessageMemoryStrategyT = rclcpp::message_memory_strategy::MessageMemoryStrategy<geometry_msgs::msg::Twist_<std::allocator<void> >, std::allocator<void> >; std::string = std::__cxx11::basic_string<char>; typename MessageMemoryStrategyT::SharedPtr = std::shared_ptr<rclcpp::message_memory_strategy::MessageMemoryStrategy<geometry_msgs::msg::Twist_<std::allocator<void> >, std::allocator<void> > >][m[K’
[3.819s] [01m[K/home/javier/puzzlebot_ws/src/EKFLocalization/src/EKFLozalization.cpp:361:71:[m[K   required from here
[3.819s] [01m[K/usr/include/c++/11/bits/std_function.h:404:7:[m[K [01;36m[Knote: [m[Kcandidate: ‘[01m[Kstd::function<_Res(_ArgTypes ...)>::function(std::function<_Res(_ArgTypes ...)>&&) [with _Res = float; _ArgTypes = {}][m[K’
[3.819s]   404 |       [01;36m[Kfunction[m[K(function&& __x) noexcept
[3.819s]       |       [01;36m[K^~~~~~~~[m[K
[3.819s] [01m[K/usr/include/c++/11/bits/std_function.h:404:27:[m[K [01;36m[Knote: [m[K  no known conversion for argument 1 from ‘[01m[Kstd::_Bind<float (EKFLocalization::*(EKFLocalization*, std::_Placeholder<1>))()>[m[K’ to ‘[01m[Kstd::function<float()>&&[m[K’
[3.819s]   404 |       function([01;36m[Kfunction&& __x[m[K) noexcept
[3.819s]       |                [01;36m[K~~~~~~~~~~~^~~[m[K
[3.819s] [01m[K/usr/include/c++/11/bits/std_function.h:386:7:[m[K [01;36m[Knote: [m[Kcandidate: ‘[01m[Kstd::function<_Res(_ArgTypes ...)>::function(const std::function<_Res(_ArgTypes ...)>&) [with _Res = float; _ArgTypes = {}][m[K’
[3.819s]   386 |       [01;36m[Kfunction[m[K(const function& __x)
[3.819s]       |       [01;36m[K^~~~~~~~[m[K
[3.820s] [01m[K/usr/include/c++/11/bits/std_function.h:386:32:[m[K [01;36m[Knote: [m[K  no known conversion for argument 1 from ‘[01m[Kstd::_Bind<float (EKFLocalization::*(EKFLocalization*, std::_Placeholder<1>))()>[m[K’ to ‘[01m[Kconst std::function<float()>&[m[K’
[3.820s]   386 |       function([01;36m[Kconst function& __x[m[K)
[3.820s]       |                [01;36m[K~~~~~~~~~~~~~~~~^~~[m[K
[3.820s] [01m[K/usr/include/c++/11/bits/std_function.h:375:7:[m[K [01;36m[Knote: [m[Kcandidate: ‘[01m[Kstd::function<_Res(_ArgTypes ...)>::function(std::nullptr_t) [with _Res = float; _ArgTypes = {}; std::nullptr_t = std::nullptr_t][m[K’
[3.820s]   375 |       [01;36m[Kfunction[m[K(nullptr_t) noexcept
[3.820s]       |       [01;36m[K^~~~~~~~[m[K
[3.820s] [01m[K/usr/include/c++/11/bits/std_function.h:375:16:[m[K [01;36m[Knote: [m[K  no known conversion for argument 1 from ‘[01m[Kstd::_Bind<float (EKFLocalization::*(EKFLocalization*, std::_Placeholder<1>))()>[m[K’ to ‘[01m[Kstd::nullptr_t[m[K’
[3.820s]   375 |       function([01;36m[Knullptr_t[m[K) noexcept
[3.820s]       |                [01;36m[K^~~~~~~~~[m[K
[3.820s] [01m[K/usr/include/c++/11/bits/std_function.h:368:7:[m[K [01;36m[Knote: [m[Kcandidate: ‘[01m[Kstd::function<_Res(_ArgTypes ...)>::function() [with _Res = float; _ArgTypes = {}][m[K’
[3.820s]   368 |       [01;36m[Kfunction[m[K() noexcept
[3.820s]       |       [01;36m[K^~~~~~~~[m[K
[3.820s] [01m[K/usr/include/c++/11/bits/std_function.h:368:7:[m[K [01;36m[Knote: [m[K  candidate expects 0 arguments, 1 provided
[6.986s] gmake[2]: *** [CMakeFiles/EKFLozalization.dir/build.make:76: CMakeFiles/EKFLozalization.dir/src/EKFLozalization.cpp.o] Error 1
[6.987s] gmake[1]: *** [CMakeFiles/Makefile2:137: CMakeFiles/EKFLozalization.dir/all] Error 2
[6.987s] gmake: *** [Makefile:146: all] Error 2
[6.989s] Invoked command in '/home/javier/puzzlebot_ws/src/build/EKFLocalization' returned '2': CMAKE_PREFIX_PATH=/opt/ros/humble /usr/bin/cmake --build /home/javier/puzzlebot_ws/src/build/EKFLocalization -- -j12 -l12
