[0.267s] Invoking command in '/home/javier/puzzlebot_ws/src/build/puzzlebot_odometry': CMAKE_PREFIX_PATH=/opt/ros/humble /usr/bin/cmake /home/javier/puzzlebot_ws/src/puzzlebot_odometry -DCMAKE_INSTALL_PREFIX=/home/javier/puzzlebot_ws/src/install/puzzlebot_odometry
[0.851s] -- The C compiler identification is GNU 12.3.0
[0.851s] -- The CXX compiler identification is GNU 11.4.0
[0.851s] -- Detecting C compiler ABI info
[0.851s] -- Detecting C compiler ABI info - done
[0.851s] -- Check for working C compiler: /usr/bin/cc - skipped
[0.851s] -- Detecting C compile features
[0.851s] -- Detecting C compile features - done
[0.851s] -- Detecting CXX compiler ABI info
[0.852s] -- Detecting CXX compiler ABI info - done
[0.852s] -- Check for working CXX compiler: /usr/bin/c++ - skipped
[0.852s] -- Detecting CXX compile features
[0.852s] -- Detecting CXX compile features - done
[0.852s] -- Found ament_cmake: 1.3.10 (/opt/ros/humble/share/ament_cmake/cmake)
[1.042s] -- Found Python3: /usr/bin/python3 (found version "3.10.12") found components: Interpreter 
[1.157s] -- Found rclcpp: 16.0.10 (/opt/ros/humble/share/rclcpp/cmake)
[1.203s] -- Found rosidl_generator_c: 3.1.5 (/opt/ros/humble/share/rosidl_generator_c/cmake)
[1.208s] -- Found rosidl_adapter: 3.1.5 (/opt/ros/humble/share/rosidl_adapter/cmake)
[1.217s] -- Found rosidl_generator_cpp: 3.1.5 (/opt/ros/humble/share/rosidl_generator_cpp/cmake)
[1.240s] -- Using all available rosidl_typesupport_c: rosidl_typesupport_fastrtps_c;rosidl_typesupport_introspection_c
[1.264s] -- Using all available rosidl_typesupport_cpp: rosidl_typesupport_fastrtps_cpp;rosidl_typesupport_introspection_cpp
[1.326s] -- Found rmw_implementation_cmake: 6.1.2 (/opt/ros/humble/share/rmw_implementation_cmake/cmake)
[1.329s] -- Found rmw_fastrtps_cpp: 6.2.7 (/opt/ros/humble/share/rmw_fastrtps_cpp/cmake)
[1.441s] -- Found OpenSSL: /usr/lib/x86_64-linux-gnu/libcrypto.so (found version "3.0.2")  
[1.484s] -- Found FastRTPS: /opt/ros/humble/include  
[1.541s] -- Using RMW implementation 'rmw_fastrtps_cpp' as default
[1.550s] -- Looking for pthread.h
[1.630s] -- Looking for pthread.h - found
[1.631s] -- Performing Test CMAKE_HAVE_LIBC_PTHREAD
[1.714s] -- Performing Test CMAKE_HAVE_LIBC_PTHREAD - Success
[1.716s] -- Found Threads: TRUE  
[1.825s] -- Found nav_msgs: 4.2.4 (/opt/ros/humble/share/nav_msgs/cmake)
[1.888s] -- Found tf2: 0.25.8 (/opt/ros/humble/share/tf2/cmake)
[1.900s] -- Found tf2_ros: 0.25.8 (/opt/ros/humble/share/tf2_ros/cmake)
[2.045s] -- Found ament_lint_auto: 0.12.11 (/opt/ros/humble/share/ament_lint_auto/cmake)
[2.173s] -- Added test 'cppcheck' to perform static code analysis on C / C++ code
[2.173s] -- Configured cppcheck include dirs: $<BUILD_INTERFACE:/home/javier/puzzlebot_ws/src/puzzlebot_odometry/include>
[2.173s] -- Configured cppcheck exclude dirs and/or files: 
[2.173s] -- Added test 'flake8' to check Python code syntax and style conventions
[2.174s] -- Added test 'lint_cmake' to check CMake code style
[2.175s] -- Added test 'pep257' to check Python code against some of the docstring style conventions in PEP 257
[2.176s] -- Added test 'uncrustify' to check C / C++ code style
[2.176s] -- Configured uncrustify additional arguments: 
[2.177s] -- Added test 'xmllint' to check XML markup files
[2.177s] -- Configuring done
[2.190s] -- Generating done
[2.192s] -- Build files have been written to: /home/javier/puzzlebot_ws/src/build/puzzlebot_odometry
[2.204s] Invoked command in '/home/javier/puzzlebot_ws/src/build/puzzlebot_odometry' returned '0': CMAKE_PREFIX_PATH=/opt/ros/humble /usr/bin/cmake /home/javier/puzzlebot_ws/src/puzzlebot_odometry -DCMAKE_INSTALL_PREFIX=/home/javier/puzzlebot_ws/src/install/puzzlebot_odometry
[2.205s] Invoking command in '/home/javier/puzzlebot_ws/src/build/puzzlebot_odometry': CMAKE_PREFIX_PATH=/opt/ros/humble /usr/bin/cmake --build /home/javier/puzzlebot_ws/src/build/puzzlebot_odometry -- -j12 -l12
[2.274s] [ 50%] [32mBuilding CXX object CMakeFiles/puzzlebot_odometry.dir/src/puzzlebot_odometry.cpp.o[0m
[12.410s] [100%] [32m[1mLinking CXX executable puzzlebot_odometry[0m
[13.538s] [100%] Built target puzzlebot_odometry
