[1.977s] Invoking command in '/home/javier/puzzlebot_ws/src/puzzlebot_model': PYTHONPATH=/home/javier/puzzlebot_ws/src/build/puzzlebot_model/prefix_override:/usr/lib/python3/dist-packages/colcon_core/task/python/colcon_distutils_commands:/home/javier/puzzlebot_ws/src/install/puzzlebot_model/lib/python3.10/site-packages:${PYTHONPATH} /usr/bin/python3 -W ignore:setup.py install is deprecated setup.py egg_info --egg-base ../build/puzzlebot_model build --build-base /home/javier/puzzlebot_ws/src/build/puzzlebot_model/build install --record /home/javier/puzzlebot_ws/src/build/puzzlebot_model/install.log --single-version-externally-managed install_data
[2.197s] /home/javier/.local/lib/python3.10/site-packages/setuptools/_distutils/dist.py:268: UserWarning: Unknown distribution option: 'tests_require'
[2.197s]   warnings.warn(msg)
[2.391s] running egg_info
[2.392s] creating ../build/puzzlebot_model/puzzlebot_model.egg-info
[2.417s] writing ../build/puzzlebot_model/puzzlebot_model.egg-info/PKG-INFO
[2.417s] writing dependency_links to ../build/puzzlebot_model/puzzlebot_model.egg-info/dependency_links.txt
[2.418s] writing requirements to ../build/puzzlebot_model/puzzlebot_model.egg-info/requires.txt
[2.418s] writing top-level names to ../build/puzzlebot_model/puzzlebot_model.egg-info/top_level.txt
[2.418s] writing manifest file '../build/puzzlebot_model/puzzlebot_model.egg-info/SOURCES.txt'
[2.466s] reading manifest file '../build/puzzlebot_model/puzzlebot_model.egg-info/SOURCES.txt'
[2.466s] writing manifest file '../build/puzzlebot_model/puzzlebot_model.egg-info/SOURCES.txt'
[2.466s] running build
[2.466s] running build_py
[2.467s] creating /home/javier/puzzlebot_ws/src/build/puzzlebot_model/build
[2.467s] creating /home/javier/puzzlebot_ws/src/build/puzzlebot_model/build/lib
[2.467s] creating /home/javier/puzzlebot_ws/src/build/puzzlebot_model/build/lib/puzzlebot_model
[2.467s] copying puzzlebot_model/__init__.py -> /home/javier/puzzlebot_ws/src/build/puzzlebot_model/build/lib/puzzlebot_model
[2.467s] running install
[2.472s] running install_lib
[2.495s] creating /home/javier/puzzlebot_ws/src/install/puzzlebot_model/lib/python3.10/site-packages/puzzlebot_model
[2.495s] copying /home/javier/puzzlebot_ws/src/build/puzzlebot_model/build/lib/puzzlebot_model/__init__.py -> /home/javier/puzzlebot_ws/src/install/puzzlebot_model/lib/python3.10/site-packages/puzzlebot_model
[2.495s] byte-compiling /home/javier/puzzlebot_ws/src/install/puzzlebot_model/lib/python3.10/site-packages/puzzlebot_model/__init__.py to __init__.cpython-310.pyc
[2.496s] running install_data
[2.496s] creating /home/javier/puzzlebot_ws/src/install/puzzlebot_model/share/ament_index
[2.497s] creating /home/javier/puzzlebot_ws/src/install/puzzlebot_model/share/ament_index/resource_index
[2.497s] creating /home/javier/puzzlebot_ws/src/install/puzzlebot_model/share/ament_index/resource_index/packages
[2.497s] copying resource/puzzlebot_model -> /home/javier/puzzlebot_ws/src/install/puzzlebot_model/share/ament_index/resource_index/packages
[2.497s] copying package.xml -> /home/javier/puzzlebot_ws/src/install/puzzlebot_model/share/puzzlebot_model
[2.497s] creating /home/javier/puzzlebot_ws/src/install/puzzlebot_model/share/puzzlebot_model/meshes
[2.497s] copying meshes/MCR2_1000_1_1_Wheel_Coupler_2.stl -> /home/javier/puzzlebot_ws/src/install/puzzlebot_model/share/puzzlebot_model/meshes
[2.600s] copying meshes/RP-lidar-A1.stl -> /home/javier/puzzlebot_ws/src/install/puzzlebot_model/share/puzzlebot_model/meshes
[2.603s] copying meshes/MCR2_1000_13_Chassis.stl -> /home/javier/puzzlebot_ws/src/install/puzzlebot_model/share/puzzlebot_model/meshes
[3.742s] copying meshes/MCR2_1000_0_Puzzlebot.stl -> /home/javier/puzzlebot_ws/src/install/puzzlebot_model/share/puzzlebot_model/meshes
[4.109s] creating /home/javier/puzzlebot_ws/src/install/puzzlebot_model/share/puzzlebot_model/urdf
[4.109s] copying urdf/puzzlebot.urdf -> /home/javier/puzzlebot_ws/src/install/puzzlebot_model/share/puzzlebot_model/urdf
[4.110s] creating /home/javier/puzzlebot_ws/src/install/puzzlebot_model/share/puzzlebot_model/config
[4.111s] copying config/rviz2_puzzlebot_model.rviz -> /home/javier/puzzlebot_ws/src/install/puzzlebot_model/share/puzzlebot_model/config
[4.112s] creating /home/javier/puzzlebot_ws/src/install/puzzlebot_model/share/puzzlebot_model/launch
[4.112s] copying launch/puzzlebot_model.launch.py -> /home/javier/puzzlebot_ws/src/install/puzzlebot_model/share/puzzlebot_model/launch
[4.113s] running install_egg_info
[4.157s] Copying ../build/puzzlebot_model/puzzlebot_model.egg-info to /home/javier/puzzlebot_ws/src/install/puzzlebot_model/lib/python3.10/site-packages/puzzlebot_model-0.0.0-py3.10.egg-info
[4.158s] running install_scripts
[4.308s] writing list of installed files to '/home/javier/puzzlebot_ws/src/build/puzzlebot_model/install.log'
[4.331s] Invoked command in '/home/javier/puzzlebot_ws/src/puzzlebot_model' returned '0': PYTHONPATH=/home/javier/puzzlebot_ws/src/build/puzzlebot_model/prefix_override:/usr/lib/python3/dist-packages/colcon_core/task/python/colcon_distutils_commands:/home/javier/puzzlebot_ws/src/install/puzzlebot_model/lib/python3.10/site-packages:${PYTHONPATH} /usr/bin/python3 -W ignore:setup.py install is deprecated setup.py egg_info --egg-base ../build/puzzlebot_model build --build-base /home/javier/puzzlebot_ws/src/build/puzzlebot_model/build install --record /home/javier/puzzlebot_ws/src/build/puzzlebot_model/install.log --single-version-externally-managed install_data
