[0.101s] [34mcolcon[0m [1;30mDEBUG[0m [32mCommand line arguments: ['/usr/bin/colcon', 'build'][0m
[0.101s] [34mcolcon[0m [1;30mDEBUG[0m [32mParsed command line arguments: Namespace(log_base=None, log_level=None, verb_name='build', build_base='build', install_base='install', merge_install=False, symlink_install=False, test_result_base=None, continue_on_error=False, executor='parallel', parallel_workers=12, event_handlers=None, ignore_user_meta=False, metas=['./colcon.meta'], base_paths=['.'], packages_ignore=None, packages_ignore_regex=None, paths=None, packages_up_to=None, packages_up_to_regex=None, packages_above=None, packages_above_and_dependencies=None, packages_above_depth=None, packages_select_by_dep=None, packages_skip_by_dep=None, packages_skip_up_to=None, packages_select_build_failed=False, packages_skip_build_finished=False, packages_select_test_failures=False, packages_skip_test_passed=False, packages_select=None, packages_skip=None, packages_select_regex=None, packages_skip_regex=None, packages_start=None, packages_end=None, allow_overriding=[], cmake_args=None, cmake_target=None, cmake_target_skip_unavailable=False, cmake_clean_cache=False, cmake_clean_first=False, cmake_force_configure=False, ament_cmake_args=None, catkin_cmake_args=None, catkin_skip_building_tests=False, verb_parser=<colcon_defaults.argument_parser.defaults.DefaultArgumentsDecorator object at 0x7cda964348e0>, verb_extension=<colcon_core.verb.build.BuildVerb object at 0x7cda965b0e20>, main=<bound method BuildVerb.main of <colcon_core.verb.build.BuildVerb object at 0x7cda965b0e20>>)[0m
[0.134s] [34mcolcon.colcon_core.package_discovery[0m [1;30mLevel 1[0m discover_packages(colcon_meta) check parameters
[0.134s] [34mcolcon.colcon_core.package_discovery[0m [1;30mLevel 1[0m discover_packages(recursive) check parameters
[0.134s] [34mcolcon.colcon_core.package_discovery[0m [1;30mLevel 1[0m discover_packages(ignore) check parameters
[0.134s] [34mcolcon.colcon_core.package_discovery[0m [1;30mLevel 1[0m discover_packages(path) check parameters
[0.134s] [34mcolcon.colcon_core.package_discovery[0m [1;30mLevel 1[0m discover_packages(colcon_meta) discover
[0.134s] [34mcolcon.colcon_core.package_discovery[0m [1;30mLevel 1[0m discover_packages(recursive) discover
[0.134s] [34mcolcon.colcon_core.package_discovery[0m [1;30mINFO[0m Crawling recursively for packages in '/home/javier/puzzlebot_ws/src'
[0.134s] [34mcolcon.colcon_core.package_identification[0m [1;30mLevel 1[0m _identify(.) by extensions ['ignore', 'ignore_ament_install']
[0.134s] [34mcolcon.colcon_core.package_identification[0m [1;30mLevel 1[0m _identify(.) by extension 'ignore'
[0.134s] [34mcolcon.colcon_core.package_identification[0m [1;30mLevel 1[0m _identify(.) by extension 'ignore_ament_install'
[0.134s] [34mcolcon.colcon_core.package_identification[0m [1;30mLevel 1[0m _identify(.) by extensions ['colcon_pkg']
[0.134s] [34mcolcon.colcon_core.package_identification[0m [1;30mLevel 1[0m _identify(.) by extension 'colcon_pkg'
[0.134s] [34mcolcon.colcon_core.package_identification[0m [1;30mLevel 1[0m _identify(.) by extensions ['colcon_meta']
[0.134s] [34mcolcon.colcon_core.package_identification[0m [1;30mLevel 1[0m _identify(.) by extension 'colcon_meta'
[0.135s] [34mcolcon.colcon_core.package_identification[0m [1;30mLevel 1[0m _identify(.) by extensions ['ros']
[0.135s] [34mcolcon.colcon_core.package_identification[0m [1;30mLevel 1[0m _identify(.) by extension 'ros'
[0.153s] [34mcolcon.colcon_core.package_identification[0m [1;30mLevel 1[0m _identify(.) by extensions ['cmake', 'python']
[0.153s] [34mcolcon.colcon_core.package_identification[0m [1;30mLevel 1[0m _identify(.) by extension 'cmake'
[0.153s] [34mcolcon.colcon_core.package_identification[0m [1;30mLevel 1[0m _identify(.) by extension 'python'
[0.153s] [34mcolcon.colcon_core.package_identification[0m [1;30mLevel 1[0m _identify(.) by extensions ['python_setup_py']
[0.154s] [34mcolcon.colcon_core.package_identification[0m [1;30mLevel 1[0m _identify(.) by extension 'python_setup_py'
[0.154s] [34mcolcon.colcon_core.package_identification[0m [1;30mLevel 1[0m _identify(aruco_detection) by extensions ['ignore', 'ignore_ament_install']
[0.154s] [34mcolcon.colcon_core.package_identification[0m [1;30mLevel 1[0m _identify(aruco_detection) by extension 'ignore'
[0.154s] [34mcolcon.colcon_core.package_identification[0m [1;30mLevel 1[0m _identify(aruco_detection) by extension 'ignore_ament_install'
[0.154s] [34mcolcon.colcon_core.package_identification[0m [1;30mLevel 1[0m _identify(aruco_detection) by extensions ['colcon_pkg']
[0.154s] [34mcolcon.colcon_core.package_identification[0m [1;30mLevel 1[0m _identify(aruco_detection) by extension 'colcon_pkg'
[0.154s] [34mcolcon.colcon_core.package_identification[0m [1;30mLevel 1[0m _identify(aruco_detection) by extensions ['colcon_meta']
[0.154s] [34mcolcon.colcon_core.package_identification[0m [1;30mLevel 1[0m _identify(aruco_detection) by extension 'colcon_meta'
[0.154s] [34mcolcon.colcon_core.package_identification[0m [1;30mLevel 1[0m _identify(aruco_detection) by extensions ['ros']
[0.154s] [34mcolcon.colcon_core.package_identification[0m [1;30mLevel 1[0m _identify(aruco_detection) by extension 'ros'
[0.156s] [34mcolcon.colcon_core.package_identification[0m [1;30mDEBUG[0m [32mPackage 'aruco_detection' with type 'ros.ament_cmake' and name 'aruco_detection'[0m
[0.156s] [34mcolcon.colcon_core.package_identification[0m [1;30mLevel 1[0m _identify(build) by extensions ['ignore', 'ignore_ament_install']
[0.156s] [34mcolcon.colcon_core.package_identification[0m [1;30mLevel 1[0m _identify(build) by extension 'ignore'
[0.156s] [34mcolcon.colcon_core.package_identification[0m [1;30mLevel 1[0m _identify(build) ignored
[0.156s] [34mcolcon.colcon_core.package_identification[0m [1;30mLevel 1[0m _identify(image_stream) by extensions ['ignore', 'ignore_ament_install']
[0.157s] [34mcolcon.colcon_core.package_identification[0m [1;30mLevel 1[0m _identify(image_stream) by extension 'ignore'
[0.157s] [34mcolcon.colcon_core.package_identification[0m [1;30mLevel 1[0m _identify(image_stream) by extension 'ignore_ament_install'
[0.157s] [34mcolcon.colcon_core.package_identification[0m [1;30mLevel 1[0m _identify(image_stream) by extensions ['colcon_pkg']
[0.157s] [34mcolcon.colcon_core.package_identification[0m [1;30mLevel 1[0m _identify(image_stream) by extension 'colcon_pkg'
[0.157s] [34mcolcon.colcon_core.package_identification[0m [1;30mLevel 1[0m _identify(image_stream) by extensions ['colcon_meta']
[0.157s] [34mcolcon.colcon_core.package_identification[0m [1;30mLevel 1[0m _identify(image_stream) by extension 'colcon_meta'
[0.157s] [34mcolcon.colcon_core.package_identification[0m [1;30mLevel 1[0m _identify(image_stream) by extensions ['ros']
[0.157s] [34mcolcon.colcon_core.package_identification[0m [1;30mLevel 1[0m _identify(image_stream) by extension 'ros'
[0.157s] [34mcolcon.colcon_core.package_identification[0m [1;30mDEBUG[0m [32mPackage 'image_stream' with type 'ros.ament_cmake' and name 'image_stream'[0m
[0.158s] [34mcolcon.colcon_core.package_identification[0m [1;30mLevel 1[0m _identify(install) by extensions ['ignore', 'ignore_ament_install']
[0.158s] [34mcolcon.colcon_core.package_identification[0m [1;30mLevel 1[0m _identify(install) by extension 'ignore'
[0.158s] [34mcolcon.colcon_core.package_identification[0m [1;30mLevel 1[0m _identify(install) ignored
[0.158s] [34mcolcon.colcon_core.package_identification[0m [1;30mLevel 1[0m _identify(log) by extensions ['ignore', 'ignore_ament_install']
[0.158s] [34mcolcon.colcon_core.package_identification[0m [1;30mLevel 1[0m _identify(log) by extension 'ignore'
[0.158s] [34mcolcon.colcon_core.package_identification[0m [1;30mLevel 1[0m _identify(log) ignored
[0.158s] [34mcolcon.colcon_core.package_identification[0m [1;30mLevel 1[0m _identify(puzzlebot_model) by extensions ['ignore', 'ignore_ament_install']
[0.158s] [34mcolcon.colcon_core.package_identification[0m [1;30mLevel 1[0m _identify(puzzlebot_model) by extension 'ignore'
[0.158s] [34mcolcon.colcon_core.package_identification[0m [1;30mLevel 1[0m _identify(puzzlebot_model) by extension 'ignore_ament_install'
[0.158s] [34mcolcon.colcon_core.package_identification[0m [1;30mLevel 1[0m _identify(puzzlebot_model) by extensions ['colcon_pkg']
[0.158s] [34mcolcon.colcon_core.package_identification[0m [1;30mLevel 1[0m _identify(puzzlebot_model) by extension 'colcon_pkg'
[0.158s] [34mcolcon.colcon_core.package_identification[0m [1;30mLevel 1[0m _identify(puzzlebot_model) by extensions ['colcon_meta']
[0.158s] [34mcolcon.colcon_core.package_identification[0m [1;30mLevel 1[0m _identify(puzzlebot_model) by extension 'colcon_meta'
[0.158s] [34mcolcon.colcon_core.package_identification[0m [1;30mLevel 1[0m _identify(puzzlebot_model) by extensions ['ros']
[0.158s] [34mcolcon.colcon_core.package_identification[0m [1;30mLevel 1[0m _identify(puzzlebot_model) by extension 'ros'
[0.159s] [34mcolcon.colcon_core.package_identification[0m [1;30mDEBUG[0m [32mPackage 'puzzlebot_model' with type 'ros.ament_python' and name 'puzzlebot_model'[0m
[0.159s] [34mcolcon.colcon_core.package_identification[0m [1;30mLevel 1[0m _identify(puzzlebot_odometry) by extensions ['ignore', 'ignore_ament_install']
[0.159s] [34mcolcon.colcon_core.package_identification[0m [1;30mLevel 1[0m _identify(puzzlebot_odometry) by extension 'ignore'
[0.159s] [34mcolcon.colcon_core.package_identification[0m [1;30mLevel 1[0m _identify(puzzlebot_odometry) by extension 'ignore_ament_install'
[0.159s] [34mcolcon.colcon_core.package_identification[0m [1;30mLevel 1[0m _identify(puzzlebot_odometry) by extensions ['colcon_pkg']
[0.159s] [34mcolcon.colcon_core.package_identification[0m [1;30mLevel 1[0m _identify(puzzlebot_odometry) by extension 'colcon_pkg'
[0.159s] [34mcolcon.colcon_core.package_identification[0m [1;30mLevel 1[0m _identify(puzzlebot_odometry) by extensions ['colcon_meta']
[0.159s] [34mcolcon.colcon_core.package_identification[0m [1;30mLevel 1[0m _identify(puzzlebot_odometry) by extension 'colcon_meta'
[0.159s] [34mcolcon.colcon_core.package_identification[0m [1;30mLevel 1[0m _identify(puzzlebot_odometry) by extensions ['ros']
[0.159s] [34mcolcon.colcon_core.package_identification[0m [1;30mLevel 1[0m _identify(puzzlebot_odometry) by extension 'ros'
[0.160s] [34mcolcon.colcon_core.package_identification[0m [1;30mDEBUG[0m [32mPackage 'puzzlebot_odometry' with type 'ros.ament_cmake' and name 'puzzlebot_odometry'[0m
[0.160s] [34mcolcon.colcon_core.package_identification[0m [1;30mLevel 1[0m _identify(robot_pose_estimator) by extensions ['ignore', 'ignore_ament_install']
[0.160s] [34mcolcon.colcon_core.package_identification[0m [1;30mLevel 1[0m _identify(robot_pose_estimator) by extension 'ignore'
[0.160s] [34mcolcon.colcon_core.package_identification[0m [1;30mLevel 1[0m _identify(robot_pose_estimator) by extension 'ignore_ament_install'
[0.160s] [34mcolcon.colcon_core.package_identification[0m [1;30mLevel 1[0m _identify(robot_pose_estimator) by extensions ['colcon_pkg']
[0.160s] [34mcolcon.colcon_core.package_identification[0m [1;30mLevel 1[0m _identify(robot_pose_estimator) by extension 'colcon_pkg'
[0.161s] [34mcolcon.colcon_core.package_identification[0m [1;30mLevel 1[0m _identify(robot_pose_estimator) by extensions ['colcon_meta']
[0.161s] [34mcolcon.colcon_core.package_identification[0m [1;30mLevel 1[0m _identify(robot_pose_estimator) by extension 'colcon_meta'
[0.161s] [34mcolcon.colcon_core.package_identification[0m [1;30mLevel 1[0m _identify(robot_pose_estimator) by extensions ['ros']
[0.161s] [34mcolcon.colcon_core.package_identification[0m [1;30mLevel 1[0m _identify(robot_pose_estimator) by extension 'ros'
[0.161s] [34mcolcon.colcon_core.package_identification[0m [1;30mDEBUG[0m [32mPackage 'robot_pose_estimator' with type 'ros.ament_python' and name 'robot_pose_estimator'[0m
[0.161s] [34mcolcon.colcon_core.package_identification[0m [1;30mLevel 1[0m _identify(robot_tf2_broadcaster) by extensions ['ignore', 'ignore_ament_install']
[0.161s] [34mcolcon.colcon_core.package_identification[0m [1;30mLevel 1[0m _identify(robot_tf2_broadcaster) by extension 'ignore'
[0.161s] [34mcolcon.colcon_core.package_identification[0m [1;30mLevel 1[0m _identify(robot_tf2_broadcaster) by extension 'ignore_ament_install'
[0.161s] [34mcolcon.colcon_core.package_identification[0m [1;30mLevel 1[0m _identify(robot_tf2_broadcaster) by extensions ['colcon_pkg']
[0.161s] [34mcolcon.colcon_core.package_identification[0m [1;30mLevel 1[0m _identify(robot_tf2_broadcaster) by extension 'colcon_pkg'
[0.161s] [34mcolcon.colcon_core.package_identification[0m [1;30mLevel 1[0m _identify(robot_tf2_broadcaster) by extensions ['colcon_meta']
[0.161s] [34mcolcon.colcon_core.package_identification[0m [1;30mLevel 1[0m _identify(robot_tf2_broadcaster) by extension 'colcon_meta'
[0.161s] [34mcolcon.colcon_core.package_identification[0m [1;30mLevel 1[0m _identify(robot_tf2_broadcaster) by extensions ['ros']
[0.162s] [34mcolcon.colcon_core.package_identification[0m [1;30mLevel 1[0m _identify(robot_tf2_broadcaster) by extension 'ros'
[0.162s] [34mcolcon.colcon_core.package_identification[0m [1;30mDEBUG[0m [32mPackage 'robot_tf2_broadcaster' with type 'ros.ament_python' and name 'robot_tf2_broadcaster'[0m
[0.162s] [34mcolcon.colcon_core.package_discovery[0m [1;30mLevel 1[0m discover_packages(recursive) using defaults
[0.162s] [34mcolcon.colcon_core.package_discovery[0m [1;30mLevel 1[0m discover_packages(ignore) discover
[0.162s] [34mcolcon.colcon_core.package_discovery[0m [1;30mLevel 1[0m discover_packages(ignore) using defaults
[0.162s] [34mcolcon.colcon_core.package_discovery[0m [1;30mLevel 1[0m discover_packages(path) discover
[0.162s] [34mcolcon.colcon_core.package_discovery[0m [1;30mLevel 1[0m discover_packages(path) using defaults
[0.175s] [34mcolcon.colcon_core.package_discovery[0m [1;30mLevel 1[0m discover_packages(prefix_path) check parameters
[0.175s] [34mcolcon.colcon_core.package_discovery[0m [1;30mLevel 1[0m discover_packages(prefix_path) discover
[0.178s] [34mcolcon.colcon_installed_package_information.package_discovery[0m [1;30mDEBUG[0m [32mFound 7 installed packages in /home/javier/puzzlebot_ws/install[0m
[0.179s] [34mcolcon.colcon_installed_package_information.package_discovery[0m [1;30mDEBUG[0m [32mFound 288 installed packages in /opt/ros/humble[0m
[0.180s] [34mcolcon.colcon_core.package_discovery[0m [1;30mLevel 1[0m discover_packages(prefix_path) using defaults
[0.210s] [34mcolcon.colcon_core.verb[0m [1;30mLevel 5[0m set package 'aruco_detection' build argument 'cmake_args' from command line to 'None'
[0.210s] [34mcolcon.colcon_core.verb[0m [1;30mLevel 5[0m set package 'aruco_detection' build argument 'cmake_target' from command line to 'None'
[0.210s] [34mcolcon.colcon_core.verb[0m [1;30mLevel 5[0m set package 'aruco_detection' build argument 'cmake_target_skip_unavailable' from command line to 'False'
[0.210s] [34mcolcon.colcon_core.verb[0m [1;30mLevel 5[0m set package 'aruco_detection' build argument 'cmake_clean_cache' from command line to 'False'
[0.210s] [34mcolcon.colcon_core.verb[0m [1;30mLevel 5[0m set package 'aruco_detection' build argument 'cmake_clean_first' from command line to 'False'
[0.210s] [34mcolcon.colcon_core.verb[0m [1;30mLevel 5[0m set package 'aruco_detection' build argument 'cmake_force_configure' from command line to 'False'
[0.211s] [34mcolcon.colcon_core.verb[0m [1;30mLevel 5[0m set package 'aruco_detection' build argument 'ament_cmake_args' from command line to 'None'
[0.211s] [34mcolcon.colcon_core.verb[0m [1;30mLevel 5[0m set package 'aruco_detection' build argument 'catkin_cmake_args' from command line to 'None'
[0.211s] [34mcolcon.colcon_core.verb[0m [1;30mLevel 5[0m set package 'aruco_detection' build argument 'catkin_skip_building_tests' from command line to 'False'
[0.211s] [34mcolcon.colcon_core.verb[0m [1;30mDEBUG[0m [32mBuilding package 'aruco_detection' with the following arguments: {'ament_cmake_args': None, 'build_base': '/home/javier/puzzlebot_ws/src/build/aruco_detection', 'catkin_cmake_args': None, 'catkin_skip_building_tests': False, 'cmake_args': None, 'cmake_clean_cache': False, 'cmake_clean_first': False, 'cmake_force_configure': False, 'cmake_target': None, 'cmake_target_skip_unavailable': False, 'install_base': '/home/javier/puzzlebot_ws/src/install/aruco_detection', 'merge_install': False, 'path': '/home/javier/puzzlebot_ws/src/aruco_detection', 'symlink_install': False, 'test_result_base': None}[0m
[0.211s] [34mcolcon.colcon_core.verb[0m [1;30mLevel 5[0m set package 'image_stream' build argument 'cmake_args' from command line to 'None'
[0.211s] [34mcolcon.colcon_core.verb[0m [1;30mLevel 5[0m set package 'image_stream' build argument 'cmake_target' from command line to 'None'
[0.211s] [34mcolcon.colcon_core.verb[0m [1;30mLevel 5[0m set package 'image_stream' build argument 'cmake_target_skip_unavailable' from command line to 'False'
[0.211s] [34mcolcon.colcon_core.verb[0m [1;30mLevel 5[0m set package 'image_stream' build argument 'cmake_clean_cache' from command line to 'False'
[0.211s] [34mcolcon.colcon_core.verb[0m [1;30mLevel 5[0m set package 'image_stream' build argument 'cmake_clean_first' from command line to 'False'
[0.211s] [34mcolcon.colcon_core.verb[0m [1;30mLevel 5[0m set package 'image_stream' build argument 'cmake_force_configure' from command line to 'False'
[0.211s] [34mcolcon.colcon_core.verb[0m [1;30mLevel 5[0m set package 'image_stream' build argument 'ament_cmake_args' from command line to 'None'
[0.211s] [34mcolcon.colcon_core.verb[0m [1;30mLevel 5[0m set package 'image_stream' build argument 'catkin_cmake_args' from command line to 'None'
[0.211s] [34mcolcon.colcon_core.verb[0m [1;30mLevel 5[0m set package 'image_stream' build argument 'catkin_skip_building_tests' from command line to 'False'
[0.211s] [34mcolcon.colcon_core.verb[0m [1;30mDEBUG[0m [32mBuilding package 'image_stream' with the following arguments: {'ament_cmake_args': None, 'build_base': '/home/javier/puzzlebot_ws/src/build/image_stream', 'catkin_cmake_args': None, 'catkin_skip_building_tests': False, 'cmake_args': None, 'cmake_clean_cache': False, 'cmake_clean_first': False, 'cmake_force_configure': False, 'cmake_target': None, 'cmake_target_skip_unavailable': False, 'install_base': '/home/javier/puzzlebot_ws/src/install/image_stream', 'merge_install': False, 'path': '/home/javier/puzzlebot_ws/src/image_stream', 'symlink_install': False, 'test_result_base': None}[0m
[0.211s] [34mcolcon.colcon_core.verb[0m [1;30mLevel 5[0m set package 'puzzlebot_model' build argument 'cmake_args' from command line to 'None'
[0.212s] [34mcolcon.colcon_core.verb[0m [1;30mLevel 5[0m set package 'puzzlebot_model' build argument 'cmake_target' from command line to 'None'
[0.212s] [34mcolcon.colcon_core.verb[0m [1;30mLevel 5[0m set package 'puzzlebot_model' build argument 'cmake_target_skip_unavailable' from command line to 'False'
[0.212s] [34mcolcon.colcon_core.verb[0m [1;30mLevel 5[0m set package 'puzzlebot_model' build argument 'cmake_clean_cache' from command line to 'False'
[0.212s] [34mcolcon.colcon_core.verb[0m [1;30mLevel 5[0m set package 'puzzlebot_model' build argument 'cmake_clean_first' from command line to 'False'
[0.212s] [34mcolcon.colcon_core.verb[0m [1;30mLevel 5[0m set package 'puzzlebot_model' build argument 'cmake_force_configure' from command line to 'False'
[0.212s] [34mcolcon.colcon_core.verb[0m [1;30mLevel 5[0m set package 'puzzlebot_model' build argument 'ament_cmake_args' from command line to 'None'
[0.212s] [34mcolcon.colcon_core.verb[0m [1;30mLevel 5[0m set package 'puzzlebot_model' build argument 'catkin_cmake_args' from command line to 'None'
[0.212s] [34mcolcon.colcon_core.verb[0m [1;30mLevel 5[0m set package 'puzzlebot_model' build argument 'catkin_skip_building_tests' from command line to 'False'
[0.212s] [34mcolcon.colcon_core.verb[0m [1;30mDEBUG[0m [32mBuilding package 'puzzlebot_model' with the following arguments: {'ament_cmake_args': None, 'build_base': '/home/javier/puzzlebot_ws/src/build/puzzlebot_model', 'catkin_cmake_args': None, 'catkin_skip_building_tests': False, 'cmake_args': None, 'cmake_clean_cache': False, 'cmake_clean_first': False, 'cmake_force_configure': False, 'cmake_target': None, 'cmake_target_skip_unavailable': False, 'install_base': '/home/javier/puzzlebot_ws/src/install/puzzlebot_model', 'merge_install': False, 'path': '/home/javier/puzzlebot_ws/src/puzzlebot_model', 'symlink_install': False, 'test_result_base': None}[0m
[0.212s] [34mcolcon.colcon_core.verb[0m [1;30mLevel 5[0m set package 'puzzlebot_odometry' build argument 'cmake_args' from command line to 'None'
[0.212s] [34mcolcon.colcon_core.verb[0m [1;30mLevel 5[0m set package 'puzzlebot_odometry' build argument 'cmake_target' from command line to 'None'
[0.212s] [34mcolcon.colcon_core.verb[0m [1;30mLevel 5[0m set package 'puzzlebot_odometry' build argument 'cmake_target_skip_unavailable' from command line to 'False'
[0.212s] [34mcolcon.colcon_core.verb[0m [1;30mLevel 5[0m set package 'puzzlebot_odometry' build argument 'cmake_clean_cache' from command line to 'False'
[0.212s] [34mcolcon.colcon_core.verb[0m [1;30mLevel 5[0m set package 'puzzlebot_odometry' build argument 'cmake_clean_first' from command line to 'False'
[0.212s] [34mcolcon.colcon_core.verb[0m [1;30mLevel 5[0m set package 'puzzlebot_odometry' build argument 'cmake_force_configure' from command line to 'False'
[0.212s] [34mcolcon.colcon_core.verb[0m [1;30mLevel 5[0m set package 'puzzlebot_odometry' build argument 'ament_cmake_args' from command line to 'None'
[0.212s] [34mcolcon.colcon_core.verb[0m [1;30mLevel 5[0m set package 'puzzlebot_odometry' build argument 'catkin_cmake_args' from command line to 'None'
[0.212s] [34mcolcon.colcon_core.verb[0m [1;30mLevel 5[0m set package 'puzzlebot_odometry' build argument 'catkin_skip_building_tests' from command line to 'False'
[0.212s] [34mcolcon.colcon_core.verb[0m [1;30mDEBUG[0m [32mBuilding package 'puzzlebot_odometry' with the following arguments: {'ament_cmake_args': None, 'build_base': '/home/javier/puzzlebot_ws/src/build/puzzlebot_odometry', 'catkin_cmake_args': None, 'catkin_skip_building_tests': False, 'cmake_args': None, 'cmake_clean_cache': False, 'cmake_clean_first': False, 'cmake_force_configure': False, 'cmake_target': None, 'cmake_target_skip_unavailable': False, 'install_base': '/home/javier/puzzlebot_ws/src/install/puzzlebot_odometry', 'merge_install': False, 'path': '/home/javier/puzzlebot_ws/src/puzzlebot_odometry', 'symlink_install': False, 'test_result_base': None}[0m
[0.213s] [34mcolcon.colcon_core.verb[0m [1;30mLevel 5[0m set package 'robot_pose_estimator' build argument 'cmake_args' from command line to 'None'
[0.213s] [34mcolcon.colcon_core.verb[0m [1;30mLevel 5[0m set package 'robot_pose_estimator' build argument 'cmake_target' from command line to 'None'
[0.213s] [34mcolcon.colcon_core.verb[0m [1;30mLevel 5[0m set package 'robot_pose_estimator' build argument 'cmake_target_skip_unavailable' from command line to 'False'
[0.213s] [34mcolcon.colcon_core.verb[0m [1;30mLevel 5[0m set package 'robot_pose_estimator' build argument 'cmake_clean_cache' from command line to 'False'
[0.213s] [34mcolcon.colcon_core.verb[0m [1;30mLevel 5[0m set package 'robot_pose_estimator' build argument 'cmake_clean_first' from command line to 'False'
[0.213s] [34mcolcon.colcon_core.verb[0m [1;30mLevel 5[0m set package 'robot_pose_estimator' build argument 'cmake_force_configure' from command line to 'False'
[0.213s] [34mcolcon.colcon_core.verb[0m [1;30mLevel 5[0m set package 'robot_pose_estimator' build argument 'ament_cmake_args' from command line to 'None'
[0.213s] [34mcolcon.colcon_core.verb[0m [1;30mLevel 5[0m set package 'robot_pose_estimator' build argument 'catkin_cmake_args' from command line to 'None'
[0.213s] [34mcolcon.colcon_core.verb[0m [1;30mLevel 5[0m set package 'robot_pose_estimator' build argument 'catkin_skip_building_tests' from command line to 'False'
[0.213s] [34mcolcon.colcon_core.verb[0m [1;30mDEBUG[0m [32mBuilding package 'robot_pose_estimator' with the following arguments: {'ament_cmake_args': None, 'build_base': '/home/javier/puzzlebot_ws/src/build/robot_pose_estimator', 'catkin_cmake_args': None, 'catkin_skip_building_tests': False, 'cmake_args': None, 'cmake_clean_cache': False, 'cmake_clean_first': False, 'cmake_force_configure': False, 'cmake_target': None, 'cmake_target_skip_unavailable': False, 'install_base': '/home/javier/puzzlebot_ws/src/install/robot_pose_estimator', 'merge_install': False, 'path': '/home/javier/puzzlebot_ws/src/robot_pose_estimator', 'symlink_install': False, 'test_result_base': None}[0m
[0.213s] [34mcolcon.colcon_core.verb[0m [1;30mLevel 5[0m set package 'robot_tf2_broadcaster' build argument 'cmake_args' from command line to 'None'
[0.213s] [34mcolcon.colcon_core.verb[0m [1;30mLevel 5[0m set package 'robot_tf2_broadcaster' build argument 'cmake_target' from command line to 'None'
[0.213s] [34mcolcon.colcon_core.verb[0m [1;30mLevel 5[0m set package 'robot_tf2_broadcaster' build argument 'cmake_target_skip_unavailable' from command line to 'False'
[0.213s] [34mcolcon.colcon_core.verb[0m [1;30mLevel 5[0m set package 'robot_tf2_broadcaster' build argument 'cmake_clean_cache' from command line to 'False'
[0.213s] [34mcolcon.colcon_core.verb[0m [1;30mLevel 5[0m set package 'robot_tf2_broadcaster' build argument 'cmake_clean_first' from command line to 'False'
[0.213s] [34mcolcon.colcon_core.verb[0m [1;30mLevel 5[0m set package 'robot_tf2_broadcaster' build argument 'cmake_force_configure' from command line to 'False'
[0.213s] [34mcolcon.colcon_core.verb[0m [1;30mLevel 5[0m set package 'robot_tf2_broadcaster' build argument 'ament_cmake_args' from command line to 'None'
[0.213s] [34mcolcon.colcon_core.verb[0m [1;30mLevel 5[0m set package 'robot_tf2_broadcaster' build argument 'catkin_cmake_args' from command line to 'None'
[0.213s] [34mcolcon.colcon_core.verb[0m [1;30mLevel 5[0m set package 'robot_tf2_broadcaster' build argument 'catkin_skip_building_tests' from command line to 'False'
[0.213s] [34mcolcon.colcon_core.verb[0m [1;30mDEBUG[0m [32mBuilding package 'robot_tf2_broadcaster' with the following arguments: {'ament_cmake_args': None, 'build_base': '/home/javier/puzzlebot_ws/src/build/robot_tf2_broadcaster', 'catkin_cmake_args': None, 'catkin_skip_building_tests': False, 'cmake_args': None, 'cmake_clean_cache': False, 'cmake_clean_first': False, 'cmake_force_configure': False, 'cmake_target': None, 'cmake_target_skip_unavailable': False, 'install_base': '/home/javier/puzzlebot_ws/src/install/robot_tf2_broadcaster', 'merge_install': False, 'path': '/home/javier/puzzlebot_ws/src/robot_tf2_broadcaster', 'symlink_install': False, 'test_result_base': None}[0m
[0.213s] [34mcolcon.colcon_core.executor[0m [1;30mINFO[0m Executing jobs using 'parallel' executor
[0.214s] [34mcolcon.colcon_parallel_executor.executor.parallel[0m [1;30mDEBUG[0m [32mrun_until_complete[0m
[0.215s] [34mcolcon.colcon_ros.task.ament_cmake.build[0m [1;30mINFO[0m Building ROS package in '/home/javier/puzzlebot_ws/src/aruco_detection' with build type 'ament_cmake'
[0.215s] [34mcolcon.colcon_cmake.task.cmake.build[0m [1;30mINFO[0m Building CMake package in '/home/javier/puzzlebot_ws/src/aruco_detection'
[0.217s] [34mcolcon.colcon_core.plugin_system[0m [1;30mINFO[0m Skipping extension 'colcon_core.shell.bat': Not used on non-Windows systems
[0.217s] [34mcolcon.colcon_core.shell[0m [1;30mINFO[0m Skip shell extension 'powershell' for command environment: Not usable outside of PowerShell
[0.217s] [34mcolcon.colcon_core.shell[0m [1;30mDEBUG[0m [32mSkip shell extension 'dsv' for command environment[0m
[0.221s] [34mcolcon.colcon_ros.task.ament_cmake.build[0m [1;30mINFO[0m Building ROS package in '/home/javier/puzzlebot_ws/src/image_stream' with build type 'ament_cmake'
[0.221s] [34mcolcon.colcon_cmake.task.cmake.build[0m [1;30mINFO[0m Building CMake package in '/home/javier/puzzlebot_ws/src/image_stream'
[0.221s] [34mcolcon.colcon_core.shell[0m [1;30mINFO[0m Skip shell extension 'powershell' for command environment: Not usable outside of PowerShell
[0.221s] [34mcolcon.colcon_core.shell[0m [1;30mDEBUG[0m [32mSkip shell extension 'dsv' for command environment[0m
[0.224s] [34mcolcon.colcon_ros.task.ament_python.build[0m [1;30mINFO[0m Building ROS package in '/home/javier/puzzlebot_ws/src/puzzlebot_model' with build type 'ament_python'
[0.224s] [34mcolcon.colcon_core.shell[0m [1;30mLevel 1[0m create_environment_hook('puzzlebot_model', 'ament_prefix_path')
[0.225s] [34mcolcon.colcon_core.shell[0m [1;30mINFO[0m Creating environment hook '/home/javier/puzzlebot_ws/src/install/puzzlebot_model/share/puzzlebot_model/hook/ament_prefix_path.ps1'
[0.225s] [34mcolcon.colcon_core.shell[0m [1;30mINFO[0m Creating environment descriptor '/home/javier/puzzlebot_ws/src/install/puzzlebot_model/share/puzzlebot_model/hook/ament_prefix_path.dsv'
[0.226s] [34mcolcon.colcon_core.shell[0m [1;30mINFO[0m Creating environment hook '/home/javier/puzzlebot_ws/src/install/puzzlebot_model/share/puzzlebot_model/hook/ament_prefix_path.sh'
[0.227s] [34mcolcon.colcon_core.shell[0m [1;30mINFO[0m Skip shell extension 'powershell' for command environment: Not usable outside of PowerShell
[0.227s] [34mcolcon.colcon_core.shell[0m [1;30mDEBUG[0m [32mSkip shell extension 'dsv' for command environment[0m
[0.230s] [34mcolcon.colcon_ros.task.ament_cmake.build[0m [1;30mINFO[0m Building ROS package in '/home/javier/puzzlebot_ws/src/puzzlebot_odometry' with build type 'ament_cmake'
[0.230s] [34mcolcon.colcon_cmake.task.cmake.build[0m [1;30mINFO[0m Building CMake package in '/home/javier/puzzlebot_ws/src/puzzlebot_odometry'
[0.230s] [34mcolcon.colcon_core.shell[0m [1;30mINFO[0m Skip shell extension 'powershell' for command environment: Not usable outside of PowerShell
[0.230s] [34mcolcon.colcon_core.shell[0m [1;30mDEBUG[0m [32mSkip shell extension 'dsv' for command environment[0m
[0.233s] [34mcolcon.colcon_ros.task.ament_python.build[0m [1;30mINFO[0m Building ROS package in '/home/javier/puzzlebot_ws/src/robot_pose_estimator' with build type 'ament_python'
[0.234s] [34mcolcon.colcon_core.shell[0m [1;30mLevel 1[0m create_environment_hook('robot_pose_estimator', 'ament_prefix_path')
[0.234s] [34mcolcon.colcon_core.shell[0m [1;30mINFO[0m Creating environment hook '/home/javier/puzzlebot_ws/src/install/robot_pose_estimator/share/robot_pose_estimator/hook/ament_prefix_path.ps1'
[0.234s] [34mcolcon.colcon_core.shell[0m [1;30mINFO[0m Creating environment descriptor '/home/javier/puzzlebot_ws/src/install/robot_pose_estimator/share/robot_pose_estimator/hook/ament_prefix_path.dsv'
[0.235s] [34mcolcon.colcon_core.shell[0m [1;30mINFO[0m Creating environment hook '/home/javier/puzzlebot_ws/src/install/robot_pose_estimator/share/robot_pose_estimator/hook/ament_prefix_path.sh'
[0.236s] [34mcolcon.colcon_core.shell[0m [1;30mINFO[0m Skip shell extension 'powershell' for command environment: Not usable outside of PowerShell
[0.236s] [34mcolcon.colcon_core.shell[0m [1;30mDEBUG[0m [32mSkip shell extension 'dsv' for command environment[0m
[0.249s] [34mcolcon.colcon_ros.task.ament_python.build[0m [1;30mINFO[0m Building ROS package in '/home/javier/puzzlebot_ws/src/robot_tf2_broadcaster' with build type 'ament_python'
[0.249s] [34mcolcon.colcon_core.shell[0m [1;30mLevel 1[0m create_environment_hook('robot_tf2_broadcaster', 'ament_prefix_path')
[0.249s] [34mcolcon.colcon_core.shell[0m [1;30mINFO[0m Creating environment hook '/home/javier/puzzlebot_ws/src/install/robot_tf2_broadcaster/share/robot_tf2_broadcaster/hook/ament_prefix_path.ps1'
[0.250s] [34mcolcon.colcon_core.shell[0m [1;30mINFO[0m Creating environment descriptor '/home/javier/puzzlebot_ws/src/install/robot_tf2_broadcaster/share/robot_tf2_broadcaster/hook/ament_prefix_path.dsv'
[0.250s] [34mcolcon.colcon_core.shell[0m [1;30mINFO[0m Creating environment hook '/home/javier/puzzlebot_ws/src/install/robot_tf2_broadcaster/share/robot_tf2_broadcaster/hook/ament_prefix_path.sh'
[0.251s] [34mcolcon.colcon_core.shell[0m [1;30mINFO[0m Skip shell extension 'powershell' for command environment: Not usable outside of PowerShell
[0.251s] [34mcolcon.colcon_core.shell[0m [1;30mDEBUG[0m [32mSkip shell extension 'dsv' for command environment[0m
[0.259s] [34mcolcon.colcon_core.event_handler.log_command[0m [1;30mDEBUG[0m [32mInvoking command in '/home/javier/puzzlebot_ws/src/build/aruco_detection': CMAKE_PREFIX_PATH=/home/javier/puzzlebot_ws/install/puzzlebot_odometry:/home/javier/puzzlebot_ws/install/wago_plc:/home/javier/puzzlebot_ws/install/robot_tf2_broadcaster:/home/javier/puzzlebot_ws/install/robot_pose_estimator:/opt/ros/humble:/home/javier/puzzlebot_ws/install/puzzlebot_model:/home/javier/puzzlebot_ws/install/image_stream:/home/javier/puzzlebot_ws/install/aruco_detection /usr/bin/cmake --build /home/javier/puzzlebot_ws/src/build/aruco_detection -- -j12 -l12[0m
[0.262s] [34mcolcon.colcon_core.event_handler.log_command[0m [1;30mDEBUG[0m [32mInvoking command in '/home/javier/puzzlebot_ws/src/build/image_stream': CMAKE_PREFIX_PATH=/home/javier/puzzlebot_ws/install/puzzlebot_odometry:/home/javier/puzzlebot_ws/install/wago_plc:/home/javier/puzzlebot_ws/install/robot_tf2_broadcaster:/home/javier/puzzlebot_ws/install/robot_pose_estimator:/opt/ros/humble:/home/javier/puzzlebot_ws/install/puzzlebot_model:/home/javier/puzzlebot_ws/install/image_stream:/home/javier/puzzlebot_ws/install/aruco_detection /usr/bin/cmake --build /home/javier/puzzlebot_ws/src/build/image_stream -- -j12 -l12[0m
[0.475s] [34mcolcon.colcon_core.task.python.build[0m [1;30mINFO[0m Building Python package in '/home/javier/puzzlebot_ws/src/puzzlebot_model'
[0.475s] [34mcolcon.colcon_core.shell[0m [1;30mINFO[0m Skip shell extension 'powershell' for command environment: Not usable outside of PowerShell
[0.475s] [34mcolcon.colcon_core.shell[0m [1;30mDEBUG[0m [32mSkip shell extension 'dsv' for command environment[0m
[0.482s] [34mcolcon.colcon_core.event_handler.log_command[0m [1;30mDEBUG[0m [32mInvoking command in '/home/javier/puzzlebot_ws/src/build/puzzlebot_odometry': CMAKE_PREFIX_PATH=/home/javier/puzzlebot_ws/install/puzzlebot_odometry:/home/javier/puzzlebot_ws/install/wago_plc:/home/javier/puzzlebot_ws/install/robot_tf2_broadcaster:/home/javier/puzzlebot_ws/install/robot_pose_estimator:/opt/ros/humble:/home/javier/puzzlebot_ws/install/puzzlebot_model:/home/javier/puzzlebot_ws/install/image_stream:/home/javier/puzzlebot_ws/install/aruco_detection /usr/bin/cmake --build /home/javier/puzzlebot_ws/src/build/puzzlebot_odometry -- -j12 -l12[0m
[0.687s] [34mcolcon.colcon_core.task.python.build[0m [1;30mINFO[0m Building Python package in '/home/javier/puzzlebot_ws/src/robot_pose_estimator'
[0.688s] [34mcolcon.colcon_core.shell[0m [1;30mINFO[0m Skip shell extension 'powershell' for command environment: Not usable outside of PowerShell
[0.688s] [34mcolcon.colcon_core.shell[0m [1;30mDEBUG[0m [32mSkip shell extension 'dsv' for command environment[0m
[0.912s] [34mcolcon.colcon_core.task.python.build[0m [1;30mINFO[0m Building Python package in '/home/javier/puzzlebot_ws/src/robot_tf2_broadcaster'
[0.913s] [34mcolcon.colcon_core.shell[0m [1;30mINFO[0m Skip shell extension 'powershell' for command environment: Not usable outside of PowerShell
[0.913s] [34mcolcon.colcon_core.shell[0m [1;30mDEBUG[0m [32mSkip shell extension 'dsv' for command environment[0m
[0.917s] [34mcolcon.colcon_core.event_handler.log_command[0m [1;30mDEBUG[0m [32mInvoked command in '/home/javier/puzzlebot_ws/src/build/image_stream' returned '0': CMAKE_PREFIX_PATH=/home/javier/puzzlebot_ws/install/puzzlebot_odometry:/home/javier/puzzlebot_ws/install/wago_plc:/home/javier/puzzlebot_ws/install/robot_tf2_broadcaster:/home/javier/puzzlebot_ws/install/robot_pose_estimator:/opt/ros/humble:/home/javier/puzzlebot_ws/install/puzzlebot_model:/home/javier/puzzlebot_ws/install/image_stream:/home/javier/puzzlebot_ws/install/aruco_detection /usr/bin/cmake --build /home/javier/puzzlebot_ws/src/build/image_stream -- -j12 -l12[0m
[0.918s] [34mcolcon.colcon_core.event_handler.log_command[0m [1;30mDEBUG[0m [32mInvoked command in '/home/javier/puzzlebot_ws/src/build/aruco_detection' returned '0': CMAKE_PREFIX_PATH=/home/javier/puzzlebot_ws/install/puzzlebot_odometry:/home/javier/puzzlebot_ws/install/wago_plc:/home/javier/puzzlebot_ws/install/robot_tf2_broadcaster:/home/javier/puzzlebot_ws/install/robot_pose_estimator:/opt/ros/humble:/home/javier/puzzlebot_ws/install/puzzlebot_model:/home/javier/puzzlebot_ws/install/image_stream:/home/javier/puzzlebot_ws/install/aruco_detection /usr/bin/cmake --build /home/javier/puzzlebot_ws/src/build/aruco_detection -- -j12 -l12[0m
[0.919s] [34mcolcon.colcon_core.event_handler.log_command[0m [1;30mDEBUG[0m [32mInvoked command in '/home/javier/puzzlebot_ws/src/build/puzzlebot_odometry' returned '0': CMAKE_PREFIX_PATH=/home/javier/puzzlebot_ws/install/puzzlebot_odometry:/home/javier/puzzlebot_ws/install/wago_plc:/home/javier/puzzlebot_ws/install/robot_tf2_broadcaster:/home/javier/puzzlebot_ws/install/robot_pose_estimator:/opt/ros/humble:/home/javier/puzzlebot_ws/install/puzzlebot_model:/home/javier/puzzlebot_ws/install/image_stream:/home/javier/puzzlebot_ws/install/aruco_detection /usr/bin/cmake --build /home/javier/puzzlebot_ws/src/build/puzzlebot_odometry -- -j12 -l12[0m
[0.947s] [34mcolcon.colcon_core.event_handler.log_command[0m [1;30mDEBUG[0m [32mInvoking command in '/home/javier/puzzlebot_ws/src/build/image_stream': CMAKE_PREFIX_PATH=/home/javier/puzzlebot_ws/install/puzzlebot_odometry:/home/javier/puzzlebot_ws/install/wago_plc:/home/javier/puzzlebot_ws/install/robot_tf2_broadcaster:/home/javier/puzzlebot_ws/install/robot_pose_estimator:/opt/ros/humble:/home/javier/puzzlebot_ws/install/puzzlebot_model:/home/javier/puzzlebot_ws/install/image_stream:/home/javier/puzzlebot_ws/install/aruco_detection /usr/bin/cmake --install /home/javier/puzzlebot_ws/src/build/image_stream[0m
[0.950s] [34mcolcon.colcon_core.event_handler.log_command[0m [1;30mDEBUG[0m [32mInvoking command in '/home/javier/puzzlebot_ws/src/build/aruco_detection': CMAKE_PREFIX_PATH=/home/javier/puzzlebot_ws/install/puzzlebot_odometry:/home/javier/puzzlebot_ws/install/wago_plc:/home/javier/puzzlebot_ws/install/robot_tf2_broadcaster:/home/javier/puzzlebot_ws/install/robot_pose_estimator:/opt/ros/humble:/home/javier/puzzlebot_ws/install/puzzlebot_model:/home/javier/puzzlebot_ws/install/image_stream:/home/javier/puzzlebot_ws/install/aruco_detection /usr/bin/cmake --install /home/javier/puzzlebot_ws/src/build/aruco_detection[0m
[0.952s] [34mcolcon.colcon_core.event_handler.log_command[0m [1;30mDEBUG[0m [32mInvoking command in '/home/javier/puzzlebot_ws/src/build/puzzlebot_odometry': CMAKE_PREFIX_PATH=/home/javier/puzzlebot_ws/install/puzzlebot_odometry:/home/javier/puzzlebot_ws/install/wago_plc:/home/javier/puzzlebot_ws/install/robot_tf2_broadcaster:/home/javier/puzzlebot_ws/install/robot_pose_estimator:/opt/ros/humble:/home/javier/puzzlebot_ws/install/puzzlebot_model:/home/javier/puzzlebot_ws/install/image_stream:/home/javier/puzzlebot_ws/install/aruco_detection /usr/bin/cmake --install /home/javier/puzzlebot_ws/src/build/puzzlebot_odometry[0m
[0.957s] [34mcolcon.colcon_core.environment[0m [1;30mLevel 1[0m create_environment_scripts_only(image_stream)
[0.958s] [34mcolcon.colcon_core.event_handler.log_command[0m [1;30mDEBUG[0m [32mInvoked command in '/home/javier/puzzlebot_ws/src/build/image_stream' returned '0': CMAKE_PREFIX_PATH=/home/javier/puzzlebot_ws/install/puzzlebot_odometry:/home/javier/puzzlebot_ws/install/wago_plc:/home/javier/puzzlebot_ws/install/robot_tf2_broadcaster:/home/javier/puzzlebot_ws/install/robot_pose_estimator:/opt/ros/humble:/home/javier/puzzlebot_ws/install/puzzlebot_model:/home/javier/puzzlebot_ws/install/image_stream:/home/javier/puzzlebot_ws/install/aruco_detection /usr/bin/cmake --install /home/javier/puzzlebot_ws/src/build/image_stream[0m
[0.963s] [34mcolcon.colcon_core.environment[0m [1;30mLevel 1[0m checking '/home/javier/puzzlebot_ws/src/install/image_stream' for CMake module files
[0.964s] [34mcolcon.colcon_core.environment[0m [1;30mLevel 1[0m checking '/home/javier/puzzlebot_ws/src/install/image_stream' for CMake config files
[0.965s] [34mcolcon.colcon_core.shell[0m [1;30mLevel 1[0m create_environment_hook('image_stream', 'cmake_prefix_path')
[0.965s] [34mcolcon.colcon_core.shell[0m [1;30mINFO[0m Creating environment hook '/home/javier/puzzlebot_ws/src/install/image_stream/share/image_stream/hook/cmake_prefix_path.ps1'
[0.966s] [34mcolcon.colcon_core.shell[0m [1;30mINFO[0m Creating environment descriptor '/home/javier/puzzlebot_ws/src/install/image_stream/share/image_stream/hook/cmake_prefix_path.dsv'
[0.966s] [34mcolcon.colcon_core.shell[0m [1;30mINFO[0m Creating environment hook '/home/javier/puzzlebot_ws/src/install/image_stream/share/image_stream/hook/cmake_prefix_path.sh'
[0.968s] [34mcolcon.colcon_core.environment[0m [1;30mLevel 1[0m checking '/home/javier/puzzlebot_ws/src/install/image_stream/lib'
[0.968s] [34mcolcon.colcon_core.environment[0m [1;30mLevel 1[0m checking '/home/javier/puzzlebot_ws/src/install/image_stream/bin'
[0.968s] [34mcolcon.colcon_core.environment[0m [1;30mLevel 1[0m checking '/home/javier/puzzlebot_ws/src/install/image_stream/lib/pkgconfig/image_stream.pc'
[0.968s] [34mcolcon.colcon_core.environment[0m [1;30mLevel 1[0m checking '/home/javier/puzzlebot_ws/src/install/image_stream/lib/python3.10/site-packages'
[0.968s] [34mcolcon.colcon_core.environment[0m [1;30mLevel 1[0m checking '/home/javier/puzzlebot_ws/src/install/image_stream/bin'
[0.968s] [34mcolcon.colcon_core.shell[0m [1;30mINFO[0m Creating package script '/home/javier/puzzlebot_ws/src/install/image_stream/share/image_stream/package.ps1'
[0.969s] [34mcolcon.colcon_core.shell[0m [1;30mINFO[0m Creating package descriptor '/home/javier/puzzlebot_ws/src/install/image_stream/share/image_stream/package.dsv'
[0.970s] [34mcolcon.colcon_core.shell[0m [1;30mINFO[0m Creating package script '/home/javier/puzzlebot_ws/src/install/image_stream/share/image_stream/package.sh'
[0.970s] [34mcolcon.colcon_core.shell[0m [1;30mINFO[0m Creating package script '/home/javier/puzzlebot_ws/src/install/image_stream/share/image_stream/package.bash'
[0.971s] [34mcolcon.colcon_core.shell[0m [1;30mINFO[0m Creating package script '/home/javier/puzzlebot_ws/src/install/image_stream/share/image_stream/package.zsh'
[0.971s] [34mcolcon.colcon_core.environment[0m [1;30mLevel 1[0m create_file_with_runtime_dependencies(/home/javier/puzzlebot_ws/src/install/image_stream/share/colcon-core/packages/image_stream)
[0.973s] [34mcolcon.colcon_core.environment[0m [1;30mLevel 1[0m create_environment_scripts_only(aruco_detection)
[0.973s] [34mcolcon.colcon_core.environment[0m [1;30mLevel 1[0m checking '/home/javier/puzzlebot_ws/src/install/aruco_detection' for CMake module files
[0.974s] [34mcolcon.colcon_core.event_handler.log_command[0m [1;30mDEBUG[0m [32mInvoked command in '/home/javier/puzzlebot_ws/src/build/aruco_detection' returned '0': CMAKE_PREFIX_PATH=/home/javier/puzzlebot_ws/install/puzzlebot_odometry:/home/javier/puzzlebot_ws/install/wago_plc:/home/javier/puzzlebot_ws/install/robot_tf2_broadcaster:/home/javier/puzzlebot_ws/install/robot_pose_estimator:/opt/ros/humble:/home/javier/puzzlebot_ws/install/puzzlebot_model:/home/javier/puzzlebot_ws/install/image_stream:/home/javier/puzzlebot_ws/install/aruco_detection /usr/bin/cmake --install /home/javier/puzzlebot_ws/src/build/aruco_detection[0m
[0.974s] [34mcolcon.colcon_core.environment[0m [1;30mLevel 1[0m checking '/home/javier/puzzlebot_ws/src/install/aruco_detection' for CMake config files
[0.974s] [34mcolcon.colcon_core.shell[0m [1;30mLevel 1[0m create_environment_hook('aruco_detection', 'cmake_prefix_path')
[0.974s] [34mcolcon.colcon_core.shell[0m [1;30mINFO[0m Creating environment hook '/home/javier/puzzlebot_ws/src/install/aruco_detection/share/aruco_detection/hook/cmake_prefix_path.ps1'
[0.975s] [34mcolcon.colcon_core.shell[0m [1;30mINFO[0m Creating environment descriptor '/home/javier/puzzlebot_ws/src/install/aruco_detection/share/aruco_detection/hook/cmake_prefix_path.dsv'
[0.975s] [34mcolcon.colcon_core.shell[0m [1;30mINFO[0m Creating environment hook '/home/javier/puzzlebot_ws/src/install/aruco_detection/share/aruco_detection/hook/cmake_prefix_path.sh'
[0.976s] [34mcolcon.colcon_core.environment[0m [1;30mLevel 1[0m checking '/home/javier/puzzlebot_ws/src/install/aruco_detection/lib'
[0.976s] [34mcolcon.colcon_core.environment[0m [1;30mLevel 1[0m checking '/home/javier/puzzlebot_ws/src/install/aruco_detection/bin'
[0.976s] [34mcolcon.colcon_core.environment[0m [1;30mLevel 1[0m checking '/home/javier/puzzlebot_ws/src/install/aruco_detection/lib/pkgconfig/aruco_detection.pc'
[0.976s] [34mcolcon.colcon_core.environment[0m [1;30mLevel 1[0m checking '/home/javier/puzzlebot_ws/src/install/aruco_detection/lib/python3.10/site-packages'
[0.976s] [34mcolcon.colcon_core.environment[0m [1;30mLevel 1[0m checking '/home/javier/puzzlebot_ws/src/install/aruco_detection/bin'
[0.976s] [34mcolcon.colcon_core.shell[0m [1;30mINFO[0m Creating package script '/home/javier/puzzlebot_ws/src/install/aruco_detection/share/aruco_detection/package.ps1'
[0.977s] [34mcolcon.colcon_core.shell[0m [1;30mINFO[0m Creating package descriptor '/home/javier/puzzlebot_ws/src/install/aruco_detection/share/aruco_detection/package.dsv'
[0.977s] [34mcolcon.colcon_core.shell[0m [1;30mINFO[0m Creating package script '/home/javier/puzzlebot_ws/src/install/aruco_detection/share/aruco_detection/package.sh'
[0.977s] [34mcolcon.colcon_core.shell[0m [1;30mINFO[0m Creating package script '/home/javier/puzzlebot_ws/src/install/aruco_detection/share/aruco_detection/package.bash'
[0.978s] [34mcolcon.colcon_core.shell[0m [1;30mINFO[0m Creating package script '/home/javier/puzzlebot_ws/src/install/aruco_detection/share/aruco_detection/package.zsh'
[0.978s] [34mcolcon.colcon_core.environment[0m [1;30mLevel 1[0m create_file_with_runtime_dependencies(/home/javier/puzzlebot_ws/src/install/aruco_detection/share/colcon-core/packages/aruco_detection)
[0.979s] [34mcolcon.colcon_core.environment[0m [1;30mLevel 1[0m create_environment_scripts_only(puzzlebot_odometry)
[0.979s] [34mcolcon.colcon_core.environment[0m [1;30mLevel 1[0m checking '/home/javier/puzzlebot_ws/src/install/puzzlebot_odometry' for CMake module files
[0.980s] [34mcolcon.colcon_core.event_handler.log_command[0m [1;30mDEBUG[0m [32mInvoked command in '/home/javier/puzzlebot_ws/src/build/puzzlebot_odometry' returned '0': CMAKE_PREFIX_PATH=/home/javier/puzzlebot_ws/install/puzzlebot_odometry:/home/javier/puzzlebot_ws/install/wago_plc:/home/javier/puzzlebot_ws/install/robot_tf2_broadcaster:/home/javier/puzzlebot_ws/install/robot_pose_estimator:/opt/ros/humble:/home/javier/puzzlebot_ws/install/puzzlebot_model:/home/javier/puzzlebot_ws/install/image_stream:/home/javier/puzzlebot_ws/install/aruco_detection /usr/bin/cmake --install /home/javier/puzzlebot_ws/src/build/puzzlebot_odometry[0m
[0.980s] [34mcolcon.colcon_core.environment[0m [1;30mLevel 1[0m checking '/home/javier/puzzlebot_ws/src/install/puzzlebot_odometry' for CMake config files
[0.981s] [34mcolcon.colcon_core.shell[0m [1;30mLevel 1[0m create_environment_hook('puzzlebot_odometry', 'cmake_prefix_path')
[0.981s] [34mcolcon.colcon_core.shell[0m [1;30mINFO[0m Creating environment hook '/home/javier/puzzlebot_ws/src/install/puzzlebot_odometry/share/puzzlebot_odometry/hook/cmake_prefix_path.ps1'
[0.981s] [34mcolcon.colcon_core.shell[0m [1;30mINFO[0m Creating environment descriptor '/home/javier/puzzlebot_ws/src/install/puzzlebot_odometry/share/puzzlebot_odometry/hook/cmake_prefix_path.dsv'
[0.981s] [34mcolcon.colcon_core.shell[0m [1;30mINFO[0m Creating environment hook '/home/javier/puzzlebot_ws/src/install/puzzlebot_odometry/share/puzzlebot_odometry/hook/cmake_prefix_path.sh'
[0.982s] [34mcolcon.colcon_core.environment[0m [1;30mLevel 1[0m checking '/home/javier/puzzlebot_ws/src/install/puzzlebot_odometry/lib'
[0.982s] [34mcolcon.colcon_core.environment[0m [1;30mLevel 1[0m checking '/home/javier/puzzlebot_ws/src/install/puzzlebot_odometry/bin'
[0.982s] [34mcolcon.colcon_core.environment[0m [1;30mLevel 1[0m checking '/home/javier/puzzlebot_ws/src/install/puzzlebot_odometry/lib/pkgconfig/puzzlebot_odometry.pc'
[0.982s] [34mcolcon.colcon_core.environment[0m [1;30mLevel 1[0m checking '/home/javier/puzzlebot_ws/src/install/puzzlebot_odometry/lib/python3.10/site-packages'
[0.983s] [34mcolcon.colcon_core.environment[0m [1;30mLevel 1[0m checking '/home/javier/puzzlebot_ws/src/install/puzzlebot_odometry/bin'
[0.983s] [34mcolcon.colcon_core.shell[0m [1;30mINFO[0m Creating package script '/home/javier/puzzlebot_ws/src/install/puzzlebot_odometry/share/puzzlebot_odometry/package.ps1'
[0.983s] [34mcolcon.colcon_core.shell[0m [1;30mINFO[0m Creating package descriptor '/home/javier/puzzlebot_ws/src/install/puzzlebot_odometry/share/puzzlebot_odometry/package.dsv'
[0.984s] [34mcolcon.colcon_core.shell[0m [1;30mINFO[0m Creating package script '/home/javier/puzzlebot_ws/src/install/puzzlebot_odometry/share/puzzlebot_odometry/package.sh'
[0.984s] [34mcolcon.colcon_core.shell[0m [1;30mINFO[0m Creating package script '/home/javier/puzzlebot_ws/src/install/puzzlebot_odometry/share/puzzlebot_odometry/package.bash'
[0.985s] [34mcolcon.colcon_core.shell[0m [1;30mINFO[0m Creating package script '/home/javier/puzzlebot_ws/src/install/puzzlebot_odometry/share/puzzlebot_odometry/package.zsh'
[0.985s] [34mcolcon.colcon_core.environment[0m [1;30mLevel 1[0m create_file_with_runtime_dependencies(/home/javier/puzzlebot_ws/src/install/puzzlebot_odometry/share/colcon-core/packages/puzzlebot_odometry)
[0.993s] [34mcolcon.colcon_core.environment[0m [1;30mLevel 1[0m create_environment_scripts_only(image_stream)
[0.993s] [34mcolcon.colcon_core.environment[0m [1;30mLevel 1[0m checking '/home/javier/puzzlebot_ws/src/install/image_stream' for CMake module files
[0.994s] [34mcolcon.colcon_core.environment[0m [1;30mLevel 1[0m checking '/home/javier/puzzlebot_ws/src/install/image_stream' for CMake config files
[0.994s] [34mcolcon.colcon_core.shell[0m [1;30mLevel 1[0m create_environment_hook('image_stream', 'cmake_prefix_path')
[0.994s] [34mcolcon.colcon_core.shell[0m [1;30mINFO[0m Creating environment hook '/home/javier/puzzlebot_ws/src/install/image_stream/share/image_stream/hook/cmake_prefix_path.ps1'
[0.995s] [34mcolcon.colcon_core.shell[0m [1;30mINFO[0m Creating environment descriptor '/home/javier/puzzlebot_ws/src/install/image_stream/share/image_stream/hook/cmake_prefix_path.dsv'
[0.995s] [34mcolcon.colcon_core.shell[0m [1;30mINFO[0m Creating environment hook '/home/javier/puzzlebot_ws/src/install/image_stream/share/image_stream/hook/cmake_prefix_path.sh'
[0.995s] [34mcolcon.colcon_core.environment[0m [1;30mLevel 1[0m checking '/home/javier/puzzlebot_ws/src/install/image_stream/lib'
[0.995s] [34mcolcon.colcon_core.environment[0m [1;30mLevel 1[0m checking '/home/javier/puzzlebot_ws/src/install/image_stream/bin'
[0.996s] [34mcolcon.colcon_core.environment[0m [1;30mLevel 1[0m checking '/home/javier/puzzlebot_ws/src/install/image_stream/lib/pkgconfig/image_stream.pc'
[0.996s] [34mcolcon.colcon_core.environment[0m [1;30mLevel 1[0m checking '/home/javier/puzzlebot_ws/src/install/image_stream/lib/python3.10/site-packages'
[0.996s] [34mcolcon.colcon_core.environment[0m [1;30mLevel 1[0m checking '/home/javier/puzzlebot_ws/src/install/image_stream/bin'
[0.996s] [34mcolcon.colcon_core.shell[0m [1;30mINFO[0m Creating package script '/home/javier/puzzlebot_ws/src/install/image_stream/share/image_stream/package.ps1'
[0.997s] [34mcolcon.colcon_core.shell[0m [1;30mINFO[0m Creating package descriptor '/home/javier/puzzlebot_ws/src/install/image_stream/share/image_stream/package.dsv'
[0.997s] [34mcolcon.colcon_core.shell[0m [1;30mINFO[0m Creating package script '/home/javier/puzzlebot_ws/src/install/image_stream/share/image_stream/package.sh'
[0.998s] [34mcolcon.colcon_core.shell[0m [1;30mINFO[0m Creating package script '/home/javier/puzzlebot_ws/src/install/image_stream/share/image_stream/package.bash'
[0.998s] [34mcolcon.colcon_core.shell[0m [1;30mINFO[0m Creating package script '/home/javier/puzzlebot_ws/src/install/image_stream/share/image_stream/package.zsh'
[0.998s] [34mcolcon.colcon_core.environment[0m [1;30mLevel 1[0m create_file_with_runtime_dependencies(/home/javier/puzzlebot_ws/src/install/image_stream/share/colcon-core/packages/image_stream)
[1.001s] [34mcolcon.colcon_core.environment[0m [1;30mLevel 1[0m create_environment_scripts_only(aruco_detection)
[1.001s] [34mcolcon.colcon_core.environment[0m [1;30mLevel 1[0m checking '/home/javier/puzzlebot_ws/src/install/aruco_detection' for CMake module files
[1.001s] [34mcolcon.colcon_core.environment[0m [1;30mLevel 1[0m checking '/home/javier/puzzlebot_ws/src/install/aruco_detection' for CMake config files
[1.001s] [34mcolcon.colcon_core.shell[0m [1;30mLevel 1[0m create_environment_hook('aruco_detection', 'cmake_prefix_path')
[1.002s] [34mcolcon.colcon_core.shell[0m [1;30mINFO[0m Creating environment hook '/home/javier/puzzlebot_ws/src/install/aruco_detection/share/aruco_detection/hook/cmake_prefix_path.ps1'
[1.002s] [34mcolcon.colcon_core.shell[0m [1;30mINFO[0m Creating environment descriptor '/home/javier/puzzlebot_ws/src/install/aruco_detection/share/aruco_detection/hook/cmake_prefix_path.dsv'
[1.002s] [34mcolcon.colcon_core.shell[0m [1;30mINFO[0m Creating environment hook '/home/javier/puzzlebot_ws/src/install/aruco_detection/share/aruco_detection/hook/cmake_prefix_path.sh'
[1.003s] [34mcolcon.colcon_core.environment[0m [1;30mLevel 1[0m checking '/home/javier/puzzlebot_ws/src/install/aruco_detection/lib'
[1.003s] [34mcolcon.colcon_core.environment[0m [1;30mLevel 1[0m checking '/home/javier/puzzlebot_ws/src/install/aruco_detection/bin'
[1.003s] [34mcolcon.colcon_core.environment[0m [1;30mLevel 1[0m checking '/home/javier/puzzlebot_ws/src/install/aruco_detection/lib/pkgconfig/aruco_detection.pc'
[1.003s] [34mcolcon.colcon_core.environment[0m [1;30mLevel 1[0m checking '/home/javier/puzzlebot_ws/src/install/aruco_detection/lib/python3.10/site-packages'
[1.004s] [34mcolcon.colcon_core.environment[0m [1;30mLevel 1[0m checking '/home/javier/puzzlebot_ws/src/install/aruco_detection/bin'
[1.004s] [34mcolcon.colcon_core.shell[0m [1;30mINFO[0m Creating package script '/home/javier/puzzlebot_ws/src/install/aruco_detection/share/aruco_detection/package.ps1'
[1.004s] [34mcolcon.colcon_core.shell[0m [1;30mINFO[0m Creating package descriptor '/home/javier/puzzlebot_ws/src/install/aruco_detection/share/aruco_detection/package.dsv'
[1.005s] [34mcolcon.colcon_core.shell[0m [1;30mINFO[0m Creating package script '/home/javier/puzzlebot_ws/src/install/aruco_detection/share/aruco_detection/package.sh'
[1.005s] [34mcolcon.colcon_core.shell[0m [1;30mINFO[0m Creating package script '/home/javier/puzzlebot_ws/src/install/aruco_detection/share/aruco_detection/package.bash'
[1.006s] [34mcolcon.colcon_core.shell[0m [1;30mINFO[0m Creating package script '/home/javier/puzzlebot_ws/src/install/aruco_detection/share/aruco_detection/package.zsh'
[1.006s] [34mcolcon.colcon_core.environment[0m [1;30mLevel 1[0m create_file_with_runtime_dependencies(/home/javier/puzzlebot_ws/src/install/aruco_detection/share/colcon-core/packages/aruco_detection)
[1.008s] [34mcolcon.colcon_core.environment[0m [1;30mLevel 1[0m create_environment_scripts_only(puzzlebot_odometry)
[1.008s] [34mcolcon.colcon_core.environment[0m [1;30mLevel 1[0m checking '/home/javier/puzzlebot_ws/src/install/puzzlebot_odometry' for CMake module files
[1.008s] [34mcolcon.colcon_core.environment[0m [1;30mLevel 1[0m checking '/home/javier/puzzlebot_ws/src/install/puzzlebot_odometry' for CMake config files
[1.008s] [34mcolcon.colcon_core.shell[0m [1;30mLevel 1[0m create_environment_hook('puzzlebot_odometry', 'cmake_prefix_path')
[1.009s] [34mcolcon.colcon_core.shell[0m [1;30mINFO[0m Creating environment hook '/home/javier/puzzlebot_ws/src/install/puzzlebot_odometry/share/puzzlebot_odometry/hook/cmake_prefix_path.ps1'
[1.009s] [34mcolcon.colcon_core.shell[0m [1;30mINFO[0m Creating environment descriptor '/home/javier/puzzlebot_ws/src/install/puzzlebot_odometry/share/puzzlebot_odometry/hook/cmake_prefix_path.dsv'
[1.009s] [34mcolcon.colcon_core.shell[0m [1;30mINFO[0m Creating environment hook '/home/javier/puzzlebot_ws/src/install/puzzlebot_odometry/share/puzzlebot_odometry/hook/cmake_prefix_path.sh'
[1.010s] [34mcolcon.colcon_core.environment[0m [1;30mLevel 1[0m checking '/home/javier/puzzlebot_ws/src/install/puzzlebot_odometry/lib'
[1.010s] [34mcolcon.colcon_core.environment[0m [1;30mLevel 1[0m checking '/home/javier/puzzlebot_ws/src/install/puzzlebot_odometry/bin'
[1.010s] [34mcolcon.colcon_core.environment[0m [1;30mLevel 1[0m checking '/home/javier/puzzlebot_ws/src/install/puzzlebot_odometry/lib/pkgconfig/puzzlebot_odometry.pc'
[1.010s] [34mcolcon.colcon_core.environment[0m [1;30mLevel 1[0m checking '/home/javier/puzzlebot_ws/src/install/puzzlebot_odometry/lib/python3.10/site-packages'
[1.010s] [34mcolcon.colcon_core.environment[0m [1;30mLevel 1[0m checking '/home/javier/puzzlebot_ws/src/install/puzzlebot_odometry/bin'
[1.011s] [34mcolcon.colcon_core.shell[0m [1;30mINFO[0m Creating package script '/home/javier/puzzlebot_ws/src/install/puzzlebot_odometry/share/puzzlebot_odometry/package.ps1'
[1.011s] [34mcolcon.colcon_core.shell[0m [1;30mINFO[0m Creating package descriptor '/home/javier/puzzlebot_ws/src/install/puzzlebot_odometry/share/puzzlebot_odometry/package.dsv'
[1.011s] [34mcolcon.colcon_core.shell[0m [1;30mINFO[0m Creating package script '/home/javier/puzzlebot_ws/src/install/puzzlebot_odometry/share/puzzlebot_odometry/package.sh'
[1.012s] [34mcolcon.colcon_core.shell[0m [1;30mINFO[0m Creating package script '/home/javier/puzzlebot_ws/src/install/puzzlebot_odometry/share/puzzlebot_odometry/package.bash'
[1.012s] [34mcolcon.colcon_core.shell[0m [1;30mINFO[0m Creating package script '/home/javier/puzzlebot_ws/src/install/puzzlebot_odometry/share/puzzlebot_odometry/package.zsh'
[1.013s] [34mcolcon.colcon_core.environment[0m [1;30mLevel 1[0m create_file_with_runtime_dependencies(/home/javier/puzzlebot_ws/src/install/puzzlebot_odometry/share/colcon-core/packages/puzzlebot_odometry)
[1.548s] [34mcolcon.colcon_core.event_handler.log_command[0m [1;30mDEBUG[0m [32mInvoking command in '/home/javier/puzzlebot_ws/src/robot_pose_estimator': PYTHONPATH=/home/javier/puzzlebot_ws/src/build/robot_pose_estimator/prefix_override:/usr/lib/python3/dist-packages/colcon_core/task/python/colcon_distutils_commands:/home/javier/puzzlebot_ws/src/install/robot_pose_estimator/lib/python3.10/site-packages:${PYTHONPATH} /usr/bin/python3 -W ignore:setup.py install is deprecated setup.py egg_info --egg-base ../build/robot_pose_estimator build --build-base /home/javier/puzzlebot_ws/src/build/robot_pose_estimator/build install --record /home/javier/puzzlebot_ws/src/build/robot_pose_estimator/install.log --single-version-externally-managed install_data[0m
[1.563s] [34mcolcon.colcon_core.event_handler.log_command[0m [1;30mDEBUG[0m [32mInvoking command in '/home/javier/puzzlebot_ws/src/robot_tf2_broadcaster': PYTHONPATH=/home/javier/puzzlebot_ws/src/build/robot_tf2_broadcaster/prefix_override:/usr/lib/python3/dist-packages/colcon_core/task/python/colcon_distutils_commands:/home/javier/puzzlebot_ws/src/install/robot_tf2_broadcaster/lib/python3.10/site-packages:${PYTHONPATH} /usr/bin/python3 -W ignore:setup.py install is deprecated setup.py egg_info --egg-base ../build/robot_tf2_broadcaster build --build-base /home/javier/puzzlebot_ws/src/build/robot_tf2_broadcaster/build install --record /home/javier/puzzlebot_ws/src/build/robot_tf2_broadcaster/install.log --single-version-externally-managed install_data[0m
[1.574s] [34mcolcon.colcon_core.event_handler.log_command[0m [1;30mDEBUG[0m [32mInvoking command in '/home/javier/puzzlebot_ws/src/puzzlebot_model': PYTHONPATH=/home/javier/puzzlebot_ws/src/build/puzzlebot_model/prefix_override:/usr/lib/python3/dist-packages/colcon_core/task/python/colcon_distutils_commands:/home/javier/puzzlebot_ws/src/install/puzzlebot_model/lib/python3.10/site-packages:${PYTHONPATH} /usr/bin/python3 -W ignore:setup.py install is deprecated setup.py egg_info --egg-base ../build/puzzlebot_model build --build-base /home/javier/puzzlebot_ws/src/build/puzzlebot_model/build install --record /home/javier/puzzlebot_ws/src/build/puzzlebot_model/install.log --single-version-externally-managed install_data[0m
[2.114s] [34mcolcon.colcon_core.environment[0m [1;30mLevel 1[0m checking '/home/javier/puzzlebot_ws/src/install/robot_pose_estimator' for CMake module files
[2.115s] [34mcolcon.colcon_core.event_handler.log_command[0m [1;30mDEBUG[0m [32mInvoked command in '/home/javier/puzzlebot_ws/src/robot_pose_estimator' returned '0': PYTHONPATH=/home/javier/puzzlebot_ws/src/build/robot_pose_estimator/prefix_override:/usr/lib/python3/dist-packages/colcon_core/task/python/colcon_distutils_commands:/home/javier/puzzlebot_ws/src/install/robot_pose_estimator/lib/python3.10/site-packages:${PYTHONPATH} /usr/bin/python3 -W ignore:setup.py install is deprecated setup.py egg_info --egg-base ../build/robot_pose_estimator build --build-base /home/javier/puzzlebot_ws/src/build/robot_pose_estimator/build install --record /home/javier/puzzlebot_ws/src/build/robot_pose_estimator/install.log --single-version-externally-managed install_data[0m
[2.115s] [34mcolcon.colcon_core.environment[0m [1;30mLevel 1[0m checking '/home/javier/puzzlebot_ws/src/install/robot_pose_estimator' for CMake config files
[2.116s] [34mcolcon.colcon_core.environment[0m [1;30mLevel 1[0m checking '/home/javier/puzzlebot_ws/src/install/robot_pose_estimator/lib'
[2.116s] [34mcolcon.colcon_core.environment[0m [1;30mLevel 1[0m checking '/home/javier/puzzlebot_ws/src/install/robot_pose_estimator/bin'
[2.116s] [34mcolcon.colcon_core.environment[0m [1;30mLevel 1[0m checking '/home/javier/puzzlebot_ws/src/install/robot_pose_estimator/lib/pkgconfig/robot_pose_estimator.pc'
[2.116s] [34mcolcon.colcon_core.environment[0m [1;30mLevel 1[0m checking '/home/javier/puzzlebot_ws/src/install/robot_pose_estimator/lib/python3.10/site-packages'
[2.116s] [34mcolcon.colcon_core.shell[0m [1;30mLevel 1[0m create_environment_hook('robot_pose_estimator', 'pythonpath')
[2.116s] [34mcolcon.colcon_core.shell[0m [1;30mINFO[0m Creating environment hook '/home/javier/puzzlebot_ws/src/install/robot_pose_estimator/share/robot_pose_estimator/hook/pythonpath.ps1'
[2.117s] [34mcolcon.colcon_core.shell[0m [1;30mINFO[0m Creating environment descriptor '/home/javier/puzzlebot_ws/src/install/robot_pose_estimator/share/robot_pose_estimator/hook/pythonpath.dsv'
[2.117s] [34mcolcon.colcon_core.shell[0m [1;30mINFO[0m Creating environment hook '/home/javier/puzzlebot_ws/src/install/robot_pose_estimator/share/robot_pose_estimator/hook/pythonpath.sh'
[2.118s] [34mcolcon.colcon_core.environment[0m [1;30mLevel 1[0m checking '/home/javier/puzzlebot_ws/src/install/robot_pose_estimator/bin'
[2.118s] [34mcolcon.colcon_core.environment[0m [1;30mLevel 1[0m create_environment_scripts_only(robot_pose_estimator)
[2.118s] [34mcolcon.colcon_core.shell[0m [1;30mINFO[0m Creating package script '/home/javier/puzzlebot_ws/src/install/robot_pose_estimator/share/robot_pose_estimator/package.ps1'
[2.119s] [34mcolcon.colcon_core.shell[0m [1;30mINFO[0m Creating package descriptor '/home/javier/puzzlebot_ws/src/install/robot_pose_estimator/share/robot_pose_estimator/package.dsv'
[2.119s] [34mcolcon.colcon_core.shell[0m [1;30mINFO[0m Creating package script '/home/javier/puzzlebot_ws/src/install/robot_pose_estimator/share/robot_pose_estimator/package.sh'
[2.119s] [34mcolcon.colcon_core.shell[0m [1;30mINFO[0m Creating package script '/home/javier/puzzlebot_ws/src/install/robot_pose_estimator/share/robot_pose_estimator/package.bash'
[2.120s] [34mcolcon.colcon_core.shell[0m [1;30mINFO[0m Creating package script '/home/javier/puzzlebot_ws/src/install/robot_pose_estimator/share/robot_pose_estimator/package.zsh'
[2.120s] [34mcolcon.colcon_core.environment[0m [1;30mLevel 1[0m create_file_with_runtime_dependencies(/home/javier/puzzlebot_ws/src/install/robot_pose_estimator/share/colcon-core/packages/robot_pose_estimator)
[2.161s] [34mcolcon.colcon_core.environment[0m [1;30mLevel 1[0m checking '/home/javier/puzzlebot_ws/src/install/robot_tf2_broadcaster' for CMake module files
[2.161s] [34mcolcon.colcon_core.event_handler.log_command[0m [1;30mDEBUG[0m [32mInvoked command in '/home/javier/puzzlebot_ws/src/robot_tf2_broadcaster' returned '0': PYTHONPATH=/home/javier/puzzlebot_ws/src/build/robot_tf2_broadcaster/prefix_override:/usr/lib/python3/dist-packages/colcon_core/task/python/colcon_distutils_commands:/home/javier/puzzlebot_ws/src/install/robot_tf2_broadcaster/lib/python3.10/site-packages:${PYTHONPATH} /usr/bin/python3 -W ignore:setup.py install is deprecated setup.py egg_info --egg-base ../build/robot_tf2_broadcaster build --build-base /home/javier/puzzlebot_ws/src/build/robot_tf2_broadcaster/build install --record /home/javier/puzzlebot_ws/src/build/robot_tf2_broadcaster/install.log --single-version-externally-managed install_data[0m
[2.161s] [34mcolcon.colcon_core.environment[0m [1;30mLevel 1[0m checking '/home/javier/puzzlebot_ws/src/install/robot_tf2_broadcaster' for CMake config files
[2.162s] [34mcolcon.colcon_core.environment[0m [1;30mLevel 1[0m checking '/home/javier/puzzlebot_ws/src/install/robot_tf2_broadcaster/lib'
[2.162s] [34mcolcon.colcon_core.environment[0m [1;30mLevel 1[0m checking '/home/javier/puzzlebot_ws/src/install/robot_tf2_broadcaster/bin'
[2.162s] [34mcolcon.colcon_core.environment[0m [1;30mLevel 1[0m checking '/home/javier/puzzlebot_ws/src/install/robot_tf2_broadcaster/lib/pkgconfig/robot_tf2_broadcaster.pc'
[2.162s] [34mcolcon.colcon_core.environment[0m [1;30mLevel 1[0m checking '/home/javier/puzzlebot_ws/src/install/robot_tf2_broadcaster/lib/python3.10/site-packages'
[2.162s] [34mcolcon.colcon_core.shell[0m [1;30mLevel 1[0m create_environment_hook('robot_tf2_broadcaster', 'pythonpath')
[2.163s] [34mcolcon.colcon_core.shell[0m [1;30mINFO[0m Creating environment hook '/home/javier/puzzlebot_ws/src/install/robot_tf2_broadcaster/share/robot_tf2_broadcaster/hook/pythonpath.ps1'
[2.163s] [34mcolcon.colcon_core.shell[0m [1;30mINFO[0m Creating environment descriptor '/home/javier/puzzlebot_ws/src/install/robot_tf2_broadcaster/share/robot_tf2_broadcaster/hook/pythonpath.dsv'
[2.163s] [34mcolcon.colcon_core.shell[0m [1;30mINFO[0m Creating environment hook '/home/javier/puzzlebot_ws/src/install/robot_tf2_broadcaster/share/robot_tf2_broadcaster/hook/pythonpath.sh'
[2.164s] [34mcolcon.colcon_core.environment[0m [1;30mLevel 1[0m checking '/home/javier/puzzlebot_ws/src/install/robot_tf2_broadcaster/bin'
[2.164s] [34mcolcon.colcon_core.environment[0m [1;30mLevel 1[0m create_environment_scripts_only(robot_tf2_broadcaster)
[2.164s] [34mcolcon.colcon_core.shell[0m [1;30mINFO[0m Creating package script '/home/javier/puzzlebot_ws/src/install/robot_tf2_broadcaster/share/robot_tf2_broadcaster/package.ps1'
[2.164s] [34mcolcon.colcon_core.shell[0m [1;30mINFO[0m Creating package descriptor '/home/javier/puzzlebot_ws/src/install/robot_tf2_broadcaster/share/robot_tf2_broadcaster/package.dsv'
[2.165s] [34mcolcon.colcon_core.shell[0m [1;30mINFO[0m Creating package script '/home/javier/puzzlebot_ws/src/install/robot_tf2_broadcaster/share/robot_tf2_broadcaster/package.sh'
[2.165s] [34mcolcon.colcon_core.shell[0m [1;30mINFO[0m Creating package script '/home/javier/puzzlebot_ws/src/install/robot_tf2_broadcaster/share/robot_tf2_broadcaster/package.bash'
[2.165s] [34mcolcon.colcon_core.shell[0m [1;30mINFO[0m Creating package script '/home/javier/puzzlebot_ws/src/install/robot_tf2_broadcaster/share/robot_tf2_broadcaster/package.zsh'
[2.166s] [34mcolcon.colcon_core.environment[0m [1;30mLevel 1[0m create_file_with_runtime_dependencies(/home/javier/puzzlebot_ws/src/install/robot_tf2_broadcaster/share/colcon-core/packages/robot_tf2_broadcaster)
[2.191s] [34mcolcon.colcon_core.environment[0m [1;30mLevel 1[0m checking '/home/javier/puzzlebot_ws/src/install/puzzlebot_model' for CMake module files
[2.191s] [34mcolcon.colcon_core.event_handler.log_command[0m [1;30mDEBUG[0m [32mInvoked command in '/home/javier/puzzlebot_ws/src/puzzlebot_model' returned '0': PYTHONPATH=/home/javier/puzzlebot_ws/src/build/puzzlebot_model/prefix_override:/usr/lib/python3/dist-packages/colcon_core/task/python/colcon_distutils_commands:/home/javier/puzzlebot_ws/src/install/puzzlebot_model/lib/python3.10/site-packages:${PYTHONPATH} /usr/bin/python3 -W ignore:setup.py install is deprecated setup.py egg_info --egg-base ../build/puzzlebot_model build --build-base /home/javier/puzzlebot_ws/src/build/puzzlebot_model/build install --record /home/javier/puzzlebot_ws/src/build/puzzlebot_model/install.log --single-version-externally-managed install_data[0m
[2.191s] [34mcolcon.colcon_core.environment[0m [1;30mLevel 1[0m checking '/home/javier/puzzlebot_ws/src/install/puzzlebot_model' for CMake config files
[2.192s] [34mcolcon.colcon_core.environment[0m [1;30mLevel 1[0m checking '/home/javier/puzzlebot_ws/src/install/puzzlebot_model/lib'
[2.192s] [34mcolcon.colcon_core.environment[0m [1;30mLevel 1[0m checking '/home/javier/puzzlebot_ws/src/install/puzzlebot_model/bin'
[2.192s] [34mcolcon.colcon_core.environment[0m [1;30mLevel 1[0m checking '/home/javier/puzzlebot_ws/src/install/puzzlebot_model/lib/pkgconfig/puzzlebot_model.pc'
[2.192s] [34mcolcon.colcon_core.environment[0m [1;30mLevel 1[0m checking '/home/javier/puzzlebot_ws/src/install/puzzlebot_model/lib/python3.10/site-packages'
[2.192s] [34mcolcon.colcon_core.shell[0m [1;30mLevel 1[0m create_environment_hook('puzzlebot_model', 'pythonpath')
[2.193s] [34mcolcon.colcon_core.shell[0m [1;30mINFO[0m Creating environment hook '/home/javier/puzzlebot_ws/src/install/puzzlebot_model/share/puzzlebot_model/hook/pythonpath.ps1'
[2.193s] [34mcolcon.colcon_core.shell[0m [1;30mINFO[0m Creating environment descriptor '/home/javier/puzzlebot_ws/src/install/puzzlebot_model/share/puzzlebot_model/hook/pythonpath.dsv'
[2.193s] [34mcolcon.colcon_core.shell[0m [1;30mINFO[0m Creating environment hook '/home/javier/puzzlebot_ws/src/install/puzzlebot_model/share/puzzlebot_model/hook/pythonpath.sh'
[2.194s] [34mcolcon.colcon_core.environment[0m [1;30mLevel 1[0m checking '/home/javier/puzzlebot_ws/src/install/puzzlebot_model/bin'
[2.194s] [34mcolcon.colcon_core.environment[0m [1;30mLevel 1[0m create_environment_scripts_only(puzzlebot_model)
[2.194s] [34mcolcon.colcon_core.shell[0m [1;30mINFO[0m Creating package script '/home/javier/puzzlebot_ws/src/install/puzzlebot_model/share/puzzlebot_model/package.ps1'
[2.194s] [34mcolcon.colcon_core.shell[0m [1;30mINFO[0m Creating package descriptor '/home/javier/puzzlebot_ws/src/install/puzzlebot_model/share/puzzlebot_model/package.dsv'
[2.195s] [34mcolcon.colcon_core.shell[0m [1;30mINFO[0m Creating package script '/home/javier/puzzlebot_ws/src/install/puzzlebot_model/share/puzzlebot_model/package.sh'
[2.195s] [34mcolcon.colcon_core.shell[0m [1;30mINFO[0m Creating package script '/home/javier/puzzlebot_ws/src/install/puzzlebot_model/share/puzzlebot_model/package.bash'
[2.195s] [34mcolcon.colcon_core.shell[0m [1;30mINFO[0m Creating package script '/home/javier/puzzlebot_ws/src/install/puzzlebot_model/share/puzzlebot_model/package.zsh'
[2.196s] [34mcolcon.colcon_core.environment[0m [1;30mLevel 1[0m create_file_with_runtime_dependencies(/home/javier/puzzlebot_ws/src/install/puzzlebot_model/share/colcon-core/packages/puzzlebot_model)
[2.196s] [34mcolcon.colcon_parallel_executor.executor.parallel[0m [1;30mDEBUG[0m [32mclosing loop[0m
[2.196s] [34mcolcon.colcon_parallel_executor.executor.parallel[0m [1;30mDEBUG[0m [32mloop closed[0m
[2.196s] [34mcolcon.colcon_parallel_executor.executor.parallel[0m [1;30mDEBUG[0m [32mrun_until_complete finished with '0'[0m
[2.196s] [34mcolcon.colcon_core.event_reactor[0m [1;30mDEBUG[0m [32mjoining thread[0m
[2.201s] [34mcolcon.colcon_core.plugin_system[0m [1;30mINFO[0m Skipping extension 'colcon_notification.desktop_notification.terminal_notifier': Not used on non-Darwin systems
[2.201s] [34mcolcon.colcon_core.plugin_system[0m [1;30mINFO[0m Skipping extension 'colcon_notification.desktop_notification.win32': Not used on non-Windows systems
[2.201s] [34mcolcon.colcon_notification.desktop_notification[0m [1;30mINFO[0m Sending desktop notification using 'notify2'
[2.210s] [34mcolcon.colcon_core.event_reactor[0m [1;30mDEBUG[0m [32mjoined thread[0m
[2.210s] [34mcolcon.colcon_core.shell[0m [1;30mINFO[0m Creating prefix script '/home/javier/puzzlebot_ws/src/install/local_setup.ps1'
[2.212s] [34mcolcon.colcon_core.shell[0m [1;30mINFO[0m Creating prefix util module '/home/javier/puzzlebot_ws/src/install/_local_setup_util_ps1.py'
[2.214s] [34mcolcon.colcon_core.shell[0m [1;30mINFO[0m Creating prefix chain script '/home/javier/puzzlebot_ws/src/install/setup.ps1'
[2.215s] [34mcolcon.colcon_core.shell[0m [1;30mINFO[0m Creating prefix script '/home/javier/puzzlebot_ws/src/install/local_setup.sh'
[2.215s] [34mcolcon.colcon_core.shell[0m [1;30mINFO[0m Creating prefix util module '/home/javier/puzzlebot_ws/src/install/_local_setup_util_sh.py'
[2.216s] [34mcolcon.colcon_core.shell[0m [1;30mINFO[0m Creating prefix chain script '/home/javier/puzzlebot_ws/src/install/setup.sh'
[2.218s] [34mcolcon.colcon_core.shell[0m [1;30mINFO[0m Creating prefix script '/home/javier/puzzlebot_ws/src/install/local_setup.bash'
[2.218s] [34mcolcon.colcon_core.shell[0m [1;30mINFO[0m Creating prefix chain script '/home/javier/puzzlebot_ws/src/install/setup.bash'
[2.220s] [34mcolcon.colcon_core.shell[0m [1;30mINFO[0m Creating prefix script '/home/javier/puzzlebot_ws/src/install/local_setup.zsh'
[2.220s] [34mcolcon.colcon_core.shell[0m [1;30mINFO[0m Creating prefix chain script '/home/javier/puzzlebot_ws/src/install/setup.zsh'
