[1.063s] Invoking command in '/home/javier/puzzlebot_ws/src/robot_tf2_broadcaster': PYTHONPATH=/home/javier/puzzlebot_ws/src/build/robot_tf2_broadcaster/prefix_override:/home/javier/puzzlebot_ws/src/install/robot_tf2_broadcaster/lib/python3.10/site-packages:${PYTHONPATH} /usr/bin/python3 setup.py egg_info --egg-base ../build/robot_tf2_broadcaster build --build-base /home/javier/puzzlebot_ws/src/build/robot_tf2_broadcaster/build install --record /home/javier/puzzlebot_ws/src/build/robot_tf2_broadcaster/install.log --single-version-externally-managed
[1.291s] running egg_info
[1.292s] writing ../build/robot_tf2_broadcaster/robot_tf2_broadcaster.egg-info/PKG-INFO
[1.292s] writing dependency_links to ../build/robot_tf2_broadcaster/robot_tf2_broadcaster.egg-info/dependency_links.txt
[1.292s] writing entry points to ../build/robot_tf2_broadcaster/robot_tf2_broadcaster.egg-info/entry_points.txt
[1.292s] writing requirements to ../build/robot_tf2_broadcaster/robot_tf2_broadcaster.egg-info/requires.txt
[1.292s] writing top-level names to ../build/robot_tf2_broadcaster/robot_tf2_broadcaster.egg-info/top_level.txt
[1.294s] reading manifest file '../build/robot_tf2_broadcaster/robot_tf2_broadcaster.egg-info/SOURCES.txt'
[1.294s] adding license file 'LICENSE'
[1.294s] writing manifest file '../build/robot_tf2_broadcaster/robot_tf2_broadcaster.egg-info/SOURCES.txt'
[1.295s] running build
[1.295s] running build_py
[1.295s] copying robot_tf2_broadcaster/robot_tf2_broadcaster.py -> /home/javier/puzzlebot_ws/src/build/robot_tf2_broadcaster/build/lib/robot_tf2_broadcaster
[1.295s] running install
[1.295s] /usr/lib/python3/dist-packages/setuptools/command/install.py:34: SetuptoolsDeprecationWarning: setup.py install is deprecated. Use build and pip and other standards-based tools.
[1.295s]   warnings.warn(
[1.295s] running install_lib
[1.296s] copying /home/javier/puzzlebot_ws/src/build/robot_tf2_broadcaster/build/lib/robot_tf2_broadcaster/robot_tf2_broadcaster.py -> /home/javier/puzzlebot_ws/src/install/robot_tf2_broadcaster/lib/python3.10/site-packages/robot_tf2_broadcaster
[1.296s] byte-compiling /home/javier/puzzlebot_ws/src/install/robot_tf2_broadcaster/lib/python3.10/site-packages/robot_tf2_broadcaster/robot_tf2_broadcaster.py to robot_tf2_broadcaster.cpython-310.pyc
[1.297s] running install_data
[1.297s] running install_egg_info
[1.299s] removing '/home/javier/puzzlebot_ws/src/install/robot_tf2_broadcaster/lib/python3.10/site-packages/robot_tf2_broadcaster-0.0.0-py3.10.egg-info' (and everything under it)
[1.299s] Copying ../build/robot_tf2_broadcaster/robot_tf2_broadcaster.egg-info to /home/javier/puzzlebot_ws/src/install/robot_tf2_broadcaster/lib/python3.10/site-packages/robot_tf2_broadcaster-0.0.0-py3.10.egg-info
[1.300s] running install_scripts
[1.318s] Installing robot_tf2_broadcaster script to /home/javier/puzzlebot_ws/src/install/robot_tf2_broadcaster/lib/robot_tf2_broadcaster
[1.319s] writing list of installed files to '/home/javier/puzzlebot_ws/src/build/robot_tf2_broadcaster/install.log'
[1.340s] Invoked command in '/home/javier/puzzlebot_ws/src/robot_tf2_broadcaster' returned '0': PYTHONPATH=/home/javier/puzzlebot_ws/src/build/robot_tf2_broadcaster/prefix_override:/home/javier/puzzlebot_ws/src/install/robot_tf2_broadcaster/lib/python3.10/site-packages:${PYTHONPATH} /usr/bin/python3 setup.py egg_info --egg-base ../build/robot_tf2_broadcaster build --build-base /home/javier/puzzlebot_ws/src/build/robot_tf2_broadcaster/build install --record /home/javier/puzzlebot_ws/src/build/robot_tf2_broadcaster/install.log --single-version-externally-managed
