[1.070s] Invoking command in '/home/javier/puzzlebot_ws/src/puzzlebot_model': PYTHONPATH=/home/javier/puzzlebot_ws/src/build/puzzlebot_model/prefix_override:/home/javier/puzzlebot_ws/src/install/puzzlebot_model/lib/python3.10/site-packages:${PYTHONPATH} /usr/bin/python3 setup.py egg_info --egg-base ../build/puzzlebot_model build --build-base /home/javier/puzzlebot_ws/src/build/puzzlebot_model/build install --record /home/javier/puzzlebot_ws/src/build/puzzlebot_model/install.log --single-version-externally-managed
[1.288s] running egg_info
[1.289s] writing ../build/puzzlebot_model/puzzlebot_model.egg-info/PKG-INFO
[1.289s] writing dependency_links to ../build/puzzlebot_model/puzzlebot_model.egg-info/dependency_links.txt
[1.289s] writing entry points to ../build/puzzlebot_model/puzzlebot_model.egg-info/entry_points.txt
[1.289s] writing requirements to ../build/puzzlebot_model/puzzlebot_model.egg-info/requires.txt
[1.289s] writing top-level names to ../build/puzzlebot_model/puzzlebot_model.egg-info/top_level.txt
[1.291s] reading manifest file '../build/puzzlebot_model/puzzlebot_model.egg-info/SOURCES.txt'
[1.292s] writing manifest file '../build/puzzlebot_model/puzzlebot_model.egg-info/SOURCES.txt'
[1.292s] running build
[1.292s] running build_py
[1.293s] /usr/lib/python3/dist-packages/setuptools/command/install.py:34: SetuptoolsDeprecationWarning: setup.py install is deprecated. Use build and pip and other standards-based tools.
[1.293s]   warnings.warn(
[1.293s] running install
[1.293s] running install_lib
[1.294s] running install_data
[1.294s] running install_egg_info
[1.296s] removing '/home/javier/puzzlebot_ws/src/install/puzzlebot_model/lib/python3.10/site-packages/puzzlebot_model-0.0.0-py3.10.egg-info' (and everything under it)
[1.296s] Copying ../build/puzzlebot_model/puzzlebot_model.egg-info to /home/javier/puzzlebot_ws/src/install/puzzlebot_model/lib/python3.10/site-packages/puzzlebot_model-0.0.0-py3.10.egg-info
[1.297s] running install_scripts
[1.315s] writing list of installed files to '/home/javier/puzzlebot_ws/src/build/puzzlebot_model/install.log'
[1.336s] Invoked command in '/home/javier/puzzlebot_ws/src/puzzlebot_model' returned '0': PYTHONPATH=/home/javier/puzzlebot_ws/src/build/puzzlebot_model/prefix_override:/home/javier/puzzlebot_ws/src/install/puzzlebot_model/lib/python3.10/site-packages:${PYTHONPATH} /usr/bin/python3 setup.py egg_info --egg-base ../build/puzzlebot_model build --build-base /home/javier/puzzlebot_ws/src/build/puzzlebot_model/build install --record /home/javier/puzzlebot_ws/src/build/puzzlebot_model/install.log --single-version-externally-managed
