[1.309s] Invoking command in '/home/javier/puzzlebot_ws/src/robot_pose_estimator': PYTHONPATH=/home/javier/puzzlebot_ws/src/build/robot_pose_estimator/prefix_override:/usr/lib/python3/dist-packages/colcon_core/task/python/colcon_distutils_commands:/home/javier/puzzlebot_ws/src/install/robot_pose_estimator/lib/python3.10/site-packages:${PYTHONPATH} /usr/bin/python3 -W ignore:setup.py install is deprecated setup.py egg_info --egg-base ../build/robot_pose_estimator build --build-base /home/javier/puzzlebot_ws/src/build/robot_pose_estimator/build install --record /home/javier/puzzlebot_ws/src/build/robot_pose_estimator/install.log --single-version-externally-managed install_data
[1.463s] /home/javier/.local/lib/python3.10/site-packages/setuptools/_distutils/dist.py:268: UserWarning: Unknown distribution option: 'tests_require'
[1.463s]   warnings.warn(msg)
[1.583s] running egg_info
[1.602s] writing ../build/robot_pose_estimator/robot_pose_estimator.egg-info/PKG-INFO
[1.602s] writing dependency_links to ../build/robot_pose_estimator/robot_pose_estimator.egg-info/dependency_links.txt
[1.602s] writing entry points to ../build/robot_pose_estimator/robot_pose_estimator.egg-info/entry_points.txt
[1.603s] writing requirements to ../build/robot_pose_estimator/robot_pose_estimator.egg-info/requires.txt
[1.603s] writing top-level names to ../build/robot_pose_estimator/robot_pose_estimator.egg-info/top_level.txt
[1.643s] reading manifest file '../build/robot_pose_estimator/robot_pose_estimator.egg-info/SOURCES.txt'
[1.643s] adding license file 'LICENSE'
[1.644s] writing manifest file '../build/robot_pose_estimator/robot_pose_estimator.egg-info/SOURCES.txt'
[1.644s] running build
[1.644s] running build_py
[1.644s] copying robot_pose_estimator/robot_pose_estimator.py -> /home/javier/puzzlebot_ws/src/build/robot_pose_estimator/build/lib/robot_pose_estimator
[1.644s] copying robot_pose_estimator/__init__.py -> /home/javier/puzzlebot_ws/src/build/robot_pose_estimator/build/lib/robot_pose_estimator
[1.644s] running install
[1.649s] running install_lib
[1.668s] running install_data
[1.668s] copying resource/robot_pose_estimator -> /home/javier/puzzlebot_ws/src/install/robot_pose_estimator/share/ament_index/resource_index/packages
[1.669s] copying package.xml -> /home/javier/puzzlebot_ws/src/install/robot_pose_estimator/share/robot_pose_estimator
[1.669s] running install_egg_info
[1.689s] removing '/home/javier/puzzlebot_ws/src/install/robot_pose_estimator/lib/python3.10/site-packages/robot_pose_estimator-0.0.0-py3.10.egg-info' (and everything under it)
[1.689s] Copying ../build/robot_pose_estimator/robot_pose_estimator.egg-info to /home/javier/puzzlebot_ws/src/install/robot_pose_estimator/lib/python3.10/site-packages/robot_pose_estimator-0.0.0-py3.10.egg-info
[1.690s] running install_scripts
[1.838s] Installing robot_pose_estimator script to /home/javier/puzzlebot_ws/src/install/robot_pose_estimator/lib/robot_pose_estimator
[1.839s] writing list of installed files to '/home/javier/puzzlebot_ws/src/build/robot_pose_estimator/install.log'
[1.874s] Invoked command in '/home/javier/puzzlebot_ws/src/robot_pose_estimator' returned '0': PYTHONPATH=/home/javier/puzzlebot_ws/src/build/robot_pose_estimator/prefix_override:/usr/lib/python3/dist-packages/colcon_core/task/python/colcon_distutils_commands:/home/javier/puzzlebot_ws/src/install/robot_pose_estimator/lib/python3.10/site-packages:${PYTHONPATH} /usr/bin/python3 -W ignore:setup.py install is deprecated setup.py egg_info --egg-base ../build/robot_pose_estimator build --build-base /home/javier/puzzlebot_ws/src/build/robot_pose_estimator/build install --record /home/javier/puzzlebot_ws/src/build/robot_pose_estimator/install.log --single-version-externally-managed install_data
