[1.836s] DEBUG:colcon:Command line arguments: ['/usr/bin/colcon', 'build']
[1.836s] DEBUG:colcon:Parsed command line arguments: Namespace(log_base=None, log_level=None, verb_name='build', build_base='build', install_base='install', merge_install=False, symlink_install=False, test_result_base=None, continue_on_error=False, executor='parallel', parallel_workers=12, event_handlers=None, ignore_user_meta=False, metas=['./colcon.meta'], base_paths=['.'], packages_ignore=None, packages_ignore_regex=None, paths=None, packages_up_to=None, packages_up_to_regex=None, packages_above=None, packages_above_and_dependencies=None, packages_above_depth=None, packages_select_by_dep=None, packages_skip_by_dep=None, packages_skip_up_to=None, packages_select_build_failed=False, packages_skip_build_finished=False, packages_select_test_failures=False, packages_skip_test_passed=False, packages_select=None, packages_skip=None, packages_select_regex=None, packages_skip_regex=None, packages_start=None, packages_end=None, allow_overriding=[], cmake_args=None, cmake_target=None, cmake_target_skip_unavailable=False, cmake_clean_cache=False, cmake_clean_first=False, cmake_force_configure=False, ament_cmake_args=None, catkin_cmake_args=None, catkin_skip_building_tests=False, verb_parser=<colcon_defaults.argument_parser.defaults.DefaultArgumentsDecorator object at 0x7303f52b2740>, verb_extension=<colcon_core.verb.build.BuildVerb object at 0x7303f554aa10>, main=<bound method BuildVerb.main of <colcon_core.verb.build.BuildVerb object at 0x7303f554aa10>>)
[2.072s] Level 1:colcon.colcon_core.package_discovery:discover_packages(colcon_meta) check parameters
[2.072s] Level 1:colcon.colcon_core.package_discovery:discover_packages(recursive) check parameters
[2.072s] Level 1:colcon.colcon_core.package_discovery:discover_packages(ignore) check parameters
[2.072s] Level 1:colcon.colcon_core.package_discovery:discover_packages(path) check parameters
[2.072s] Level 1:colcon.colcon_core.package_discovery:discover_packages(colcon_meta) discover
[2.072s] Level 1:colcon.colcon_core.package_discovery:discover_packages(recursive) discover
[2.072s] INFO:colcon.colcon_core.package_discovery:Crawling recursively for packages in '/home/javier/puzzlebot_ws/src'
[2.073s] Level 1:colcon.colcon_core.package_identification:_identify(.) by extensions ['ignore', 'ignore_ament_install']
[2.073s] Level 1:colcon.colcon_core.package_identification:_identify(.) by extension 'ignore'
[2.073s] Level 1:colcon.colcon_core.package_identification:_identify(.) by extension 'ignore_ament_install'
[2.073s] Level 1:colcon.colcon_core.package_identification:_identify(.) by extensions ['colcon_pkg']
[2.073s] Level 1:colcon.colcon_core.package_identification:_identify(.) by extension 'colcon_pkg'
[2.073s] Level 1:colcon.colcon_core.package_identification:_identify(.) by extensions ['colcon_meta']
[2.074s] Level 1:colcon.colcon_core.package_identification:_identify(.) by extension 'colcon_meta'
[2.074s] Level 1:colcon.colcon_core.package_identification:_identify(.) by extensions ['ros']
[2.074s] Level 1:colcon.colcon_core.package_identification:_identify(.) by extension 'ros'
[2.083s] Level 1:colcon.colcon_core.package_identification:_identify(.) by extensions ['cmake', 'python']
[2.083s] Level 1:colcon.colcon_core.package_identification:_identify(.) by extension 'cmake'
[2.083s] Level 1:colcon.colcon_core.package_identification:_identify(.) by extension 'python'
[2.083s] Level 1:colcon.colcon_core.package_identification:_identify(.) by extensions ['python_setup_py']
[2.083s] Level 1:colcon.colcon_core.package_identification:_identify(.) by extension 'python_setup_py'
[2.083s] Level 1:colcon.colcon_core.package_identification:_identify(build) by extensions ['ignore', 'ignore_ament_install']
[2.083s] Level 1:colcon.colcon_core.package_identification:_identify(build) by extension 'ignore'
[2.084s] Level 1:colcon.colcon_core.package_identification:_identify(build) ignored
[2.084s] Level 1:colcon.colcon_core.package_identification:_identify(install) by extensions ['ignore', 'ignore_ament_install']
[2.084s] Level 1:colcon.colcon_core.package_identification:_identify(install) by extension 'ignore'
[2.084s] Level 1:colcon.colcon_core.package_identification:_identify(install) ignored
[2.084s] Level 1:colcon.colcon_core.package_identification:_identify(log) by extensions ['ignore', 'ignore_ament_install']
[2.084s] Level 1:colcon.colcon_core.package_identification:_identify(log) by extension 'ignore'
[2.084s] Level 1:colcon.colcon_core.package_identification:_identify(log) ignored
[2.084s] Level 1:colcon.colcon_core.package_identification:_identify(puzzlebot_model) by extensions ['ignore', 'ignore_ament_install']
[2.084s] Level 1:colcon.colcon_core.package_identification:_identify(puzzlebot_model) by extension 'ignore'
[2.084s] Level 1:colcon.colcon_core.package_identification:_identify(puzzlebot_model) by extension 'ignore_ament_install'
[2.084s] Level 1:colcon.colcon_core.package_identification:_identify(puzzlebot_model) by extensions ['colcon_pkg']
[2.084s] Level 1:colcon.colcon_core.package_identification:_identify(puzzlebot_model) by extension 'colcon_pkg'
[2.084s] Level 1:colcon.colcon_core.package_identification:_identify(puzzlebot_model) by extensions ['colcon_meta']
[2.084s] Level 1:colcon.colcon_core.package_identification:_identify(puzzlebot_model) by extension 'colcon_meta'
[2.084s] Level 1:colcon.colcon_core.package_identification:_identify(puzzlebot_model) by extensions ['ros']
[2.084s] Level 1:colcon.colcon_core.package_identification:_identify(puzzlebot_model) by extension 'ros'
[2.125s] DEBUG:colcon.colcon_core.package_identification:Package 'puzzlebot_model' with type 'ros.ament_python' and name 'puzzlebot_model'
[2.125s] Level 1:colcon.colcon_core.package_identification:_identify(robot_tf2_broadcaster) by extensions ['ignore', 'ignore_ament_install']
[2.125s] Level 1:colcon.colcon_core.package_identification:_identify(robot_tf2_broadcaster) by extension 'ignore'
[2.125s] Level 1:colcon.colcon_core.package_identification:_identify(robot_tf2_broadcaster) by extension 'ignore_ament_install'
[2.125s] Level 1:colcon.colcon_core.package_identification:_identify(robot_tf2_broadcaster) by extensions ['colcon_pkg']
[2.125s] Level 1:colcon.colcon_core.package_identification:_identify(robot_tf2_broadcaster) by extension 'colcon_pkg'
[2.125s] Level 1:colcon.colcon_core.package_identification:_identify(robot_tf2_broadcaster) by extensions ['colcon_meta']
[2.125s] Level 1:colcon.colcon_core.package_identification:_identify(robot_tf2_broadcaster) by extension 'colcon_meta'
[2.125s] Level 1:colcon.colcon_core.package_identification:_identify(robot_tf2_broadcaster) by extensions ['ros']
[2.125s] Level 1:colcon.colcon_core.package_identification:_identify(robot_tf2_broadcaster) by extension 'ros'
[2.126s] DEBUG:colcon.colcon_core.package_identification:Package 'robot_tf2_broadcaster' with type 'ros.ament_python' and name 'robot_tf2_broadcaster'
[2.126s] Level 1:colcon.colcon_core.package_discovery:discover_packages(recursive) using defaults
[2.126s] Level 1:colcon.colcon_core.package_discovery:discover_packages(ignore) discover
[2.126s] Level 1:colcon.colcon_core.package_discovery:discover_packages(ignore) using defaults
[2.126s] Level 1:colcon.colcon_core.package_discovery:discover_packages(path) discover
[2.126s] Level 1:colcon.colcon_core.package_discovery:discover_packages(path) using defaults
[2.293s] Level 1:colcon.colcon_core.package_discovery:discover_packages(prefix_path) check parameters
[2.293s] Level 1:colcon.colcon_core.package_discovery:discover_packages(prefix_path) discover
[2.327s] DEBUG:colcon.colcon_installed_package_information.package_discovery:Found 2 installed packages in /home/javier/puzzlebot_ws/install
[2.342s] DEBUG:colcon.colcon_installed_package_information.package_discovery:Found 288 installed packages in /opt/ros/humble
[2.349s] Level 1:colcon.colcon_core.package_discovery:discover_packages(prefix_path) using defaults
[2.433s] Level 5:colcon.colcon_core.verb:set package 'puzzlebot_model' build argument 'cmake_args' from command line to 'None'
[2.433s] Level 5:colcon.colcon_core.verb:set package 'puzzlebot_model' build argument 'cmake_target' from command line to 'None'
[2.433s] Level 5:colcon.colcon_core.verb:set package 'puzzlebot_model' build argument 'cmake_target_skip_unavailable' from command line to 'False'
[2.433s] Level 5:colcon.colcon_core.verb:set package 'puzzlebot_model' build argument 'cmake_clean_cache' from command line to 'False'
[2.433s] Level 5:colcon.colcon_core.verb:set package 'puzzlebot_model' build argument 'cmake_clean_first' from command line to 'False'
[2.433s] Level 5:colcon.colcon_core.verb:set package 'puzzlebot_model' build argument 'cmake_force_configure' from command line to 'False'
[2.433s] Level 5:colcon.colcon_core.verb:set package 'puzzlebot_model' build argument 'ament_cmake_args' from command line to 'None'
[2.433s] Level 5:colcon.colcon_core.verb:set package 'puzzlebot_model' build argument 'catkin_cmake_args' from command line to 'None'
[2.433s] Level 5:colcon.colcon_core.verb:set package 'puzzlebot_model' build argument 'catkin_skip_building_tests' from command line to 'False'
[2.433s] DEBUG:colcon.colcon_core.verb:Building package 'puzzlebot_model' with the following arguments: {'ament_cmake_args': None, 'build_base': '/home/javier/puzzlebot_ws/src/build/puzzlebot_model', 'catkin_cmake_args': None, 'catkin_skip_building_tests': False, 'cmake_args': None, 'cmake_clean_cache': False, 'cmake_clean_first': False, 'cmake_force_configure': False, 'cmake_target': None, 'cmake_target_skip_unavailable': False, 'install_base': '/home/javier/puzzlebot_ws/src/install/puzzlebot_model', 'merge_install': False, 'path': '/home/javier/puzzlebot_ws/src/puzzlebot_model', 'symlink_install': False, 'test_result_base': None}
[2.452s] Level 5:colcon.colcon_core.verb:set package 'robot_tf2_broadcaster' build argument 'cmake_args' from command line to 'None'
[2.452s] Level 5:colcon.colcon_core.verb:set package 'robot_tf2_broadcaster' build argument 'cmake_target' from command line to 'None'
[2.452s] Level 5:colcon.colcon_core.verb:set package 'robot_tf2_broadcaster' build argument 'cmake_target_skip_unavailable' from command line to 'False'
[2.452s] Level 5:colcon.colcon_core.verb:set package 'robot_tf2_broadcaster' build argument 'cmake_clean_cache' from command line to 'False'
[2.452s] Level 5:colcon.colcon_core.verb:set package 'robot_tf2_broadcaster' build argument 'cmake_clean_first' from command line to 'False'
[2.452s] Level 5:colcon.colcon_core.verb:set package 'robot_tf2_broadcaster' build argument 'cmake_force_configure' from command line to 'False'
[2.452s] Level 5:colcon.colcon_core.verb:set package 'robot_tf2_broadcaster' build argument 'ament_cmake_args' from command line to 'None'
[2.452s] Level 5:colcon.colcon_core.verb:set package 'robot_tf2_broadcaster' build argument 'catkin_cmake_args' from command line to 'None'
[2.452s] Level 5:colcon.colcon_core.verb:set package 'robot_tf2_broadcaster' build argument 'catkin_skip_building_tests' from command line to 'False'
[2.452s] DEBUG:colcon.colcon_core.verb:Building package 'robot_tf2_broadcaster' with the following arguments: {'ament_cmake_args': None, 'build_base': '/home/javier/puzzlebot_ws/src/build/robot_tf2_broadcaster', 'catkin_cmake_args': None, 'catkin_skip_building_tests': False, 'cmake_args': None, 'cmake_clean_cache': False, 'cmake_clean_first': False, 'cmake_force_configure': False, 'cmake_target': None, 'cmake_target_skip_unavailable': False, 'install_base': '/home/javier/puzzlebot_ws/src/install/robot_tf2_broadcaster', 'merge_install': False, 'path': '/home/javier/puzzlebot_ws/src/robot_tf2_broadcaster', 'symlink_install': False, 'test_result_base': None}
[2.470s] INFO:colcon.colcon_core.executor:Executing jobs using 'parallel' executor
[2.486s] DEBUG:colcon.colcon_parallel_executor.executor.parallel:run_until_complete
[2.486s] INFO:colcon.colcon_ros.task.ament_python.build:Building ROS package in '/home/javier/puzzlebot_ws/src/puzzlebot_model' with build type 'ament_python'
[2.487s] Level 1:colcon.colcon_core.shell:create_environment_hook('puzzlebot_model', 'ament_prefix_path')
[2.506s] INFO:colcon.colcon_core.plugin_system:Skipping extension 'colcon_core.shell.bat': Not used on non-Windows systems
[2.506s] INFO:colcon.colcon_core.shell:Creating environment hook '/home/javier/puzzlebot_ws/src/install/puzzlebot_model/share/puzzlebot_model/hook/ament_prefix_path.ps1'
[2.507s] INFO:colcon.colcon_core.shell:Creating environment descriptor '/home/javier/puzzlebot_ws/src/install/puzzlebot_model/share/puzzlebot_model/hook/ament_prefix_path.dsv'
[2.508s] INFO:colcon.colcon_core.shell:Creating environment hook '/home/javier/puzzlebot_ws/src/install/puzzlebot_model/share/puzzlebot_model/hook/ament_prefix_path.sh'
[2.524s] INFO:colcon.colcon_core.shell:Skip shell extension 'powershell' for command environment: Not usable outside of PowerShell
[2.524s] DEBUG:colcon.colcon_core.shell:Skip shell extension 'dsv' for command environment
[2.572s] INFO:colcon.colcon_ros.task.ament_python.build:Building ROS package in '/home/javier/puzzlebot_ws/src/robot_tf2_broadcaster' with build type 'ament_python'
[2.572s] Level 1:colcon.colcon_core.shell:create_environment_hook('robot_tf2_broadcaster', 'ament_prefix_path')
[2.588s] INFO:colcon.colcon_core.shell:Creating environment hook '/home/javier/puzzlebot_ws/src/install/robot_tf2_broadcaster/share/robot_tf2_broadcaster/hook/ament_prefix_path.ps1'
[2.589s] INFO:colcon.colcon_core.shell:Creating environment descriptor '/home/javier/puzzlebot_ws/src/install/robot_tf2_broadcaster/share/robot_tf2_broadcaster/hook/ament_prefix_path.dsv'
[2.589s] INFO:colcon.colcon_core.shell:Creating environment hook '/home/javier/puzzlebot_ws/src/install/robot_tf2_broadcaster/share/robot_tf2_broadcaster/hook/ament_prefix_path.sh'
[2.605s] INFO:colcon.colcon_core.shell:Skip shell extension 'powershell' for command environment: Not usable outside of PowerShell
[2.605s] DEBUG:colcon.colcon_core.shell:Skip shell extension 'dsv' for command environment
[2.877s] INFO:colcon.colcon_core.task.python.build:Building Python package in '/home/javier/puzzlebot_ws/src/puzzlebot_model'
[2.893s] INFO:colcon.colcon_core.shell:Skip shell extension 'powershell' for command environment: Not usable outside of PowerShell
[2.893s] DEBUG:colcon.colcon_core.shell:Skip shell extension 'dsv' for command environment
[3.182s] INFO:colcon.colcon_core.task.python.build:Building Python package in '/home/javier/puzzlebot_ws/src/robot_tf2_broadcaster'
[3.200s] INFO:colcon.colcon_core.shell:Skip shell extension 'powershell' for command environment: Not usable outside of PowerShell
[3.200s] DEBUG:colcon.colcon_core.shell:Skip shell extension 'dsv' for command environment
[3.884s] DEBUG:colcon.colcon_core.event_handler.log_command:Invoking command in '/home/javier/puzzlebot_ws/src/robot_tf2_broadcaster': PYTHONPATH=/home/javier/puzzlebot_ws/src/build/robot_tf2_broadcaster/prefix_override:/home/javier/puzzlebot_ws/src/install/robot_tf2_broadcaster/lib/python3.10/site-packages:${PYTHONPATH} /usr/bin/python3 setup.py egg_info --egg-base ../build/robot_tf2_broadcaster build --build-base /home/javier/puzzlebot_ws/src/build/robot_tf2_broadcaster/build install --record /home/javier/puzzlebot_ws/src/build/robot_tf2_broadcaster/install.log --single-version-externally-managed
[3.888s] DEBUG:colcon.colcon_core.event_handler.log_command:Invoking command in '/home/javier/puzzlebot_ws/src/puzzlebot_model': PYTHONPATH=/home/javier/puzzlebot_ws/src/build/puzzlebot_model/prefix_override:/home/javier/puzzlebot_ws/src/install/puzzlebot_model/lib/python3.10/site-packages:${PYTHONPATH} /usr/bin/python3 setup.py egg_info --egg-base ../build/puzzlebot_model build --build-base /home/javier/puzzlebot_ws/src/build/puzzlebot_model/build install --record /home/javier/puzzlebot_ws/src/build/puzzlebot_model/install.log --single-version-externally-managed
[4.164s] DEBUG:colcon.colcon_core.event_handler.log_command:Invoked command in '/home/javier/puzzlebot_ws/src/robot_tf2_broadcaster' returned '0': PYTHONPATH=/home/javier/puzzlebot_ws/src/build/robot_tf2_broadcaster/prefix_override:/home/javier/puzzlebot_ws/src/install/robot_tf2_broadcaster/lib/python3.10/site-packages:${PYTHONPATH} /usr/bin/python3 setup.py egg_info --egg-base ../build/robot_tf2_broadcaster build --build-base /home/javier/puzzlebot_ws/src/build/robot_tf2_broadcaster/build install --record /home/javier/puzzlebot_ws/src/build/robot_tf2_broadcaster/install.log --single-version-externally-managed
[4.210s] Level 1:colcon.colcon_core.environment:checking '/home/javier/puzzlebot_ws/src/install/robot_tf2_broadcaster' for CMake module files
[4.211s] Level 1:colcon.colcon_core.environment:checking '/home/javier/puzzlebot_ws/src/install/robot_tf2_broadcaster' for CMake config files
[4.213s] Level 1:colcon.colcon_core.environment:checking '/home/javier/puzzlebot_ws/src/install/robot_tf2_broadcaster/lib'
[4.214s] Level 1:colcon.colcon_core.environment:checking '/home/javier/puzzlebot_ws/src/install/robot_tf2_broadcaster/bin'
[4.214s] Level 1:colcon.colcon_core.environment:checking '/home/javier/puzzlebot_ws/src/install/robot_tf2_broadcaster/lib/pkgconfig/robot_tf2_broadcaster.pc'
[4.215s] Level 1:colcon.colcon_core.environment:checking '/home/javier/puzzlebot_ws/src/install/robot_tf2_broadcaster/lib/python3.10/site-packages'
[4.216s] Level 1:colcon.colcon_core.shell:create_environment_hook('robot_tf2_broadcaster', 'pythonpath')
[4.251s] INFO:colcon.colcon_core.shell:Creating environment hook '/home/javier/puzzlebot_ws/src/install/robot_tf2_broadcaster/share/robot_tf2_broadcaster/hook/pythonpath.ps1'
[4.251s] INFO:colcon.colcon_core.shell:Creating environment descriptor '/home/javier/puzzlebot_ws/src/install/robot_tf2_broadcaster/share/robot_tf2_broadcaster/hook/pythonpath.dsv'
[4.252s] INFO:colcon.colcon_core.shell:Creating environment hook '/home/javier/puzzlebot_ws/src/install/robot_tf2_broadcaster/share/robot_tf2_broadcaster/hook/pythonpath.sh'
[4.252s] Level 1:colcon.colcon_core.environment:checking '/home/javier/puzzlebot_ws/src/install/robot_tf2_broadcaster/bin'
[4.252s] Level 1:colcon.colcon_core.environment:create_environment_scripts_only(robot_tf2_broadcaster)
[4.269s] INFO:colcon.colcon_core.shell:Creating package script '/home/javier/puzzlebot_ws/src/install/robot_tf2_broadcaster/share/robot_tf2_broadcaster/package.ps1'
[4.272s] INFO:colcon.colcon_core.shell:Creating package descriptor '/home/javier/puzzlebot_ws/src/install/robot_tf2_broadcaster/share/robot_tf2_broadcaster/package.dsv'
[4.273s] INFO:colcon.colcon_core.shell:Creating package script '/home/javier/puzzlebot_ws/src/install/robot_tf2_broadcaster/share/robot_tf2_broadcaster/package.sh'
[4.274s] INFO:colcon.colcon_core.shell:Creating package script '/home/javier/puzzlebot_ws/src/install/robot_tf2_broadcaster/share/robot_tf2_broadcaster/package.bash'
[4.276s] INFO:colcon.colcon_core.shell:Creating package script '/home/javier/puzzlebot_ws/src/install/robot_tf2_broadcaster/share/robot_tf2_broadcaster/package.zsh'
[4.277s] Level 1:colcon.colcon_core.environment:create_file_with_runtime_dependencies(/home/javier/puzzlebot_ws/src/install/robot_tf2_broadcaster/share/colcon-core/packages/robot_tf2_broadcaster)
[4.403s] DEBUG:colcon.colcon_core.event_handler.log_command:Invoked command in '/home/javier/puzzlebot_ws/src/puzzlebot_model' returned '0': PYTHONPATH=/home/javier/puzzlebot_ws/src/build/puzzlebot_model/prefix_override:/home/javier/puzzlebot_ws/src/install/puzzlebot_model/lib/python3.10/site-packages:${PYTHONPATH} /usr/bin/python3 setup.py egg_info --egg-base ../build/puzzlebot_model build --build-base /home/javier/puzzlebot_ws/src/build/puzzlebot_model/build install --record /home/javier/puzzlebot_ws/src/build/puzzlebot_model/install.log --single-version-externally-managed
[4.419s] Level 1:colcon.colcon_core.environment:checking '/home/javier/puzzlebot_ws/src/install/puzzlebot_model' for CMake module files
[4.420s] Level 1:colcon.colcon_core.environment:checking '/home/javier/puzzlebot_ws/src/install/puzzlebot_model' for CMake config files
[4.420s] Level 1:colcon.colcon_core.environment:checking '/home/javier/puzzlebot_ws/src/install/puzzlebot_model/lib'
[4.420s] Level 1:colcon.colcon_core.environment:checking '/home/javier/puzzlebot_ws/src/install/puzzlebot_model/bin'
[4.420s] Level 1:colcon.colcon_core.environment:checking '/home/javier/puzzlebot_ws/src/install/puzzlebot_model/lib/pkgconfig/puzzlebot_model.pc'
[4.420s] Level 1:colcon.colcon_core.environment:checking '/home/javier/puzzlebot_ws/src/install/puzzlebot_model/lib/python3.10/site-packages'
[4.420s] Level 1:colcon.colcon_core.shell:create_environment_hook('puzzlebot_model', 'pythonpath')
[4.436s] INFO:colcon.colcon_core.shell:Creating environment hook '/home/javier/puzzlebot_ws/src/install/puzzlebot_model/share/puzzlebot_model/hook/pythonpath.ps1'
[4.436s] INFO:colcon.colcon_core.shell:Creating environment descriptor '/home/javier/puzzlebot_ws/src/install/puzzlebot_model/share/puzzlebot_model/hook/pythonpath.dsv'
[4.436s] INFO:colcon.colcon_core.shell:Creating environment hook '/home/javier/puzzlebot_ws/src/install/puzzlebot_model/share/puzzlebot_model/hook/pythonpath.sh'
[4.437s] Level 1:colcon.colcon_core.environment:checking '/home/javier/puzzlebot_ws/src/install/puzzlebot_model/bin'
[4.437s] Level 1:colcon.colcon_core.environment:create_environment_scripts_only(puzzlebot_model)
[4.452s] INFO:colcon.colcon_core.shell:Creating package script '/home/javier/puzzlebot_ws/src/install/puzzlebot_model/share/puzzlebot_model/package.ps1'
[4.452s] INFO:colcon.colcon_core.shell:Creating package descriptor '/home/javier/puzzlebot_ws/src/install/puzzlebot_model/share/puzzlebot_model/package.dsv'
[4.452s] INFO:colcon.colcon_core.shell:Creating package script '/home/javier/puzzlebot_ws/src/install/puzzlebot_model/share/puzzlebot_model/package.sh'
[4.453s] INFO:colcon.colcon_core.shell:Creating package script '/home/javier/puzzlebot_ws/src/install/puzzlebot_model/share/puzzlebot_model/package.bash'
[4.453s] INFO:colcon.colcon_core.shell:Creating package script '/home/javier/puzzlebot_ws/src/install/puzzlebot_model/share/puzzlebot_model/package.zsh'
[4.453s] Level 1:colcon.colcon_core.environment:create_file_with_runtime_dependencies(/home/javier/puzzlebot_ws/src/install/puzzlebot_model/share/colcon-core/packages/puzzlebot_model)
[4.453s] DEBUG:colcon.colcon_parallel_executor.executor.parallel:closing loop
[4.453s] DEBUG:colcon.colcon_parallel_executor.executor.parallel:loop closed
[4.453s] DEBUG:colcon.colcon_parallel_executor.executor.parallel:run_until_complete finished with '0'
[4.454s] DEBUG:colcon.colcon_core.event_reactor:joining thread
[4.476s] INFO:colcon.colcon_core.plugin_system:Skipping extension 'colcon_notification.desktop_notification.terminal_notifier': Not used on non-Darwin systems
[4.476s] INFO:colcon.colcon_core.plugin_system:Skipping extension 'colcon_notification.desktop_notification.win32': Not used on non-Windows systems
[4.476s] INFO:colcon.colcon_notification.desktop_notification:Sending desktop notification using 'notify2'
[4.487s] DEBUG:colcon.colcon_core.event_reactor:joined thread
[4.504s] INFO:colcon.colcon_core.shell:Creating prefix script '/home/javier/puzzlebot_ws/src/install/local_setup.ps1'
[4.505s] INFO:colcon.colcon_core.shell:Creating prefix util module '/home/javier/puzzlebot_ws/src/install/_local_setup_util_ps1.py'
[4.507s] INFO:colcon.colcon_core.shell:Creating prefix chain script '/home/javier/puzzlebot_ws/src/install/setup.ps1'
[4.524s] INFO:colcon.colcon_core.shell:Creating prefix script '/home/javier/puzzlebot_ws/src/install/local_setup.sh'
[4.525s] INFO:colcon.colcon_core.shell:Creating prefix util module '/home/javier/puzzlebot_ws/src/install/_local_setup_util_sh.py'
[4.525s] INFO:colcon.colcon_core.shell:Creating prefix chain script '/home/javier/puzzlebot_ws/src/install/setup.sh'
[4.541s] INFO:colcon.colcon_core.shell:Creating prefix script '/home/javier/puzzlebot_ws/src/install/local_setup.bash'
[4.542s] INFO:colcon.colcon_core.shell:Creating prefix chain script '/home/javier/puzzlebot_ws/src/install/setup.bash'
[4.559s] INFO:colcon.colcon_core.shell:Creating prefix script '/home/javier/puzzlebot_ws/src/install/local_setup.zsh'
[4.559s] INFO:colcon.colcon_core.shell:Creating prefix chain script '/home/javier/puzzlebot_ws/src/install/setup.zsh'
